Resource Usage Report for m2s010_som 

Mapping to part: m2s060tfcsbga325std
Cell usage:
CCC             2 uses
CLKINT          21 uses
MSS_060         1 use
MX2             2 uses
RCOSC_25_50MHZ  1 use
RCOSC_25_50MHZ_FAB  1 use
SYSRESET        1 use
UJTAG           1 use
XTLOSC          1 use
CFG1           33 uses
CFG2           340 uses
CFG3           772 uses
CFG4           1629 uses

Carry cells:
ARI1            625 uses - used for arithmetic functions
ARI1            68 uses - used for Wide-Mux implementation
Total ARI1      693 uses


Sequential Cells: 
SLE            3493 uses

DSP Blocks:    0 of 72 (0%)

I/O ports: 131
I/O primitives: 122
BIBUF          43 uses
INBUF          25 uses
OUTBUF         50 uses
OUTBUF_DIFF    1 use
TRIBUFF        3 uses


Global Clock Buffers: 21 of 8 (262%)


Total LUTs:    3467

Extra resources required for RAM and MACC interface logic during P&R:

RAM64x18 Interface Logic : SLEs = 0; LUTs = 0;
RAM1K18  Interface Logic : SLEs = 2016; LUTs = 2016;
MACC     Interface Logic : SLEs = 0; LUTs = 0;

Total number of SLEs after P&R:  3493 + 0 + 2016 + 0 = 5509;
Total number of LUTs after P&R:  3467 + 0 + 2016 + 0 = 5483;

