C:\Microsemi\Libero_SoC_v11.8\SynplifyPro\bin64\c_hdl.exe  -osyn  C:\Users\gcallsen\Documents\GitHubBF\PPI.SOC.FPGAv2.0\synthesis\FPGA_PHY_IRAIL_DEBUG\synwork\m2s010_som_comp.srs  -top  work.m2s010_som  -hdllog  C:\Users\gcallsen\Documents\GitHubBF\PPI.SOC.FPGAv2.0\synthesis\FPGA_PHY_IRAIL_DEBUG\synlog\m2s010_som_compiler.srr  -encrypt  -mp  4  -verification_mode 0  -instrdir  C:\Users\gcallsen\Documents\GitHubBF\PPI.SOC.FPGAv2.0\synthesis\FPGA_PHY_IRAIL_DEBUG\instr_sources  -srs_instrumentation  -vhdl  -prodtype  synplify_pro  -infer_seqShift -primux -dspmac -pqdpadd -fixsmult -sdff_counter -divnmod -nram  -encrypt  -pro  -dmgen  C:\Users\gcallsen\Documents\GitHubBF\PPI.SOC.FPGAv2.0\synthesis\FPGA_PHY_IRAIL_DEBUG\dm  -lite -ui -fid2 -ram -sharing on -ll 2000 -autosm  -vhdl2008  -srs_instrumentation  -ignore_undefined_lib  -lib work C:\Users\gcallsen\Documents\GitHubBF\PPI.SOC.FPGAv2.0\hdl\IdleLineDetector.vhd -lib work C:\Users\gcallsen\Documents\GitHubBF\PPI.SOC.FPGAv2.0\hdl\BitDetector.vhd -lib COREFIFO_LIB C:\Users\gcallsen\Documents\GitHubBF\PPI.SOC.FPGAv2.0\component\work\CLOCK_DOMAIN_BUFFER\CLOCK_DOMAIN_BUFFER_0\rtl\vhdl\core\corefifo_doubleSync.vhd -lib COREFIFO_LIB C:\Users\gcallsen\Documents\GitHubBF\PPI.SOC.FPGAv2.0\component\work\CLOCK_DOMAIN_BUFFER\CLOCK_DOMAIN_BUFFER_0\rtl\vhdl\core\corefifo_grayToBinConv.vhd -lib COREFIFO_LIB C:\Users\gcallsen\Documents\GitHubBF\PPI.SOC.FPGAv2.0\component\Actel\DirectCore\COREFIFO\2.6.108\rtl\vhdl\core\fifo_pkg.vhd -lib COREFIFO_LIB C:\Users\gcallsen\Documents\GitHubBF\PPI.SOC.FPGAv2.0\component\work\CLOCK_DOMAIN_BUFFER\CLOCK_DOMAIN_BUFFER_0\rtl\vhdl\core\corefifo_async.vhd -lib COREFIFO_LIB C:\Users\gcallsen\Documents\GitHubBF\PPI.SOC.FPGAv2.0\component\work\CLOCK_DOMAIN_BUFFER\CLOCK_DOMAIN_BUFFER_0\rtl\vhdl\core\corefifo_fwft.vhd -lib COREFIFO_LIB C:\Users\gcallsen\Documents\GitHubBF\PPI.SOC.FPGAv2.0\component\work\CLOCK_DOMAIN_BUFFER\CLOCK_DOMAIN_BUFFER_0\rtl\vhdl\core\corefifo_sync.vhd -lib COREFIFO_LIB C:\Users\gcallsen\Documents\GitHubBF\PPI.SOC.FPGAv2.0\component\work\CLOCK_DOMAIN_BUFFER\CLOCK_DOMAIN_BUFFER_0\rtl\vhdl\core\corefifo_sync_scntr.vhd -lib COREFIFO_LIB C:\Users\gcallsen\Documents\GitHubBF\PPI.SOC.FPGAv2.0\component\work\CLOCK_DOMAIN_BUFFER\CLOCK_DOMAIN_BUFFER_0\rtl\vhdl\core\CLOCK_DOMAIN_BUFFER_CLOCK_DOMAIN_BUFFER_0_USRAM_top.vhd -lib COREFIFO_LIB C:\Users\gcallsen\Documents\GitHubBF\PPI.SOC.FPGAv2.0\component\work\CLOCK_DOMAIN_BUFFER\CLOCK_DOMAIN_BUFFER_0\rtl\vhdl\core\CLOCK_DOMAIN_BUFFER_CLOCK_DOMAIN_BUFFER_0_ram_wrapper.vhd -lib COREFIFO_LIB C:\Users\gcallsen\Documents\GitHubBF\PPI.SOC.FPGAv2.0\component\work\CLOCK_DOMAIN_BUFFER\CLOCK_DOMAIN_BUFFER_0\rtl\vhdl\core\COREFIFO.vhd -lib work C:\Users\gcallsen\Documents\GitHubBF\PPI.SOC.FPGAv2.0\component\work\CLOCK_DOMAIN_BUFFER\CLOCK_DOMAIN_BUFFER.vhd -lib work C:\Users\gcallsen\Documents\GitHubBF\PPI.SOC.FPGAv2.0\hdl\RX_SM.vhd -lib work C:\Users\gcallsen\Documents\GitHubBF\PPI.SOC.FPGAv2.0\hdl\ManchesDecoder_Adapter.vhd -lib work C:\Users\gcallsen\Documents\GitHubBF\PPI.SOC.FPGAv2.0\hdl\ManchesDecoder2.vhd -lib work C:\Users\gcallsen\Documents\GitHubBF\PPI.SOC.FPGAv2.0\hdl\Edge_Detect.vhd -lib work C:\Users\gcallsen\Documents\GitHubBF\PPI.SOC.FPGAv2.0\hdl\Jabber_SM.vhd -lib work C:\Users\gcallsen\Documents\GitHubBF\PPI.SOC.FPGAv2.0\hdl\Nib2Ser_SM.vhd -lib work C:\Users\gcallsen\Documents\GitHubBF\PPI.SOC.FPGAv2.0\hdl\ManchesEncoder2.vhd -lib work C:\Users\gcallsen\Documents\GitHubBF\PPI.SOC.FPGAv2.0\hdl\mdio_slave_interface.vhd -lib work C:\Users\gcallsen\Documents\GitHubBF\PPI.SOC.FPGAv2.0\hdl\Phy_Mux.vhd -lib work C:\Users\gcallsen\Documents\GitHubBF\PPI.SOC.FPGAv2.0\hdl\Debounce.vhd -lib work C:\Users\gcallsen\Documents\GitHubBF\PPI.SOC.FPGAv2.0\hdl\TriDebounce.vhd -lib work C:\Users\gcallsen\Documents\GitHubBF\PPI.SOC.FPGAv2.0\hdl\TX_Collision_Detector2.vhd -lib work C:\Users\gcallsen\Documents\GitHubBF\PPI.SOC.FPGAv2.0\hdl\Interrupts.vhd -lib work C:\Users\gcallsen\Documents\GitHubBF\PPI.SOC.FPGAv2.0\hdl\uP_if.vhd -lib work C:\Users\gcallsen\Documents\GitHubBF\PPI.SOC.FPGAv2.0\hdl\CommsFPGA_top.vhd -lib work C:\Users\gcallsen\Documents\GitHubBF\PPI.SOC.FPGAv2.0\component\work\m2s010_som\CommsFPGA_CCC_0\m2s010_som_CommsFPGA_CCC_0_FCCC.vhd -lib work C:\Users\gcallsen\Documents\GitHubBF\PPI.SOC.FPGAv2.0\component\Actel\DirectCore\CoreConfigP\7.0.105\rtl\vhdl\core\coreconfigp.vhd -lib work C:\Users\gcallsen\Documents\GitHubBF\PPI.SOC.FPGAv2.0\component\Actel\DirectCore\CoreResetP\7.0.104\rtl\vhdl\core\coreresetp_pcie_hotreset.vhd -lib work C:\Users\gcallsen\Documents\GitHubBF\PPI.SOC.FPGAv2.0\component\Actel\DirectCore\CoreResetP\7.0.104\rtl\vhdl\core\coreresetp.vhd -lib work C:\Users\gcallsen\Documents\GitHubBF\PPI.SOC.FPGAv2.0\component\work\m2s010_som_sb\CCC_0\m2s010_som_sb_CCC_0_FCCC.vhd -lib work C:\Users\gcallsen\Documents\GitHubBF\PPI.SOC.FPGAv2.0\component\Actel\SgCore\OSC\2.0.101\osc_comps.vhd -lib work C:\Users\gcallsen\Documents\GitHubBF\PPI.SOC.FPGAv2.0\component\work\m2s010_som_sb\FABOSC_0\m2s010_som_sb_FABOSC_0_OSC.vhd -lib work C:\Users\gcallsen\Documents\GitHubBF\PPI.SOC.FPGAv2.0\component\work\m2s010_som_sb_MSS\m2s010_som_sb_MSS_syn.vhd -lib work C:\Users\gcallsen\Documents\GitHubBF\PPI.SOC.FPGAv2.0\component\work\m2s010_som_sb_MSS\m2s010_som_sb_MSS.vhd -lib work C:\Users\gcallsen\Documents\GitHubBF\PPI.SOC.FPGAv2.0\component\work\m2s010_som_sb\m2s010_som_sb.vhd -lib COREAPB3_LIB C:\Users\gcallsen\Documents\GitHubBF\PPI.SOC.FPGAv2.0\component\Actel\DirectCore\CoreAPB3\4.1.100\rtl\vhdl\core\coreapb3_muxptob3.vhd -lib COREAPB3_LIB C:\Users\gcallsen\Documents\GitHubBF\PPI.SOC.FPGAv2.0\component\Actel\DirectCore\CoreAPB3\4.1.100\rtl\vhdl\core\coreapb3_iaddr_reg.vhd -lib COREAPB3_LIB C:\Users\gcallsen\Documents\GitHubBF\PPI.SOC.FPGAv2.0\component\Actel\DirectCore\CoreAPB3\4.1.100\rtl\vhdl\core\coreapb3.vhd -lib COREAPB3_LIB C:\Users\gcallsen\Documents\GitHubBF\PPI.SOC.FPGAv2.0\component\Actel\DirectCore\CoreAPB3\4.1.100\rtl\vhdl\core\components.vhd -lib work C:\Users\gcallsen\Documents\GitHubBF\PPI.SOC.FPGAv2.0\component\work\m2s010_som\m2s010_som.vhd 
rc:0 success:1 runtime:3
file:C:\Users\gcallsen\Documents\GitHubBF\PPI.SOC.FPGAv2.0\synthesis\FPGA_PHY_IRAIL_DEBUG\synwork\m2s010_som_comp.srs|io:o|time:1516816266|size:180099|exec:0
file:C:\Users\gcallsen\Documents\GitHubBF\PPI.SOC.FPGAv2.0\synthesis\FPGA_PHY_IRAIL_DEBUG\synlog\m2s010_som_compiler.srr|io:o|time:1516816266|size:108834|exec:0
file:C:\Users\gcallsen\Documents\GitHubBF\PPI.SOC.FPGAv2.0\synthesis\FPGA_PHY_IRAIL_DEBUG\instr_sources|io:o|time:1516816264|size:0|exec:0
file:C:\Users\gcallsen\Documents\GitHubBF\PPI.SOC.FPGAv2.0\hdl\IdleLineDetector.vhd|io:i|time:1516305784|size:5586|exec:0
file:C:\Users\gcallsen\Documents\GitHubBF\PPI.SOC.FPGAv2.0\hdl\BitDetector.vhd|io:i|time:1516305784|size:3143|exec:0
file:C:\Users\gcallsen\Documents\GitHubBF\PPI.SOC.FPGAv2.0\component\work\CLOCK_DOMAIN_BUFFER\CLOCK_DOMAIN_BUFFER_0\rtl\vhdl\core\corefifo_doubleSync.vhd|io:i|time:1516305783|size:3648|exec:0
file:C:\Users\gcallsen\Documents\GitHubBF\PPI.SOC.FPGAv2.0\component\work\CLOCK_DOMAIN_BUFFER\CLOCK_DOMAIN_BUFFER_0\rtl\vhdl\core\corefifo_grayToBinConv.vhd|io:i|time:1516305783|size:3124|exec:0
file:C:\Users\gcallsen\Documents\GitHubBF\PPI.SOC.FPGAv2.0\component\Actel\DirectCore\COREFIFO\2.6.108\rtl\vhdl\core\fifo_pkg.vhd|io:i|time:1516305783|size:2242|exec:0
file:C:\Users\gcallsen\Documents\GitHubBF\PPI.SOC.FPGAv2.0\component\work\CLOCK_DOMAIN_BUFFER\CLOCK_DOMAIN_BUFFER_0\rtl\vhdl\core\corefifo_async.vhd|io:i|time:1516305783|size:61082|exec:0
file:C:\Users\gcallsen\Documents\GitHubBF\PPI.SOC.FPGAv2.0\component\work\CLOCK_DOMAIN_BUFFER\CLOCK_DOMAIN_BUFFER_0\rtl\vhdl\core\corefifo_fwft.vhd|io:i|time:1516305783|size:14846|exec:0
file:C:\Users\gcallsen\Documents\GitHubBF\PPI.SOC.FPGAv2.0\component\work\CLOCK_DOMAIN_BUFFER\CLOCK_DOMAIN_BUFFER_0\rtl\vhdl\core\corefifo_sync.vhd|io:i|time:1516305783|size:39659|exec:0
file:C:\Users\gcallsen\Documents\GitHubBF\PPI.SOC.FPGAv2.0\component\work\CLOCK_DOMAIN_BUFFER\CLOCK_DOMAIN_BUFFER_0\rtl\vhdl\core\corefifo_sync_scntr.vhd|io:i|time:1516305783|size:29550|exec:0
file:C:\Users\gcallsen\Documents\GitHubBF\PPI.SOC.FPGAv2.0\component\work\CLOCK_DOMAIN_BUFFER\CLOCK_DOMAIN_BUFFER_0\rtl\vhdl\core\CLOCK_DOMAIN_BUFFER_CLOCK_DOMAIN_BUFFER_0_USRAM_top.vhd|io:i|time:1516305783|size:8233|exec:0
file:C:\Users\gcallsen\Documents\GitHubBF\PPI.SOC.FPGAv2.0\component\work\CLOCK_DOMAIN_BUFFER\CLOCK_DOMAIN_BUFFER_0\rtl\vhdl\core\CLOCK_DOMAIN_BUFFER_CLOCK_DOMAIN_BUFFER_0_ram_wrapper.vhd|io:i|time:1516305783|size:3012|exec:0
file:C:\Users\gcallsen\Documents\GitHubBF\PPI.SOC.FPGAv2.0\component\work\CLOCK_DOMAIN_BUFFER\CLOCK_DOMAIN_BUFFER_0\rtl\vhdl\core\COREFIFO.vhd|io:i|time:1516305783|size:67853|exec:0
file:C:\Users\gcallsen\Documents\GitHubBF\PPI.SOC.FPGAv2.0\component\work\CLOCK_DOMAIN_BUFFER\CLOCK_DOMAIN_BUFFER.vhd|io:i|time:1516305783|size:8251|exec:0
file:C:\Users\gcallsen\Documents\GitHubBF\PPI.SOC.FPGAv2.0\hdl\RX_SM.vhd|io:i|time:1516305784|size:10928|exec:0
file:C:\Users\gcallsen\Documents\GitHubBF\PPI.SOC.FPGAv2.0\hdl\ManchesDecoder_Adapter.vhd|io:i|time:1516305784|size:11856|exec:0
file:C:\Users\gcallsen\Documents\GitHubBF\PPI.SOC.FPGAv2.0\hdl\ManchesDecoder2.vhd|io:i|time:1516305784|size:8037|exec:0
file:C:\Users\gcallsen\Documents\GitHubBF\PPI.SOC.FPGAv2.0\hdl\Edge_Detect.vhd|io:i|time:1516305784|size:3529|exec:0
file:C:\Users\gcallsen\Documents\GitHubBF\PPI.SOC.FPGAv2.0\hdl\Jabber_SM.vhd|io:i|time:1516305784|size:6597|exec:0
file:C:\Users\gcallsen\Documents\GitHubBF\PPI.SOC.FPGAv2.0\hdl\Nib2Ser_SM.vhd|io:i|time:1516305784|size:8921|exec:0
file:C:\Users\gcallsen\Documents\GitHubBF\PPI.SOC.FPGAv2.0\hdl\ManchesEncoder2.vhd|io:i|time:1516305784|size:5873|exec:0
file:C:\Users\gcallsen\Documents\GitHubBF\PPI.SOC.FPGAv2.0\hdl\mdio_slave_interface.vhd|io:i|time:1516736102|size:29421|exec:0
file:C:\Users\gcallsen\Documents\GitHubBF\PPI.SOC.FPGAv2.0\hdl\Phy_Mux.vhd|io:i|time:1516811082|size:5315|exec:0
file:C:\Users\gcallsen\Documents\GitHubBF\PPI.SOC.FPGAv2.0\hdl\Debounce.vhd|io:i|time:1516305784|size:1999|exec:0
file:C:\Users\gcallsen\Documents\GitHubBF\PPI.SOC.FPGAv2.0\hdl\TriDebounce.vhd|io:i|time:1516305784|size:2290|exec:0
file:C:\Users\gcallsen\Documents\GitHubBF\PPI.SOC.FPGAv2.0\hdl\TX_Collision_Detector2.vhd|io:i|time:1516305784|size:4208|exec:0
file:C:\Users\gcallsen\Documents\GitHubBF\PPI.SOC.FPGAv2.0\hdl\Interrupts.vhd|io:i|time:1516398366|size:6579|exec:0
file:C:\Users\gcallsen\Documents\GitHubBF\PPI.SOC.FPGAv2.0\hdl\uP_if.vhd|io:i|time:1516305784|size:13329|exec:0
file:C:\Users\gcallsen\Documents\GitHubBF\PPI.SOC.FPGAv2.0\hdl\CommsFPGA_top.vhd|io:i|time:1516811200|size:19549|exec:0
file:C:\Users\gcallsen\Documents\GitHubBF\PPI.SOC.FPGAv2.0\component\work\m2s010_som\CommsFPGA_CCC_0\m2s010_som_CommsFPGA_CCC_0_FCCC.vhd|io:i|time:1516813620|size:5818|exec:0
file:C:\Users\gcallsen\Documents\GitHubBF\PPI.SOC.FPGAv2.0\component\Actel\DirectCore\CoreConfigP\7.0.105\rtl\vhdl\core\coreconfigp.vhd|io:i|time:1497640216|size:32692|exec:0
file:C:\Users\gcallsen\Documents\GitHubBF\PPI.SOC.FPGAv2.0\component\Actel\DirectCore\CoreResetP\7.0.104\rtl\vhdl\core\coreresetp_pcie_hotreset.vhd|io:i|time:1497640216|size:9297|exec:0
file:C:\Users\gcallsen\Documents\GitHubBF\PPI.SOC.FPGAv2.0\component\Actel\DirectCore\CoreResetP\7.0.104\rtl\vhdl\core\coreresetp.vhd|io:i|time:1497640216|size:75039|exec:0
file:C:\Users\gcallsen\Documents\GitHubBF\PPI.SOC.FPGAv2.0\component\work\m2s010_som_sb\CCC_0\m2s010_som_sb_CCC_0_FCCC.vhd|io:i|time:1516732540|size:5549|exec:0
file:C:\Users\gcallsen\Documents\GitHubBF\PPI.SOC.FPGAv2.0\component\Actel\SgCore\OSC\2.0.101\osc_comps.vhd|io:i|time:1498678485|size:2164|exec:0
file:C:\Users\gcallsen\Documents\GitHubBF\PPI.SOC.FPGAv2.0\component\work\m2s010_som_sb\FABOSC_0\m2s010_som_sb_FABOSC_0_OSC.vhd|io:i|time:1516732542|size:1909|exec:0
file:C:\Users\gcallsen\Documents\GitHubBF\PPI.SOC.FPGAv2.0\component\work\m2s010_som_sb_MSS\m2s010_som_sb_MSS_syn.vhd|io:i|time:1516806151|size:112003|exec:0
file:C:\Users\gcallsen\Documents\GitHubBF\PPI.SOC.FPGAv2.0\component\work\m2s010_som_sb_MSS\m2s010_som_sb_MSS.vhd|io:i|time:1516806153|size:136376|exec:0
file:C:\Users\gcallsen\Documents\GitHubBF\PPI.SOC.FPGAv2.0\component\work\m2s010_som_sb\m2s010_som_sb.vhd|io:i|time:1516732542|size:56270|exec:0
file:C:\Users\gcallsen\Documents\GitHubBF\PPI.SOC.FPGAv2.0\component\Actel\DirectCore\CoreAPB3\4.1.100\rtl\vhdl\core\coreapb3_muxptob3.vhd|io:i|time:1500639526|size:9523|exec:0
file:C:\Users\gcallsen\Documents\GitHubBF\PPI.SOC.FPGAv2.0\component\Actel\DirectCore\CoreAPB3\4.1.100\rtl\vhdl\core\coreapb3_iaddr_reg.vhd|io:i|time:1500639526|size:5757|exec:0
file:C:\Users\gcallsen\Documents\GitHubBF\PPI.SOC.FPGAv2.0\component\Actel\DirectCore\CoreAPB3\4.1.100\rtl\vhdl\core\coreapb3.vhd|io:i|time:1500639526|size:78851|exec:0
file:C:\Users\gcallsen\Documents\GitHubBF\PPI.SOC.FPGAv2.0\component\Actel\DirectCore\CoreAPB3\4.1.100\rtl\vhdl\core\components.vhd|io:i|time:1500639526|size:6172|exec:0
file:C:\Users\gcallsen\Documents\GitHubBF\PPI.SOC.FPGAv2.0\component\work\m2s010_som\m2s010_som.vhd|io:i|time:1516813621|size:40317|exec:0
file:C:\Microsemi\Libero_SoC_v11.8\SynplifyPro\bin\c_hdl.exe|io:i|time:1479391564|size:1337856|exec:1
file:C:\Microsemi\Libero_SoC_v11.8\SynplifyPro\bin64\c_hdl.exe|io:i|time:1479391768|size:1973248|exec:1
