Software Version: 11.8.2.4
Driver : 3.0.0 build 1
programmer '93272' : FlashPro4
Opened 'C:\Users\gcallsen\Documents\GitHubBF\PPI.SOC.FPGAv2.0-M2S060\designer\m2s010_som\m2s010_som_fp\m2s010_som.pro'
The 'open_project' command succeeded.
IPD file 'C:/Users/gcallsen/Documents/GitHubBF/PPI.SOC.FPGAv2.0-M2S060/designer/m2s010_som/m2s010_som.ipd' has been loaded successfully.
DESIGN : m2s010_som;  CHECKSUM : 10C0;  PDB_VERSION : 1.9
The 'set_programming_file' command succeeded.
Warning: Programming is already enabled for device 'M2S060T'.
The 'enable_device' command succeeded.
The 'set_programming_action' command succeeded.
programmer '93272' : Scan Chain...
Warning: programmer '93272' : Vpump has been selected on programmer AND an externally provided Vpump has also been detected. Using externally provided Vpump voltage source.
programmer '93272' : Check Chain...
programmer '93272' : Scan and Check Chain PASSED.
programmer '93272' : device 'M2S060T' : Executing action PROGRAM
programmer '93272' : device 'M2S060T' : Family: SmartFusion2
programmer '93272' : device 'M2S060T' : Product:      M2S150
programmer '93272' : device 'M2S060T' : EXPORT ISC_ENABLE_RESULT[32] = 00806a44
programmer '93272' : device 'M2S060T' : EXPORT CRCERR[1] = 0
programmer '93272' : device 'M2S060T' : EXPORT EDCERR[1] = 0
programmer '93272' : device 'M2S060T' : Programming FPGA Array and eNVM...
programmer '93272' : device 'M2S060T' : ===================================================================================
programmer '93272' : device 'M2S060T' : EXPORT DSN[128] = 8fbe51a5dcf20701e6e8a3d323f6d440
programmer '93272' : device 'M2S060T' : ===================================================================================
programmer '93272' : device 'M2S060T' : Finished: Mon Aug 20 13:24:20 2018 (Elapsed time 00:01:19)
programmer '93272' : device 'M2S060T' : Executing action PROGRAM PASSED.
programmer '93272' : Chain programming PASSED.
Chain Programming Finished: Mon Aug 20 13:24:20 2018 (Elapsed time 00:01:19)

                        o - o - o - o - o - o

The 'run_selected_actions' command succeeded.
The 'set_programming_file' command succeeded.
Project saved.
The 'save_project' command succeeded.
Project closed.
