Resource Usage Report for m2s010_som 

Mapping to part: m2s060tfcsbga325std
Cell usage:
CCC             2 uses
CLKINT          15 uses
INV             4 uses
MSS_060         1 use
RCOSC_25_50MHZ  1 use
RCOSC_25_50MHZ_FAB  1 use
SYSRESET        1 use
XTLOSC          1 use
CFG1           16 uses
CFG2           152 uses
CFG3           190 uses
CFG4           311 uses

Carry cells:
ARI1            262 uses - used for arithmetic functions
ARI1            118 uses - used for Wide-Mux implementation
Total ARI1      380 uses


Sequential Cells: 
SLE            899 uses

DSP Blocks:    0 of 72 (0%)

I/O ports: 122
I/O primitives: 106
BIBUF          28 uses
INBUF          19 uses
OUTBUF         54 uses
OUTBUF_DIFF    1 use
TRIBUFF        4 uses


Global Clock Buffers: 15 of 8 (187%)


Total LUTs:    1049

Extra resources required for RAM and MACC interface logic during P&R:

RAM64x18 Interface Logic : SLEs = 36; LUTs = 36;
RAM1K18  Interface Logic : SLEs = 0; LUTs = 0;
MACC     Interface Logic : SLEs = 0; LUTs = 0;

Total number of SLEs after P&R:  899 + 36 + 0 + 0 = 935;
Total number of LUTs after P&R:  1049 + 36 + 0 + 0 = 1085;

