Resource Usage Report for m2s010_som 

Mapping to part: m2s060tfcsbga325std
Cell usage:
CCC             2 uses
CLKINT          21 uses
MSS_060         1 use
MX2             2 uses
RCOSC_25_50MHZ  1 use
RCOSC_25_50MHZ_FAB  1 use
SYSRESET        1 use
UJTAG           1 use
XTLOSC          1 use
CFG1           46 uses
CFG2           392 uses
CFG3           499 uses
CFG4           1476 uses

Carry cells:
ARI1            679 uses - used for arithmetic functions
ARI1            64 uses - used for Wide-Mux implementation
Total ARI1      743 uses


Sequential Cells: 
SLE            3073 uses

DSP Blocks:    0 of 72 (0%)

I/O ports: 131
I/O primitives: 122
BIBUF          43 uses
INBUF          25 uses
OUTBUF         50 uses
OUTBUF_DIFF    1 use
TRIBUFF        3 uses


Global Clock Buffers: 21 of 8 (262%)


Total LUTs:    3156

Extra resources required for RAM and MACC interface logic during P&R:

RAM64x18 Interface Logic : SLEs = 0; LUTs = 0;
RAM1K18  Interface Logic : SLEs = 2052; LUTs = 2052;
MACC     Interface Logic : SLEs = 0; LUTs = 0;

Total number of SLEs after P&R:  3073 + 0 + 2052 + 0 = 5125;
Total number of LUTs after P&R:  3156 + 0 + 2052 + 0 = 5208;

