Resource Usage Report for m2s010_som 

Mapping to part: m2s010fbga484std
Cell usage:
CCC             2 uses
CLKINT          19 uses
INV             4 uses
MSS_010         1 use
RCOSC_25_50MHZ  1 use
RCOSC_25_50MHZ_FAB  1 use
SYSRESET        1 use
UJTAG           1 use
XTLOSC          1 use
CFG1           25 uses
CFG2           203 uses
CFG3           293 uses
CFG4           504 uses

Carry cells:
ARI1            303 uses - used for arithmetic functions
ARI1            86 uses - used for Wide-Mux implementation
Total ARI1      389 uses


Sequential Cells: 
SLE            1411 uses

DSP Blocks:    0 of 22 (0%)

I/O ports: 130
I/O primitives: 120
BIBUF          30 uses
INBUF          29 uses
OUTBUF         56 uses
OUTBUF_DIFF    1 use
TRIBUFF        4 uses


Global Clock Buffers: 19 of 8 (237%)


Total LUTs:    1414

Extra resources required for RAM and MACC interface logic during P&R:

RAM64x18 Interface Logic : SLEs = 36; LUTs = 36;
RAM1K18  Interface Logic : SLEs = 288; LUTs = 288;
MACC     Interface Logic : SLEs = 0; LUTs = 0;

Total number of SLEs after P&R:  1411 + 36 + 288 + 0 = 1735;
Total number of LUTs after P&R:  1414 + 36 + 288 + 0 = 1738;

