# Synopsys Constraint Checker(syntax only), version map201609actrcp1, Build 005R, built Jan 25 2017
# Copyright (C) 1994-2016 Synopsys, Inc. All rights reserved. This Synopsys software and all associated documentation are proprietary to Synopsys, Inc. and may only be used pursuant to the terms and conditions of a written license agreement with Synopsys, Inc. All other use, reproduction, modification, or distribution of the Synopsys software or the associated documentation is strictly prohibited.

# Written on Fri Sep 01 09:04:20 2017


##### DESIGN INFO #######################################################

Top View:                "m2s010_som"
Constraint File(s):      (none)

#Run constraint checker to find more issues with constraints.
#########################################################################



No issues found in constraint syntax.



Clock Summary
*************

Start                                                                 Requested     Requested     Clock        Clock                   Clock
Clock                                                                 Frequency     Period        Type         Group                   Load 
--------------------------------------------------------------------------------------------------------------------------------------------
CommsFPGA_top|BIT_CLK_inferred_clock                                  100.0 MHz     10.000        inferred     Inferred_clkgroup_7     294  
System                                                                100.0 MHz     10.000        system       system_clkgroup         9    
m2s010_som_CommsFPGA_CCC_0_FCCC|GL0_net_inferred_clock                100.0 MHz     10.000        inferred     Inferred_clkgroup_5     616  
m2s010_som_CommsFPGA_CCC_0_FCCC|GL1_net_inferred_clock                100.0 MHz     10.000        inferred     Inferred_clkgroup_6     4    
m2s010_som_sb_CAM_SPI_1_CLK_IO|Y_inferred_clock[0]                    100.0 MHz     10.000        inferred     Inferred_clkgroup_8     1    
m2s010_som_sb_CCC_0_FCCC|GL0_net_inferred_clock                       100.0 MHz     10.000        inferred     Inferred_clkgroup_1     775  
m2s010_som_sb_FABOSC_0_OSC|N_RCOSC_25_50MHZ_CLKOUT_inferred_clock     100.0 MHz     10.000        inferred     Inferred_clkgroup_4     31   
m2s010_som_sb_MSS|FIC_2_APB_M_PCLK_inferred_clock                     100.0 MHz     10.000        inferred     Inferred_clkgroup_0     109  
m2s010_som|MAC_MII_RX_CLK                                             100.0 MHz     10.000        inferred     Inferred_clkgroup_3     1    
m2s010_som|MAC_MII_TX_CLK                                             100.0 MHz     10.000        inferred     Inferred_clkgroup_2     1    
============================================================================================================================================
