Resource Usage Report for m2s010_som 

Mapping to part: m2s060tfcsbga325std
Cell usage:
CCC             2 uses
CLKINT          17 uses
MSS_060         1 use
MX2             2 uses
RCOSC_25_50MHZ  1 use
RCOSC_25_50MHZ_FAB  1 use
SYSRESET        1 use
XTLOSC          1 use
CFG1           32 uses
CFG2           271 uses
CFG3           282 uses
CFG4           542 uses

Carry cells:
ARI1            595 uses - used for arithmetic functions
ARI1            80 uses - used for Wide-Mux implementation
Total ARI1      675 uses


Sequential Cells: 
SLE            1630 uses

DSP Blocks:    0 of 72 (0%)

I/O ports: 126
I/O primitives: 122
BIBUF          43 uses
INBUF          25 uses
OUTBUF         50 uses
OUTBUF_DIFF    1 use
TRIBUFF        3 uses


Global Clock Buffers: 17 of 8 (212%)


Total LUTs:    1802

Extra resources required for RAM and MACC interface logic during P&R:

RAM64x18 Interface Logic : SLEs = 0; LUTs = 0;
RAM1K18  Interface Logic : SLEs = 180; LUTs = 180;
MACC     Interface Logic : SLEs = 0; LUTs = 0;

Total number of SLEs after P&R:  1630 + 0 + 180 + 0 = 1810;
Total number of LUTs after P&R:  1802 + 0 + 180 + 0 = 1982;

