
		#####  BEGIN RETIMING REPORT  #####

Retiming summary : 1 registers retimed to 21

Original and Pipelined registers replaced by retiming :
		CommsFPGA_top_0.FIFOS_INST.TRANSMIT_FIFO.FIFO_2Kx8_0.L31\.U_corefifo_async.aempty_r

New registers created by retiming :
		CommsFPGA_top_0.MANCHESTER_ENCODER_INST.TRANSMIT_SM.tx_packet_length_ret_0[0]
		CommsFPGA_top_0.MANCHESTER_ENCODER_INST.TRANSMIT_SM.tx_packet_length_ret_0[1]
		CommsFPGA_top_0.MANCHESTER_ENCODER_INST.TRANSMIT_SM.tx_packet_length_ret_0[2]
		CommsFPGA_top_0.MANCHESTER_ENCODER_INST.TRANSMIT_SM.tx_packet_length_ret_0[3]
		CommsFPGA_top_0.MANCHESTER_ENCODER_INST.TRANSMIT_SM.tx_packet_length_ret_0[4]
		CommsFPGA_top_0.MANCHESTER_ENCODER_INST.TRANSMIT_SM.tx_packet_length_ret_0[5]
		CommsFPGA_top_0.MANCHESTER_ENCODER_INST.TRANSMIT_SM.tx_packet_length_ret_0[6]
		CommsFPGA_top_0.MANCHESTER_ENCODER_INST.TRANSMIT_SM.tx_packet_length_ret_0[7]
		CommsFPGA_top_0.MANCHESTER_ENCODER_INST.TRANSMIT_SM.tx_packet_length_ret_0[8]
		CommsFPGA_top_0.MANCHESTER_ENCODER_INST.TRANSMIT_SM.tx_packet_length_ret_0[9]
		CommsFPGA_top_0.MANCHESTER_ENCODER_INST.TRANSMIT_SM.tx_packet_length_ret_0[10]
		CommsFPGA_top_0.PROCESSOR_INTERFACE_INST.control_reg_en_ret
		CommsFPGA_top_0.PROCESSOR_INTERFACE_INST.control_reg_en_ret_0
		CommsFPGA_top_0.PROCESSOR_INTERFACE_INST.mac_1_byte_2_reg_en_ret_1
		CommsFPGA_top_0.PROCESSOR_INTERFACE_INST.mac_1_byte_2_reg_en_ret_3
		CommsFPGA_top_0.PROCESSOR_INTERFACE_INST.mac_1_byte_2_reg_en_ret_4
		CommsFPGA_top_0.PROCESSOR_INTERFACE_INST.mac_1_byte_2_reg_en_ret_5
		CommsFPGA_top_0.PROCESSOR_INTERFACE_INST.mac_1_byte_2_reg_en_ret_6
		CommsFPGA_top_0.PROCESSOR_INTERFACE_INST.mac_2_byte_1_reg_en_ret_1
		CommsFPGA_top_0.PROCESSOR_INTERFACE_INST.mac_2_byte_1_reg_en_ret_3
		CommsFPGA_top_0.PROCESSOR_INTERFACE_INST.mac_2_byte_1_reg_en_ret_4


		#####   END RETIMING REPORT  #####

