# Synopsys Constraint Checker(syntax only), version map201609actrcp1, Build 005R, built Jan 25 2017
# Copyright (C) 1994-2016 Synopsys, Inc. All rights reserved. This Synopsys software and all associated documentation are proprietary to Synopsys, Inc. and may only be used pursuant to the terms and conditions of a written license agreement with Synopsys, Inc. All other use, reproduction, modification, or distribution of the Synopsys software or the associated documentation is strictly prohibited.

# Written on Mon Oct 23 15:06:59 2017


##### DESIGN INFO #######################################################

Top View:                "m2s010_som"
Constraint File(s):      "C:\Users\gcallsen\Documents\GitHubBF\PPI.SOC.FPGAv1.6\synthesis\rev_11_debugColl\instr_sources\syn_dics.sdc"

#Run constraint checker to find more issues with constraints.
#########################################################################



No issues found in constraint syntax.



Clock Summary
*************

Start                                                                 Requested     Requested     Clock        Clock                    Clock
Clock                                                                 Frequency     Period        Type         Group                    Load 
---------------------------------------------------------------------------------------------------------------------------------------------
CommsFPGA_top|BIT_CLK_inferred_clock                                  100.0 MHz     10.000        inferred     Inferred_clkgroup_3      734  
System                                                                100.0 MHz     10.000        system       system_clkgroup          27   
ident_coreinst.comm_block_INST.dr2_tck                                1.0 MHz       1000.000      declared     identify_jtag_group1     8    
jtag_interface_x|b9_nv_oQwfYF                                         100.0 MHz     10.000        inferred     Inferred_clkgroup_11     17   
jtag_interface_x|b10_8Kz_rKlrtX                                       100.0 MHz     10.000        inferred     Inferred_clkgroup_10     8    
jtag_interface_x|identify_clk_int_inferred_clock                      100.0 MHz     10.000        inferred     Inferred_clkgroup_9      2933 
m2s010_som_CommsFPGA_CCC_0_FCCC|GL0_net_inferred_clock                100.0 MHz     10.000        inferred     Inferred_clkgroup_1      1053 
m2s010_som_CommsFPGA_CCC_0_FCCC|GL1_net_inferred_clock                100.0 MHz     10.000        inferred     Inferred_clkgroup_2      2    
m2s010_som_sb_CAM_SPI_1_CLK_IO|Y_inferred_clock[0]                    100.0 MHz     10.000        inferred     Inferred_clkgroup_12     1    
m2s010_som_sb_CCC_0_FCCC|GL0_net_inferred_clock                       100.0 MHz     10.000        inferred     Inferred_clkgroup_4      1225 
m2s010_som_sb_FABOSC_0_OSC|N_RCOSC_25_50MHZ_CLKOUT_inferred_clock     100.0 MHz     10.000        inferred     Inferred_clkgroup_8      31   
m2s010_som_sb_MSS|FIC_2_APB_M_PCLK_inferred_clock                     100.0 MHz     10.000        inferred     Inferred_clkgroup_5      109  
m2s010_som|MAC_MII_RX_CLK                                             100.0 MHz     10.000        inferred     Inferred_clkgroup_7      1    
m2s010_som|MAC_MII_TX_CLK                                             100.0 MHz     10.000        inferred     Inferred_clkgroup_6      1    
uP_if|BW_Debug_inferred_clock[2]                                      100.0 MHz     10.000        inferred     Inferred_clkgroup_0      1916 
=============================================================================================================================================
