1472917904 -11:51:44 -0 -ipcServer::ipcServer params
Port:      58015
Logfile:   C:/PULSAR/Projects/PPI/PoweredRail/Eval_Board_SOC/m2s010-som-fg484-1a-116-Rev1a_c/synthesis/ipc_tcp_microsemi_srv.log
Reconnect: 0
Use ipv6:  0

1472918934 -12:08:54 -0 -ipcServer::ipcServer params
Port:      58015
Logfile:   C:/PULSAR/Projects/PPI/PoweredRail/Eval_Board_SOC/m2s010-som-fg484-1a-116-Rev1a_c/synthesis/ipc_tcp_microsemi_srv.log
Reconnect: 0
Use ipv6:  0

1472919677 -12:21:17 -0 -ipcServer::ipcServer params
Port:      58015
Logfile:   C:/PULSAR/Projects/PPI/PoweredRail/Eval_Board_SOC/m2s010-som-fg484-1a-116-Rev1a_c/synthesis/ipc_tcp_microsemi_srv.log
Reconnect: 0
Use ipv6:  0

1472919947 -12:25:47 -0 -ipcServer::ipcServer params
Port:      58015
Logfile:   C:/PULSAR/Projects/PPI/PoweredRail/Eval_Board_SOC/m2s010-som-fg484-1a-116-Rev1a_c/synthesis/ipc_tcp_microsemi_srv.log
Reconnect: 0
Use ipv6:  0

1472935871 -16:51:11 -0 -ipcServer::ipcServer params
Port:      58015
Logfile:   C:/PULSAR/Projects/PPI/PoweredRail/Eval_Board_SOC/m2s010-som-fg484-1a-116-Rev1a_c/synthesis/ipc_tcp_microsemi_srv.log
Reconnect: 0
Use ipv6:  0

1472936469 -17:01:09 -0 -ipcServer::ipcServer params
Port:      58015
Logfile:   C:/PULSAR/Projects/PPI/PoweredRail/Eval_Board_SOC/m2s010-som-fg484-1a-116-Rev1a_c/synthesis/ipc_tcp_microsemi_srv.log
Reconnect: 0
Use ipv6:  0

1472937700 -17:21:40 -0 -ipcServer::ipcServer params
Port:      58015
Logfile:   C:/PULSAR/Projects/PPI/PoweredRail/Eval_Board_SOC/m2s010-som-fg484-1a-116-Rev1a_c/synthesis/ipc_tcp_microsemi_srv.log
Reconnect: 0
Use ipv6:  0

1472940505 -18:08:25 -0 -ipcServer::ipcServer params
Port:      58015
Logfile:   C:/PULSAR/Projects/PPI/PoweredRail/Eval_Board_SOC/m2s010-som-fg484-1a-116-Rev1a_c/synthesis/ipc_tcp_microsemi_srv.log
Reconnect: 0
Use ipv6:  0

1472941594 -18:26:34 -0 -ipcServer::ipcServer params
Port:      58015
Logfile:   C:/PULSAR/Projects/PPI/PoweredRail/Eval_Board_SOC/m2s010-som-fg484-1a-116-Rev1a_c/synthesis/ipc_tcp_microsemi_srv.log
Reconnect: 0
Use ipv6:  0

1472955192 -22:13:12 -0 -ipcServer::ipcServer params
Port:      58015
Logfile:   C:/PULSAR/Projects/PPI/PoweredRail/Eval_Board_SOC/m2s010-som-fg484-1a-116-Rev1a_c/synthesis/ipc_tcp_microsemi_srv.log
Reconnect: 0
Use ipv6:  0

1472955702 -22:21:42 -0 -ipcServer::ipcServer params
Port:      58015
Logfile:   C:/PULSAR/Projects/PPI/PoweredRail/Eval_Board_SOC/m2s010-som-fg484-1a-116-Rev1a_c/synthesis/ipc_tcp_microsemi_srv.log
Reconnect: 0
Use ipv6:  0

1472991290 -08:14:50 -0 -ipcServer::ipcServer params
Port:      58015
Logfile:   C:/PULSAR/Projects/PPI/PoweredRail/Eval_Board_SOC/m2s010-som-fg484-1a-116-Rev1a_c/synthesis/ipc_tcp_microsemi_srv.log
Reconnect: 0
Use ipv6:  0

1473531884 -14:24:44 -0 -ipcServer::ipcServer params
Port:      58015
Logfile:   C:/PULSAR/Projects/PPI/PoweredRail/Eval_Board_SOC/m2s010-som-fg484-1a-116-Rev1a_c_TxCol/synthesis/ipc_tcp_microsemi_srv.log
Reconnect: 0
Use ipv6:  0

1473532531 -14:35:31 -0 -ipcServer::ipcServer params
Port:      58015
Logfile:   C:/PULSAR/Projects/PPI/PoweredRail/Eval_Board_SOC/m2s010-som-fg484-1a-116-Rev1a_c_TxCol/synthesis/ipc_tcp_microsemi_srv.log
Reconnect: 0
Use ipv6:  0

1473533439 -14:50:39 -0 -ipcServer::ipcServer params
Port:      58015
Logfile:   C:/PULSAR/Projects/PPI/PoweredRail/Eval_Board_SOC/m2s010-som-fg484-1a-116-Rev1a_c_TxCol/synthesis/ipc_tcp_microsemi_srv.log
Reconnect: 0
Use ipv6:  0

1473598408 -08:53:28 -0 -ipcServer::ipcServer params
Port:      58015
Logfile:   C:/PULSAR/Projects/PPI/PoweredRail/Eval_Board_SOC/m2s010-som-fg484-1a-116-Rev1a_c_TxCol/synthesis/ipc_tcp_microsemi_srv.log
Reconnect: 0
Use ipv6:  0

1473710106 -15:55:06 -0 -ipcServer::ipcServer params
Port:      58015
Logfile:   C:/PULSAR/Projects/PPI/PoweredRail/Eval_Board_SOC/m2s010-som-fg484-1a-116-Rev1a_d_TxCol/synthesis/ipc_tcp_microsemi_srv.log
Reconnect: 0
Use ipv6:  0

1473710708 -16:05:08 -0 -ipcServer::ipcServer params
Port:      58015
Logfile:   C:/PULSAR/Projects/PPI/PoweredRail/Eval_Board_SOC/m2s010-som-fg484-1a-116-Rev1a_d_TxCol/synthesis/ipc_tcp_microsemi_srv.log
Reconnect: 0
Use ipv6:  0

1473711135 -16:12:15 -0 -ipcServer::ipcServer params
Port:      58015
Logfile:   C:/PULSAR/Projects/PPI/PoweredRail/Eval_Board_SOC/m2s010-som-fg484-1a-116-Rev1a_d_TxCol/synthesis/ipc_tcp_microsemi_srv.log
Reconnect: 0
Use ipv6:  0

1473713354 -16:49:14 -0 -ipcServer::ipcServer params
Port:      58015
Logfile:   C:/PULSAR/Projects/PPI/PoweredRail/Eval_Board_SOC/m2s010-som-fg484-1a-116-Rev1a_d_TxCol/synthesis/ipc_tcp_microsemi_srv.log
Reconnect: 0
Use ipv6:  0

1473714143 -17:02:23 -0 -ipcServer::ipcServer params
Port:      58015
Logfile:   C:/PULSAR/Projects/PPI/PoweredRail/Eval_Board_SOC/m2s010-som-fg484-1a-116-Rev1a_d_TxCol/synthesis/ipc_tcp_microsemi_srv.log
Reconnect: 0
Use ipv6:  0

1473715948 -17:32:28 -0 -ReadSocket return B
1473715948 -17:32:28 -0 -... is coming from ipcServer::ReadFromSocket
1473716918 -17:48:38 -0 -ReadSocket return B
1473716918 -17:48:38 -0 -... is coming from ipcServer::ReadFromSocket
1473874615 -13:36:55 -10054 -ReadSocket return A
1473874615 -13:36:55 -10054 -... is coming from ipcServer::ReadFromSocket
1473874617 -13:36:57 -10054 -ReadSocket return A
1473874617 -13:36:57 -10054 -... is coming from ipcServer::ReadFromSocket
1473874626 -13:37:06 -10054 -ReadSocket return A
1473874626 -13:37:06 -10054 -... is coming from ipcServer::ReadFromSocket
1473876624 -14:10:24 -0 -ipcServer::ipcServer params
Port:      58015
Logfile:   C:/PULSAR/Projects/PPI/PoweredRail/Eval_Board_SOC/m2s010-som-fg484-1a-116-Rev1a_d_TxCol/synthesis/ipc_tcp_microsemi_srv.log
Reconnect: 0
Use ipv6:  0

1473879307 -14:55:07 -0 -ipcServer::ipcServer params
Port:      58015
Logfile:   C:/PULSAR/Projects/PPI/PoweredRail/Eval_Board_SOC/m2s010-som-fg484-1a-116-Rev1a_d_TxCol/synthesis/ipc_tcp_microsemi_srv.log
Reconnect: 0
Use ipv6:  0

1473880082 -15:08:02 -0 -ipcServer::ipcServer params
Port:      58015
Logfile:   C:/PULSAR/Projects/PPI/PoweredRail/Eval_Board_SOC/m2s010-som-fg484-1a-116-Rev1a_d_TxCol/synthesis/ipc_tcp_microsemi_srv.log
Reconnect: 0
Use ipv6:  0

1474117033 -08:57:13 -0 -ipcServer::ipcServer params
Port:      58015
Logfile:   C:/PULSAR/Projects/PPI/PoweredRail/Eval_Board_SOC/m2s010-som-fg484-1a-116-Rev1a_d_TxCol/synthesis/ipc_tcp_microsemi_srv.log
Reconnect: 0
Use ipv6:  0

1474118848 -09:27:28 -0 -ipcServer::ipcServer params
Port:      58015
Logfile:   C:/PULSAR/Projects/PPI/PoweredRail/Eval_Board_SOC/m2s010-som-fg484-1a-116-Rev1a_d_TxCol/synthesis/ipc_tcp_microsemi_srv.log
Reconnect: 0
Use ipv6:  0

1474118887 -09:28:07 -0 -ipcServer::ipcServer params
Port:      58015
Logfile:   C:/PULSAR/Projects/PPI/PoweredRail/Eval_Board_SOC/m2s010-som-fg484-1a-116-Rev1a_d_TxCol/synthesis/ipc_tcp_microsemi_srv.log
Reconnect: 0
Use ipv6:  0

1474121363 -10:09:23 -0 -ipcServer::ipcServer params
Port:      58015
Logfile:   C:/PULSAR/Projects/PPI/PoweredRail/Eval_Board_SOC/m2s010-som-fg484-1a-116-Rev1a_d_TxCol/synthesis/ipc_tcp_microsemi_srv.log
Reconnect: 0
Use ipv6:  0

1474122274 -10:24:34 -0 -ipcServer::ipcServer params
Port:      58015
Logfile:   C:/PULSAR/Projects/PPI/PoweredRail/Eval_Board_SOC/m2s010-som-fg484-1a-116-Rev1a_d_TxCol/synthesis/ipc_tcp_microsemi_srv.log
Reconnect: 0
Use ipv6:  0

1474123899 -10:51:39 -0 -ipcServer::ipcServer params
Port:      58015
Logfile:   C:/PULSAR/Projects/PPI/PoweredRail/Eval_Board_SOC/m2s010-som-fg484-1a-116-Rev1a_d_TxCol/synthesis/ipc_tcp_microsemi_srv.log
Reconnect: 0
Use ipv6:  0

1474125460 -11:17:40 -0 -ipcServer::ipcServer params
Port:      58015
Logfile:   C:/PULSAR/Projects/PPI/PoweredRail/Eval_Board_SOC/m2s010-som-fg484-1a-116-Rev1a_d_TxCol/synthesis/ipc_tcp_microsemi_srv.log
Reconnect: 0
Use ipv6:  0

1474127942 -11:59:02 -0 -ipcServer::ipcServer params
Port:      58015
Logfile:   C:/PULSAR/Projects/PPI/PoweredRail/Eval_Board_SOC/m2s010-som-fg484-1a-116-Rev1a_d_TxCol/synthesis/ipc_tcp_microsemi_srv.log
Reconnect: 0
Use ipv6:  0

1474130633 -12:43:53 -0 -ipcServer::ipcServer params
Port:      58015
Logfile:   C:/PULSAR/Projects/PPI/PoweredRail/Eval_Board_SOC/m2s010-som-fg484-1a-116-Rev1a_d_TxCol/synthesis/ipc_tcp_microsemi_srv.log
Reconnect: 0
Use ipv6:  0

1474420372 -21:12:52 -0 -ipcServer::ipcServer params
Port:      58015
Logfile:   C:/PULSAR/Projects/PPI/PoweredRail/Eval_Board_SOC/m2s010-som-fg484-1a-116-Rev1a_e/synthesis/ipc_tcp_microsemi_srv.log
Reconnect: 0
Use ipv6:  0

1474424091 -22:14:51 -0 -ipcServer::ipcServer params
Port:      58015
Logfile:   C:/PULSAR/Projects/PPI/PoweredRail/Eval_Board_SOC/m2s010-som-fg484-1a-116-Rev1a_e/synthesis/ipc_tcp_microsemi_srv.log
Reconnect: 0
Use ipv6:  0

1474899581 -10:19:41 -0 -ipcServer::ipcServer params
Port:      58015
Logfile:   C:/PULSAR/Projects/PPI/PoweredRail/Eval_Board_SOC/m2s010-som-fg484-1a-116-Rev1a_e/synthesis/ipc_tcp_microsemi_srv.log
Reconnect: 0
Use ipv6:  0

1474907072 -12:24:32 -0 -ipcServer::ipcServer params
Port:      58015
Logfile:   C:/PULSAR/Projects/PPI/PoweredRail/Eval_Board_SOC/m2s010-som-fg484-1a-116-Rev1a_e/synthesis/ipc_tcp_microsemi_srv.log
Reconnect: 0
Use ipv6:  0

1474907187 -12:26:27 -10054 -ReadSocket return A
1474907187 -12:26:27 -10054 -... is coming from ipcServer::ReadFromSocket
1474910257 -13:17:37 -0 -ipcServer::ipcServer params
Port:      58015
Logfile:   C:/PULSAR/Projects/PPI/PoweredRail/Eval_Board_SOC/m2s010-som-fg484-1a-116-Rev1a_e/synthesis/ipc_tcp_microsemi_srv.log
Reconnect: 0
Use ipv6:  0

1474912548 -13:55:48 -0 -ipcServer::ipcServer params
Port:      58015
Logfile:   C:/PULSAR/Projects/PPI/PoweredRail/Eval_Board_SOC/m2s010-som-fg484-1a-116-Rev1a_e/synthesis/ipc_tcp_microsemi_srv.log
Reconnect: 0
Use ipv6:  0

1474920602 -16:10:02 -0 -ipcServer::ipcServer params
Port:      58015
Logfile:   C:/PULSAR/Projects/PPI/PoweredRail/Eval_Board_SOC/m2s010-som-fg484-1a-116-Rev1a_e/synthesis/ipc_tcp_microsemi_srv.log
Reconnect: 0
Use ipv6:  0

1474922460 -16:41:00 -0 -ipcServer::ipcServer params
Port:      58015
Logfile:   C:/PULSAR/Projects/PPI/PoweredRail/Eval_Board_SOC/m2s010-som-fg484-1a-116-Rev1a_e/synthesis/ipc_tcp_microsemi_srv.log
Reconnect: 0
Use ipv6:  0

1474987556 -10:45:56 -0 -ipcServer::ipcServer params
Port:      58015
Logfile:   C:/PULSAR/Projects/PPI/PoweredRail/Eval_Board_SOC/m2s010-som-fg484-1a-116-Rev1a_e/synthesis/ipc_tcp_microsemi_srv.log
Reconnect: 0
Use ipv6:  0

1484407807 -10:30:07 -0 -ipcServer::ipcServer params
Port:      58015
Logfile:   C:/PULSAR/Projects/PPI/PoweredRail/Common_Module_SOC/CommonModule_Rev1_2/synthesis/ipc_tcp_microsemi_srv.log
Reconnect: 0
Use ipv6:  0

1484500743 -12:19:03 -0 -ipcServer::ipcServer params
Port:      58015
Logfile:   C:/PULSAR/Projects/PPI/PoweredRail/Common_Module_SOC/CommonModule_Rev1_2/synthesis/ipc_tcp_microsemi_srv.log
Reconnect: 0
Use ipv6:  0

1484501757 -12:35:57 -0 -ipcServer::ipcServer params
Port:      58015
Logfile:   C:/PULSAR/Projects/PPI/PoweredRail/Common_Module_SOC/CommonModule_Rev1_2/synthesis/ipc_tcp_microsemi_srv.log
Reconnect: 0
Use ipv6:  0

1484502510 -12:48:30 -0 -ipcServer::ipcServer params
Port:      58015
Logfile:   C:/PULSAR/Projects/PPI/PoweredRail/Common_Module_SOC/CommonModule_Rev1_2/synthesis/ipc_tcp_microsemi_srv.log
Reconnect: 0
Use ipv6:  0

1485785402 -09:10:02 -0 -ipcServer::ipcServer params
Port:      58015
Logfile:   C:/PULSAR/Projects/PPI/PoweredRail/Common_Module_SOC/CommonModule_Rev1_3/synthesis/ipc_tcp_microsemi_srv.log
Reconnect: 0
Use ipv6:  0

1485788249 -09:57:29 -0 -ipcServer::ipcServer params
Port:      58015
Logfile:   C:/PULSAR/Projects/PPI/PoweredRail/Common_Module_SOC/CommonModule_Rev1_3/synthesis/ipc_tcp_microsemi_srv.log
Reconnect: 0
Use ipv6:  0

1485790655 -10:37:35 -0 -ipcServer::ipcServer params
Port:      58015
Logfile:   C:/PULSAR/Projects/PPI/PoweredRail/Common_Module_SOC/CommonModule_Rev1_3/synthesis/ipc_tcp_microsemi_srv.log
Reconnect: 0
Use ipv6:  0

1485791777 -10:56:17 -0 -ipcServer::ipcServer params
Port:      58015
Logfile:   C:/PULSAR/Projects/PPI/PoweredRail/Common_Module_SOC/CommonModule_Rev1_3/synthesis/ipc_tcp_microsemi_srv.log
Reconnect: 0
Use ipv6:  0

1485897741 -16:22:21 -0 -ipcServer::ipcServer params
Port:      58015
Logfile:   C:/PULSAR/Projects/PPI/PoweredRail/Common_Module_SOC/CommonModule_Rev1_3/synthesis/ipc_tcp_microsemi_srv.log
Reconnect: 0
Use ipv6:  0

1485903735 -18:02:15 -0 -ipcServer::ipcServer params
Port:      58015
Logfile:   C:/PULSAR/Projects/PPI/PoweredRail/Common_Module_SOC/CommonModule_Rev1_3/synthesis/ipc_tcp_microsemi_srv.log
Reconnect: 0
Use ipv6:  0

1486221519 -10:18:39 -0 -ipcServer::ipcServer params
Port:      58015
Logfile:   C:/PULSAR/Projects/PPI/PoweredRail/Common_Module_SOC/CommonModule_Rev1_3/synthesis/ipc_tcp_microsemi_srv.log
Reconnect: 0
Use ipv6:  0

1486224241 -11:04:01 -0 -ipcServer::ipcServer params
Port:      58015
Logfile:   C:/PULSAR/Projects/PPI/PoweredRail/Common_Module_SOC/CommonModule_Rev1_3/synthesis/ipc_tcp_microsemi_srv.log
Reconnect: 0
Use ipv6:  0

1486226625 -11:43:45 -0 -ipcServer::ipcServer params
Port:      58015
Logfile:   C:/PULSAR/Projects/PPI/PoweredRail/Common_Module_SOC/CommonModule_Rev1_3/synthesis/ipc_tcp_microsemi_srv.log
Reconnect: 0
Use ipv6:  0

1486228611 -12:16:51 -0 -ipcServer::ipcServer params
Port:      58015
Logfile:   C:/PULSAR/Projects/PPI/PoweredRail/Common_Module_SOC/CommonModule_Rev1_3/synthesis/ipc_tcp_microsemi_srv.log
Reconnect: 0
Use ipv6:  0

1486229593 -12:33:13 -0 -ipcServer::ipcServer params
Port:      58015
Logfile:   C:/PULSAR/Projects/PPI/PoweredRail/Common_Module_SOC/CommonModule_Rev1_3/synthesis/ipc_tcp_microsemi_srv.log
Reconnect: 0
Use ipv6:  0

1486229744 -12:35:44 -0 -ipcServer::ipcServer params
Port:      58015
Logfile:   C:/PULSAR/Projects/PPI/PoweredRail/Common_Module_SOC/CommonModule_Rev1_3/synthesis/ipc_tcp_microsemi_srv.log
Reconnect: 0
Use ipv6:  0

1486231184 -12:59:44 -0 -ipcServer::ipcServer params
Port:      58015
Logfile:   C:/PULSAR/Projects/PPI/PoweredRail/Common_Module_SOC/CommonModule_Rev1_3/synthesis/ipc_tcp_microsemi_srv.log
Reconnect: 0
Use ipv6:  0

1486233348 -13:35:48 -0 -ipcServer::ipcServer params
Port:      58015
Logfile:   C:/PULSAR/Projects/PPI/PoweredRail/Common_Module_SOC/CommonModule_Rev1_3/synthesis/ipc_tcp_microsemi_srv.log
Reconnect: 0
Use ipv6:  0

1486234903 -14:01:43 -0 -ipcServer::ipcServer params
Port:      58015
Logfile:   C:/PULSAR/Projects/PPI/PoweredRail/Common_Module_SOC/CommonModule_Rev1_3/synthesis/ipc_tcp_microsemi_srv.log
Reconnect: 0
Use ipv6:  0

1486250427 -18:20:27 -0 -ipcServer::ipcServer params
Port:      58015
Logfile:   C:/PULSAR/Projects/PPI/PoweredRail/Common_Module_SOC/CommonModule_Rev1_3/synthesis/ipc_tcp_microsemi_srv.log
Reconnect: 0
Use ipv6:  0

1486394584 -10:23:04 -0 -ipcServer::ipcServer params
Port:      58015
Logfile:   C:/PULSAR/Projects/PPI/PoweredRail/Common_Module_SOC/CommonModule_Rev1_3/synthesis/ipc_tcp_microsemi_srv.log
Reconnect: 0
Use ipv6:  0

1502473492 -13:44:52 -17563916 -ipcServer::ipcServer params
Port:      58015
Logfile:   C:/Users/gcallsen/Documents/Projects/FPGA/ModelSimRecovery/synthesis/ipc_tcp_microsemi_srv.log
Reconnect: 0
Use ipv6:  0

1502474947 -14:09:07 -1 -ipcServer.RunServer, loop stopped normal.
1502475400 -14:16:40 -17563916 -ipcServer::ipcServer params
Port:      58015
Logfile:   C:/Users/gcallsen/Documents/Projects/FPGA/ModelSimRecovery/synthesis/ipc_tcp_microsemi_srv.log
Reconnect: 0
Use ipv6:  0

1502475515 -14:18:35 -1 -ipcServer.RunServer, loop stopped normal.
1502477471 -14:51:11 -17563916 -ipcServer::ipcServer params
Port:      58015
Logfile:   C:/Users/gcallsen/Documents/Projects/FPGA/ModelSimRecovery/synthesis/ipc_tcp_microsemi_srv.log
Reconnect: 0
Use ipv6:  0

1502806970 -10:22:50 -17563916 -ipcServer::ipcServer params
Port:      58015
Logfile:   C:/Users/gcallsen/Documents/Projects/FPGA/1v6_Linux_4KLA_Lost_packets081317/synthesis/ipc_tcp_microsemi_srv.log
Reconnect: 0
Use ipv6:  0

1502808349 -10:45:49 -1 -ipcServer.RunServer, loop stopped normal.
1502997414 -15:16:54 -17563916 -ipcServer::ipcServer params
Port:      58015
Logfile:   C:/Users/gcallsen/Documents/Projects/FPGA/1v6_Linux_4KLA_Lost_packets081317/synthesis/ipc_tcp_microsemi_srv.log
Reconnect: 0
Use ipv6:  0

1502997765 -15:22:45 -10054 -ReadSocket return A
1502997765 -15:22:45 -10054 -... is coming from ipcServer::ReadFromSocket
1502997880 -15:24:40 -1 -ipcServer.RunServer, loop stopped normal.
1503059063 -08:24:23 -17563916 -ipcServer::ipcServer params
Port:      58015
Logfile:   C:/Users/gcallsen/Documents/Projects/FPGA/1v6_Linux_4KLA_Lost_packets081317/synthesis/ipc_tcp_microsemi_srv.log
Reconnect: 0
Use ipv6:  0

1503059279 -08:27:59 -1 -ipcServer.RunServer, loop stopped normal.
1503069577 -11:19:37 -17563916 -ipcServer::ipcServer params
Port:      58015
Logfile:   C:/Users/gcallsen/Documents/Projects/FPGA/1v6_Linux_4KLA_Lost_packets081317/synthesis/ipc_tcp_microsemi_srv.log
Reconnect: 0
Use ipv6:  0

1503077099 -13:24:59 -1 -ipcServer.RunServer, loop stopped normal.
1503669048 -09:50:48 -17563916 -ipcServer::ipcServer params
Port:      58015
Logfile:   C:/Users/gcallsen/Documents/Projects/FPGA/v1_6-082417-DebugCol/synthesis/ipc_tcp_microsemi_srv.log
Reconnect: 0
Use ipv6:  0

1503669170 -09:52:50 -1 -ipcServer.RunServer, loop stopped normal.
1503671244 -10:27:24 -17563916 -ipcServer::ipcServer params
Port:      58015
Logfile:   C:/Users/gcallsen/Documents/Projects/FPGA/v1_6-082417-DebugCol/synthesis/ipc_tcp_microsemi_srv.log
Reconnect: 0
Use ipv6:  0

1503671337 -10:28:57 -1 -ipcServer.RunServer, loop stopped normal.
1503671868 -10:37:48 -17563916 -ipcServer::ipcServer params
Port:      58015
Logfile:   C:/Users/gcallsen/Documents/Projects/FPGA/v1_6-082417-DebugCol/synthesis/ipc_tcp_microsemi_srv.log
Reconnect: 0
Use ipv6:  0

1503685936 -14:32:16 -1 -ipcServer.RunServer, loop stopped normal.
1503687460 -14:57:40 -17563916 -ipcServer::ipcServer params
Port:      58015
Logfile:   C:/Users/gcallsen/Documents/Projects/FPGA/v1_6-082417-DebugCol/synthesis/ipc_tcp_microsemi_srv.log
Reconnect: 0
Use ipv6:  0

1504012299 -09:11:39 -17563916 -ipcServer::ipcServer params
Port:      58015
Logfile:   C:/Users/gcallsen/Documents/Projects/FPGA/v1_6-082417-DebugCol/synthesis/ipc_tcp_microsemi_srv.log
Reconnect: 0
Use ipv6:  0

1504012388 -09:13:08 -1 -ipcServer.RunServer, loop stopped normal.
1504012596 -09:16:36 -17563916 -ipcServer::ipcServer params
Port:      58015
Logfile:   C:/Users/gcallsen/Documents/Projects/FPGA/v1_6-082417-DebugCol/synthesis/ipc_tcp_microsemi_srv.log
Reconnect: 0
Use ipv6:  0

1504016257 -10:17:37 -1 -ipcServer.RunServer, loop stopped normal.
1504018733 -10:58:53 -17563916 -ipcServer::ipcServer params
Port:      58015
Logfile:   C:/Users/gcallsen/Documents/Projects/FPGA/v1_6-082417-DebugCol/synthesis/ipc_tcp_microsemi_srv.log
Reconnect: 0
Use ipv6:  0

1504023693 -12:21:33 -1 -ipcServer.RunServer, loop stopped normal.
1504024553 -12:35:53 -17563916 -ipcServer::ipcServer params
Port:      58015
Logfile:   C:/Users/gcallsen/Documents/Projects/FPGA/v1_6-082417-DebugCol/synthesis/ipc_tcp_microsemi_srv.log
Reconnect: 0
Use ipv6:  0

1504031517 -14:31:57 -1 -ipcServer.RunServer, loop stopped normal.
1504031633 -14:33:53 -17563916 -ipcServer::ipcServer params
Port:      58015
Logfile:   C:/Users/gcallsen/Documents/Projects/FPGA/v1_6-082417-DebugCol/synthesis/ipc_tcp_microsemi_srv.log
Reconnect: 0
Use ipv6:  0

1504033651 -15:07:31 -1 -ipcServer.RunServer, loop stopped normal.
1504036503 -15:55:03 -17563916 -ipcServer::ipcServer params
Port:      58015
Logfile:   C:/Users/gcallsen/Documents/Projects/FPGA/v1_6-082417-DebugCol/synthesis/ipc_tcp_microsemi_srv.log
Reconnect: 0
Use ipv6:  0

1504036747 -15:59:07 -1 -ipcServer.RunServer, loop stopped normal.
1504095679 -08:21:19 -17563916 -ipcServer::ipcServer params
Port:      58015
Logfile:   C:/Users/gcallsen/Documents/Projects/FPGA/v1_6-082417-DebugCol/synthesis/ipc_tcp_microsemi_srv.log
Reconnect: 0
Use ipv6:  0

1504097930 -08:58:50 -1 -ipcServer.RunServer, loop stopped normal.
1504098041 -09:00:41 -17563916 -ipcServer::ipcServer params
Port:      58015
Logfile:   C:/Users/gcallsen/Documents/Projects/FPGA/v1_6-082417-DebugCol/synthesis/ipc_tcp_microsemi_srv.log
Reconnect: 0
Use ipv6:  0

1504106634 -11:23:54 -1 -ipcServer.RunServer, loop stopped normal.
1504117397 -14:23:17 -17563916 -ipcServer::ipcServer params
Port:      58015
Logfile:   C:/Users/gcallsen/Documents/Projects/FPGA/v1_6-082417-DebugCol/synthesis/ipc_tcp_microsemi_srv.log
Reconnect: 0
Use ipv6:  0

1504117514 -14:25:14 -1 -ipcServer.RunServer, loop stopped normal.
1504117612 -14:26:52 -17563916 -ipcServer::ipcServer params
Port:      58015
Logfile:   C:/Users/gcallsen/Documents/Projects/FPGA/v1_6-082417-DebugCol/synthesis/ipc_tcp_microsemi_srv.log
Reconnect: 0
Use ipv6:  0

1504118063 -14:34:23 -1 -ipcServer.RunServer, loop stopped normal.
1504120066 -15:07:46 -17563916 -ipcServer::ipcServer params
Port:      58015
Logfile:   C:/Users/gcallsen/Documents/Projects/FPGA/v1_6-082417-DebugCol/synthesis/ipc_tcp_microsemi_srv.log
Reconnect: 0
Use ipv6:  0

1504120833 -15:20:33 -1 -ipcServer.RunServer, loop stopped normal.
1504121658 -15:34:18 -17563916 -ipcServer::ipcServer params
Port:      58015
Logfile:   C:/Users/gcallsen/Documents/Projects/FPGA/v1_6-082417-DebugCol/synthesis/ipc_tcp_microsemi_srv.log
Reconnect: 0
Use ipv6:  0

1504122337 -15:45:37 -1 -ipcServer.RunServer, loop stopped normal.
1504269278 -08:34:38 -17563916 -ipcServer::ipcServer params
Port:      58015
Logfile:   C:/Users/gcallsen/Documents/Projects/FPGA/v1_6-082417-DebugCol/synthesis/ipc_tcp_microsemi_srv.log
Reconnect: 0
Use ipv6:  0

1504271241 -09:07:21 -1 -ipcServer.RunServer, loop stopped normal.
1504272628 -09:30:28 -17563916 -ipcServer::ipcServer params
Port:      58015
Logfile:   C:/Users/gcallsen/Documents/Projects/FPGA/v1_6-082417-DebugCol/synthesis/ipc_tcp_microsemi_srv.log
Reconnect: 0
Use ipv6:  0

1504272653 -09:30:53 -1 -ipcServer.RunServer, loop stopped normal.
1504276025 -10:27:05 -17563916 -ipcServer::ipcServer params
Port:      58015
Logfile:   C:/Users/gcallsen/Documents/Projects/FPGA/v1_6-082417-DebugCol/synthesis/ipc_tcp_microsemi_srv.log
Reconnect: 0
Use ipv6:  0

1504279629 -11:27:09 -1 -ipcServer.RunServer, loop stopped normal.
1504280412 -11:40:12 -17563916 -ipcServer::ipcServer params
Port:      58015
Logfile:   C:/Users/gcallsen/Documents/Projects/FPGA/v1_6-082417-DebugCol/synthesis/ipc_tcp_microsemi_srv.log
Reconnect: 0
Use ipv6:  0

1504281245 -11:54:05 -1 -ipcServer.RunServer, loop stopped normal.
1504282988 -12:23:08 -17563916 -ipcServer::ipcServer params
Port:      58015
Logfile:   C:/Users/gcallsen/Documents/Projects/FPGA/v1_6-082417-DebugCol/synthesis/ipc_tcp_microsemi_srv.log
Reconnect: 0
Use ipv6:  0

1504283515 -12:31:55 -1 -ipcServer.RunServer, loop stopped normal.
1504285270 -13:01:10 -17563916 -ipcServer::ipcServer params
Port:      58015
Logfile:   C:/Users/gcallsen/Documents/Projects/FPGA/v1_6-082417-DebugCol/synthesis/ipc_tcp_microsemi_srv.log
Reconnect: 0
Use ipv6:  0

1504286793 -13:26:33 -1 -ipcServer.RunServer, loop stopped normal.
1504286832 -13:27:12 -17563916 -ipcServer::ipcServer params
Port:      58015
Logfile:   C:/Users/gcallsen/Documents/Projects/FPGA/v1_6-082417-DebugCol/synthesis/ipc_tcp_microsemi_srv.log
Reconnect: 0
Use ipv6:  0

1504291565 -14:46:05 -1 -ipcServer.RunServer, loop stopped normal.
1504291618 -14:46:58 -17563916 -ipcServer::ipcServer params
Port:      58015
Logfile:   C:/Users/gcallsen/Documents/Projects/FPGA/v1_6-082417-DebugCol/synthesis/ipc_tcp_microsemi_srv.log
Reconnect: 0
Use ipv6:  0

1504293806 -15:23:26 -1 -ipcServer.RunServer, loop stopped normal.
1504353948 -08:05:48 -17563916 -ipcServer::ipcServer params
Port:      58015
Logfile:   C:/Users/gcallsen/Documents/Projects/FPGA/v1_6-082417-DebugCol/synthesis/ipc_tcp_microsemi_srv.log
Reconnect: 0
Use ipv6:  0

1504354547 -08:15:47 -1 -ipcServer.RunServer, loop stopped normal.
1504355926 -08:38:46 -17563916 -ipcServer::ipcServer params
Port:      58015
Logfile:   C:/Users/gcallsen/Documents/Projects/FPGA/v1_6-082417-DebugCol/synthesis/ipc_tcp_microsemi_srv.log
Reconnect: 0
Use ipv6:  0

1504359356 -09:35:56 -1 -ipcServer.RunServer, loop stopped normal.
1504368760 -12:12:40 -17563916 -ipcServer::ipcServer params
Port:      58015
Logfile:   C:/Users/gcallsen/Documents/Projects/FPGA/v1_6-082417-DebugCol/synthesis/ipc_tcp_microsemi_srv.log
Reconnect: 0
Use ipv6:  0

1504372864 -13:21:04 -1 -ipcServer.RunServer, loop stopped normal.
1504373991 -13:39:51 -17563916 -ipcServer::ipcServer params
Port:      58015
Logfile:   C:/Users/gcallsen/Documents/Projects/FPGA/v1_6-082417-DebugCol/synthesis/ipc_tcp_microsemi_srv.log
Reconnect: 0
Use ipv6:  0

1504375821 -14:10:21 -1 -ipcServer.RunServer, loop stopped normal.
1505152173 -13:49:33 -17563916 -ipcServer::ipcServer params
Port:      58015
Logfile:   C:/Users/gcallsen/Documents/GitHubBF/PPI.SOC.FPGAv1.6/synthesis/ipc_tcp_microsemi_srv.log
Reconnect: 0
Use ipv6:  0

1505159432 -15:50:32 -10054 -ReadSocket return A
1505159432 -15:50:32 -10054 -... is coming from ipcServer::ReadFromSocket
1505159434 -15:50:34 -10054 -ReadSocket return A
1505159434 -15:50:34 -10054 -... is coming from ipcServer::ReadFromSocket
1505229088 -11:11:28 -10054 -ReadSocket return A
1505229088 -11:11:28 -10054 -... is coming from ipcServer::ReadFromSocket
1505229089 -11:11:29 -10054 -ReadSocket return A
1505229089 -11:11:29 -10054 -... is coming from ipcServer::ReadFromSocket
1505239044 -13:57:24 -1 -ipcServer.RunServer, loop stopped normal.
1505239318 -14:01:58 -17563916 -ipcServer::ipcServer params
Port:      58015
Logfile:   C:/Users/gcallsen/Documents/GitHubBF/PPI.SOC.FPGAv1.6/synthesis/ipc_tcp_microsemi_srv.log
Reconnect: 0
Use ipv6:  0

1505247733 -16:22:13 -0 -ReadSocket return B
1505247733 -16:22:13 -0 -... is coming from ipcServer::ReadFromSocket
1505323778 -13:29:38 -10054 -ReadSocket return A
1505323778 -13:29:38 -10054 -... is coming from ipcServer::ReadFromSocket
1505323780 -13:29:40 -10054 -ReadSocket return A
1505323780 -13:29:40 -10054 -... is coming from ipcServer::ReadFromSocket
1505324083 -13:34:43 -10054 -ReadSocket return A
1505324083 -13:34:43 -10054 -... is coming from ipcServer::ReadFromSocket
1505394414 -09:06:54 -0 -ReadSocket return B
1505394414 -09:06:54 -0 -... is coming from ipcServer::ReadFromSocket
1505413683 -14:28:03 -0 -ReadSocket return B
1505413683 -14:28:03 -0 -... is coming from ipcServer::ReadFromSocket
1505748435 -11:27:15 -10054 -ReadSocket return A
1505748435 -11:27:15 -10054 -... is coming from ipcServer::ReadFromSocket
1505748436 -11:27:16 -10054 -ReadSocket return A
1505748436 -11:27:16 -10054 -... is coming from ipcServer::ReadFromSocket
1505748437 -11:27:17 -10054 -ReadSocket return A
1505748437 -11:27:17 -10054 -... is coming from ipcServer::ReadFromSocket
1505748440 -11:27:20 -10054 -ReadSocket return A
1505748440 -11:27:20 -10054 -... is coming from ipcServer::ReadFromSocket
1505748440 -11:27:20 -10054 -ReadSocket return A
1505748440 -11:27:20 -10054 -... is coming from ipcServer::ReadFromSocket
1505748442 -11:27:22 -10054 -ReadSocket return A
1505748442 -11:27:22 -10054 -... is coming from ipcServer::ReadFromSocket
1505748444 -11:27:24 -10054 -ReadSocket return A
1505748444 -11:27:24 -10054 -... is coming from ipcServer::ReadFromSocket
1505748449 -11:27:29 -10054 -ReadSocket return A
1505748449 -11:27:29 -10054 -... is coming from ipcServer::ReadFromSocket
1505748449 -11:27:29 -10054 -ReadSocket return A
1505748449 -11:27:29 -10054 -... is coming from ipcServer::ReadFromSocket
1505748451 -11:27:31 -10054 -ReadSocket return A
1505748451 -11:27:31 -10054 -... is coming from ipcServer::ReadFromSocket
1505748452 -11:27:32 -10054 -ReadSocket return A
1505748452 -11:27:32 -10054 -... is coming from ipcServer::ReadFromSocket
1505748452 -11:27:32 -10054 -ReadSocket return A
1505748452 -11:27:32 -10054 -... is coming from ipcServer::ReadFromSocket
1505748453 -11:27:33 -10054 -ReadSocket return A
1505748453 -11:27:33 -10054 -... is coming from ipcServer::ReadFromSocket
1505748454 -11:27:34 -10054 -ReadSocket return A
1505748454 -11:27:34 -10054 -... is coming from ipcServer::ReadFromSocket
1505748456 -11:27:36 -10054 -ReadSocket return A
1505748456 -11:27:36 -10054 -... is coming from ipcServer::ReadFromSocket
1505748457 -11:27:37 -10054 -ReadSocket return A
1505748457 -11:27:37 -10054 -... is coming from ipcServer::ReadFromSocket
1505748457 -11:27:37 -10054 -ReadSocket return A
1505748457 -11:27:37 -10054 -... is coming from ipcServer::ReadFromSocket
1505749506 -11:45:06 -10054 -ReadSocket return A
1505749506 -11:45:06 -10054 -... is coming from ipcServer::ReadFromSocket
1505749949 -11:52:29 -1 -ipcServer.RunServer, loop stopped normal.
1505749987 -11:53:07 -17563916 -ipcServer::ipcServer params
Port:      58015
Logfile:   C:/Users/gcallsen/Documents/GitHubBF/PPI.SOC.FPGAv1.6/synthesis/ipc_tcp_microsemi_srv.log
Reconnect: 0
Use ipv6:  0

1505751599 -12:19:59 -1 -ipcServer.RunServer, loop stopped normal.
1505752297 -12:31:37 -17563916 -ipcServer::ipcServer params
Port:      58015
Logfile:   C:/Users/gcallsen/Documents/GitHubBF/PPI.SOC.FPGAv1.6/synthesis/ipc_tcp_microsemi_srv.log
Reconnect: 0
Use ipv6:  0

1505752522 -12:35:22 -1 -ipcServer.RunServer, loop stopped normal.
1505753737 -12:55:37 -17563916 -ipcServer::ipcServer params
Port:      58015
Logfile:   C:/Users/gcallsen/Documents/GitHubBF/PPI.SOC.FPGAv1.6/synthesis/ipc_tcp_microsemi_srv.log
Reconnect: 0
Use ipv6:  0

1505755898 -13:31:38 -1 -ipcServer.RunServer, loop stopped normal.
1505760922 -14:55:22 -17563916 -ipcServer::ipcServer params
Port:      58015
Logfile:   C:/Users/gcallsen/Documents/GitHubBF/PPI.SOC.FPGAv1.6/synthesis/ipc_tcp_microsemi_srv.log
Reconnect: 0
Use ipv6:  0

1505761155 -14:59:15 -1 -ipcServer.RunServer, loop stopped normal.
1505762160 -15:16:00 -17563916 -ipcServer::ipcServer params
Port:      58015
Logfile:   C:/Users/gcallsen/Documents/GitHubBF/PPI.SOC.FPGAv1.6/synthesis/ipc_tcp_microsemi_srv.log
Reconnect: 0
Use ipv6:  0

1505763772 -15:42:52 -1 -ipcServer.RunServer, loop stopped normal.
1505764721 -15:58:41 -17563916 -ipcServer::ipcServer params
Port:      58015
Logfile:   C:/Users/gcallsen/Documents/GitHubBF/PPI.SOC.FPGAv1.6/synthesis/ipc_tcp_microsemi_srv.log
Reconnect: 0
Use ipv6:  0

1505765558 -16:12:38 -1 -ipcServer.RunServer, loop stopped normal.
1505825239 -08:47:19 -17563916 -ipcServer::ipcServer params
Port:      58015
Logfile:   C:/Users/gcallsen/Documents/GitHubBF/PPI.SOC.FPGAv1.6/synthesis/ipc_tcp_microsemi_srv.log
Reconnect: 0
Use ipv6:  0

1505827485 -09:24:45 -1 -ipcServer.RunServer, loop stopped normal.
1505829918 -10:05:18 -17563916 -ipcServer::ipcServer params
Port:      58015
Logfile:   C:/Users/gcallsen/Documents/GitHubBF/PPI.SOC.FPGAv1.6/synthesis/ipc_tcp_microsemi_srv.log
Reconnect: 0
Use ipv6:  0

1505833014 -10:56:54 -1 -ipcServer.RunServer, loop stopped normal.
1505835292 -11:34:52 -17563916 -ipcServer::ipcServer params
Port:      58015
Logfile:   C:/Users/gcallsen/Documents/GitHubBF/PPI.SOC.FPGAv1.6/synthesis/ipc_tcp_microsemi_srv.log
Reconnect: 0
Use ipv6:  0

1505835604 -11:40:04 -1 -ipcServer.RunServer, loop stopped normal.
1505835615 -11:40:15 -17563916 -ipcServer::ipcServer params
Port:      58015
Logfile:   C:/Users/gcallsen/Documents/GitHubBF/PPI.SOC.FPGAv1.6/synthesis/ipc_tcp_microsemi_srv.log
Reconnect: 0
Use ipv6:  0

1505837094 -12:04:54 -0 -ReadSocket return B
1505837094 -12:04:54 -0 -... is coming from ipcServer::ReadFromSocket
1505837098 -12:04:58 -1 -ipcServer.RunServer, loop stopped normal.
1505838784 -12:33:04 -17563916 -ipcServer::ipcServer params
Port:      58015
Logfile:   C:/Users/gcallsen/Documents/GitHubBF/PPI.SOC.FPGAv1.6/synthesis/ipc_tcp_microsemi_srv.log
Reconnect: 0
Use ipv6:  0

1505842115 -13:28:35 -1 -ipcServer.RunServer, loop stopped normal.
1505843816 -13:56:56 -17563916 -ipcServer::ipcServer params
Port:      58015
Logfile:   C:/Users/gcallsen/Documents/GitHubBF/PPI.SOC.FPGAv1.6/synthesis/ipc_tcp_microsemi_srv.log
Reconnect: 0
Use ipv6:  0

1505851573 -16:06:13 -1 -ipcServer.RunServer, loop stopped normal.
1505919515 -10:58:35 -17563916 -ipcServer::ipcServer params
Port:      58015
Logfile:   C:/Users/gcallsen/Documents/GitHubBF/PPI.SOC.FPGAv1.6/synthesis/ipc_tcp_microsemi_srv.log
Reconnect: 0
Use ipv6:  0

1505921829 -11:37:09 -1 -ipcServer.RunServer, loop stopped normal.
1505922889 -11:54:49 -17563916 -ipcServer::ipcServer params
Port:      58015
Logfile:   C:/Users/gcallsen/Documents/GitHubBF/PPI.SOC.FPGAv1.6/synthesis/ipc_tcp_microsemi_srv.log
Reconnect: 0
Use ipv6:  0

1505928190 -13:23:10 -1 -ipcServer.RunServer, loop stopped normal.
1505929025 -13:37:05 -17563916 -ipcServer::ipcServer params
Port:      58015
Logfile:   C:/Users/gcallsen/Documents/GitHubBF/PPI.SOC.FPGAv1.6/synthesis/ipc_tcp_microsemi_srv.log
Reconnect: 0
Use ipv6:  0

1505929321 -13:42:01 -1 -ipcServer.RunServer, loop stopped normal.
1505929406 -13:43:26 -17563916 -ipcServer::ipcServer params
Port:      58015
Logfile:   C:/Users/gcallsen/Documents/GitHubBF/PPI.SOC.FPGAv1.6/synthesis/ipc_tcp_microsemi_srv.log
Reconnect: 0
Use ipv6:  0

1505930036 -13:53:56 -1 -ipcServer.RunServer, loop stopped normal.
1505930196 -13:56:36 -17563916 -ipcServer::ipcServer params
Port:      58015
Logfile:   C:/Users/gcallsen/Documents/GitHubBF/PPI.SOC.FPGAv1.6/synthesis/ipc_tcp_microsemi_srv.log
Reconnect: 0
Use ipv6:  0

1505936792 -15:46:32 -1 -ipcServer.RunServer, loop stopped normal.
1505937520 -15:58:40 -17563916 -ipcServer::ipcServer params
Port:      58015
Logfile:   C:/Users/gcallsen/Documents/GitHubBF/PPI.SOC.FPGAv1.6/synthesis/ipc_tcp_microsemi_srv.log
Reconnect: 0
Use ipv6:  0

1505937927 -16:05:27 -1 -ipcServer.RunServer, loop stopped normal.
1505937971 -16:06:11 -17563916 -ipcServer::ipcServer params
Port:      58015
Logfile:   C:/Users/gcallsen/Documents/GitHubBF/PPI.SOC.FPGAv1.6/synthesis/ipc_tcp_microsemi_srv.log
Reconnect: 0
Use ipv6:  0

1506004484 -10:34:44 -1 -ipcServer.RunServer, loop stopped normal.
1506008317 -11:38:37 -17563916 -ipcServer::ipcServer params
Port:      58015
Logfile:   C:/Users/gcallsen/Documents/GitHubBF/PPI.SOC.FPGAv1.6/synthesis/ipc_tcp_microsemi_srv.log
Reconnect: 0
Use ipv6:  0

1506008825 -11:47:05 -1 -ipcServer.RunServer, loop stopped normal.
1506010355 -12:12:35 -17563916 -ipcServer::ipcServer params
Port:      58015
Logfile:   C:/Users/gcallsen/Documents/GitHubBF/PPI.SOC.FPGAv1.6/synthesis/ipc_tcp_microsemi_srv.log
Reconnect: 0
Use ipv6:  0

1506011051 -12:24:11 -1 -ipcServer.RunServer, loop stopped normal.
1506013277 -13:01:17 -17563916 -ipcServer::ipcServer params
Port:      58015
Logfile:   C:/Users/gcallsen/Documents/GitHubBF/PPI.SOC.FPGAv1.6/synthesis/ipc_tcp_microsemi_srv.log
Reconnect: 0
Use ipv6:  0

1506018673 -14:31:13 -1 -ipcServer.RunServer, loop stopped normal.
1506019712 -14:48:32 -17563916 -ipcServer::ipcServer params
Port:      58015
Logfile:   C:/Users/gcallsen/Documents/GitHubBF/PPI.SOC.FPGAv1.6/synthesis/ipc_tcp_microsemi_srv.log
Reconnect: 0
Use ipv6:  0

1506024682 -16:11:22 -1 -ipcServer.RunServer, loop stopped normal.
1506024737 -16:12:17 -17563916 -ipcServer::ipcServer params
Port:      58015
Logfile:   C:/Users/gcallsen/Documents/GitHubBF/PPI.SOC.FPGAv1.6/synthesis/ipc_tcp_microsemi_srv.log
Reconnect: 0
Use ipv6:  0

1506085519 -09:05:19 -1 -ipcServer.RunServer, loop stopped normal.
1506085535 -09:05:35 -17563916 -ipcServer::ipcServer params
Port:      58015
Logfile:   C:/Users/gcallsen/Documents/GitHubBF/PPI.SOC.FPGAv1.6/synthesis/ipc_tcp_microsemi_srv.log
Reconnect: 0
Use ipv6:  0

1506104515 -14:21:55 -1 -ipcServer.RunServer, loop stopped normal.
1506106784 -14:59:44 -17563916 -ipcServer::ipcServer params
Port:      58015
Logfile:   C:/Users/gcallsen/Documents/GitHubBF/PPI.SOC.FPGAv1.6/synthesis/ipc_tcp_microsemi_srv.log
Reconnect: 0
Use ipv6:  0

1506343624 -08:47:04 -1 -ipcServer.RunServer, loop stopped normal.
1506346186 -09:29:46 -17563916 -ipcServer::ipcServer params
Port:      58015
Logfile:   C:/Users/gcallsen/Documents/GitHubBF/PPI.SOC.FPGAv1.6/synthesis/ipc_tcp_microsemi_srv.log
Reconnect: 0
Use ipv6:  0

1506346477 -09:34:37 -1 -ipcServer.RunServer, loop stopped normal.
1506445582 -13:06:22 -17563916 -ipcServer::ipcServer params
Port:      58015
Logfile:   C:/Users/gcallsen/Documents/GitHubBF/PPI.SOC.FPGAv1.6/synthesis/ipc_tcp_microsemi_srv.log
Reconnect: 0
Use ipv6:  0

1506528544 -12:09:04 -1 -ipcServer.RunServer, loop stopped normal.
1506532116 -13:08:36 -17563916 -ipcServer::ipcServer params
Port:      58015
Logfile:   C:/Users/gcallsen/Documents/GitHubBF/PPI.SOC.FPGAv1.6/synthesis/ipc_tcp_microsemi_srv.log
Reconnect: 0
Use ipv6:  0

1506532704 -13:18:24 -1 -ipcServer.RunServer, loop stopped normal.
1506533893 -13:38:13 -17563916 -ipcServer::ipcServer params
Port:      58015
Logfile:   C:/Users/gcallsen/Documents/GitHubBF/PPI.SOC.FPGAv1.6/synthesis/ipc_tcp_microsemi_srv.log
Reconnect: 0
Use ipv6:  0

1506537340 -14:35:40 -1 -ipcServer.RunServer, loop stopped normal.
1506544262 -16:31:02 -17563916 -ipcServer::ipcServer params
Port:      58015
Logfile:   C:/Users/gcallsen/Documents/GitHubBF/PPI.SOC.FPGAv1.6/synthesis/ipc_tcp_microsemi_srv.log
Reconnect: 0
Use ipv6:  0

1506602848 -08:47:28 -1 -ipcServer.RunServer, loop stopped normal.
1506603502 -08:58:22 -17563916 -ipcServer::ipcServer params
Port:      58015
Logfile:   C:/Users/gcallsen/Documents/GitHubBF/PPI.SOC.FPGAv1.6/synthesis/ipc_tcp_microsemi_srv.log
Reconnect: 0
Use ipv6:  0

1506604790 -09:19:50 -1 -ipcServer.RunServer, loop stopped normal.
1506963898 -13:04:58 -17563916 -ipcServer::ipcServer params
Port:      58015
Logfile:   C:/Users/gcallsen/Documents/GitHubBF/PPI.SOC.FPGAv1.6/synthesis/ipc_tcp_microsemi_srv.log
Reconnect: 0
Use ipv6:  0

1506965992 -13:39:52 -1 -ipcServer.RunServer, loop stopped normal.
1506967199 -13:59:59 -17563916 -ipcServer::ipcServer params
Port:      58015
Logfile:   C:/Users/gcallsen/Documents/GitHubBF/PPI.SOC.FPGAv1.6/synthesis/ipc_tcp_microsemi_srv.log
Reconnect: 0
Use ipv6:  0

1506969030 -14:30:30 -1 -ipcServer.RunServer, loop stopped normal.
1507129168 -10:59:28 -17563916 -ipcServer::ipcServer params
Port:      58015
Logfile:   C:/Users/gcallsen/Documents/GitHubBF/PPI.SOC.FPGAv1.6/synthesis/ipc_tcp_microsemi_srv.log
Reconnect: 0
Use ipv6:  0

1507134154 -12:22:34 -1 -ipcServer.RunServer, loop stopped normal.
1507134904 -12:35:04 -17563916 -ipcServer::ipcServer params
Port:      58015
Logfile:   C:/Users/gcallsen/Documents/GitHubBF/PPI.SOC.FPGAv1.6/synthesis/ipc_tcp_microsemi_srv.log
Reconnect: 0
Use ipv6:  0

1507143032 -14:50:32 -1 -ipcServer.RunServer, loop stopped normal.
1507147299 -16:01:39 -17563916 -ipcServer::ipcServer params
Port:      58015
Logfile:   C:/Users/gcallsen/Documents/GitHubBF/PPI.SOC.FPGAv1.6/synthesis/ipc_tcp_microsemi_srv.log
Reconnect: 0
Use ipv6:  0

1507150121 -16:48:41 -1 -ipcServer.RunServer, loop stopped normal.
1507206918 -08:35:18 -17563916 -ipcServer::ipcServer params
Port:      58015
Logfile:   C:/Users/gcallsen/Documents/GitHubBF/PPI.SOC.FPGAv1.6/synthesis/ipc_tcp_microsemi_srv.log
Reconnect: 0
Use ipv6:  0

1507223826 -13:17:06 -1 -ipcServer.RunServer, loop stopped normal.
1507307774 -12:36:14 -17563916 -ipcServer::ipcServer params
Port:      58015
Logfile:   C:/Users/gcallsen/Documents/GitHubBF/PPI.SOC.FPGAv1.6/synthesis/ipc_tcp_microsemi_srv.log
Reconnect: 0
Use ipv6:  0

1507313005 -14:03:25 -1 -ipcServer.RunServer, loop stopped normal.
1507821549 -11:19:09 -17563916 -ipcServer::ipcServer params
Port:      58015
Logfile:   C:/Users/gcallsen/Documents/GitHubBF/PPI.SOC.FPGAv1.6/synthesis/ipc_tcp_microsemi_srv.log
Reconnect: 0
Use ipv6:  0

1507825674 -12:27:54 -1 -ipcServer.RunServer, loop stopped normal.
1507831041 -13:57:21 -17563916 -ipcServer::ipcServer params
Port:      58015
Logfile:   C:/Users/gcallsen/Documents/GitHubBF/PPI.SOC.FPGAv1.6/synthesis/ipc_tcp_microsemi_srv.log
Reconnect: 0
Use ipv6:  0

1507839999 -16:26:39 -1 -ipcServer.RunServer, loop stopped normal.
1507840823 -16:40:23 -17563916 -ipcServer::ipcServer params
Port:      58015
Logfile:   C:/Users/gcallsen/Documents/GitHubBF/PPI.SOC.FPGAv1.6/synthesis/ipc_tcp_microsemi_srv.log
Reconnect: 0
Use ipv6:  0

1507901912 -09:38:32 -1 -ipcServer.RunServer, loop stopped normal.
1507903353 -10:02:33 -17563916 -ipcServer::ipcServer params
Port:      58015
Logfile:   C:/Users/gcallsen/Documents/GitHubBF/PPI.SOC.FPGAv1.6/synthesis/ipc_tcp_microsemi_srv.log
Reconnect: 0
Use ipv6:  0

1507907231 -11:07:11 -1 -ipcServer.RunServer, loop stopped normal.
1507917597 -13:59:57 -17563916 -ipcServer::ipcServer params
Port:      58015
Logfile:   C:/Users/gcallsen/Documents/GitHubBF/PPI.SOC.FPGAv1.6/synthesis/ipc_tcp_microsemi_srv.log
Reconnect: 0
Use ipv6:  0

1507917653 -14:00:53 -1 -ipcServer.RunServer, loop stopped normal.
1507917692 -14:01:32 -17563916 -ipcServer::ipcServer params
Port:      58015
Logfile:   C:/Users/gcallsen/Documents/GitHubBF/PPI.SOC.FPGAv1.6/synthesis/ipc_tcp_microsemi_srv.log
Reconnect: 0
Use ipv6:  0

1507917737 -14:02:17 -1 -ipcServer.RunServer, loop stopped normal.
1507917868 -14:04:28 -17563916 -ipcServer::ipcServer params
Port:      58015
Logfile:   C:/Users/gcallsen/Documents/GitHubBF/PPI.SOC.FPGAv1.6/synthesis/ipc_tcp_microsemi_srv.log
Reconnect: 0
Use ipv6:  0

1508157285 -08:34:45 -1 -ipcServer.RunServer, loop stopped normal.
1508175387 -13:36:27 -17563916 -ipcServer::ipcServer params
Port:      58015
Logfile:   C:/Users/gcallsen/Documents/GitHubBF/PPI.SOC.FPGAv1.6/synthesis/ipc_tcp_microsemi_srv.log
Reconnect: 0
Use ipv6:  0

1508179224 -14:40:24 -1 -ipcServer.RunServer, loop stopped normal.
1508262860 -13:54:20 -17563916 -ipcServer::ipcServer params
Port:      58015
Logfile:   C:/Users/gcallsen/Documents/GitHubBF/PPI.SOC.FPGAv1.6/synthesis/ipc_tcp_microsemi_srv.log
Reconnect: 0
Use ipv6:  0

1508264162 -14:16:02 -1 -ipcServer.RunServer, loop stopped normal.
1508265465 -14:37:45 -17563916 -ipcServer::ipcServer params
Port:      58015
Logfile:   C:/Users/gcallsen/Documents/GitHubBF/PPI.SOC.FPGAv1.6/synthesis/ipc_tcp_microsemi_srv.log
Reconnect: 0
Use ipv6:  0

1508269790 -15:49:50 -1 -ipcServer.RunServer, loop stopped normal.
1508335204 -10:00:04 -17563916 -ipcServer::ipcServer params
Port:      58015
Logfile:   C:/Users/gcallsen/Documents/GitHubBF/PPI.SOC.FPGAv1.6/synthesis/ipc_tcp_microsemi_srv.log
Reconnect: 0
Use ipv6:  0

1508338219 -10:50:19 -1 -ipcServer.RunServer, loop stopped normal.
1508342024 -11:53:44 -17563916 -ipcServer::ipcServer params
Port:      58015
Logfile:   C:/Users/gcallsen/Documents/GitHubBF/PPI.SOC.FPGAv1.6/synthesis/ipc_tcp_microsemi_srv.log
Reconnect: 0
Use ipv6:  0

1508346174 -13:02:54 -1 -ipcServer.RunServer, loop stopped normal.
1508350609 -14:16:49 -17563916 -ipcServer::ipcServer params
Port:      58015
Logfile:   C:/Users/gcallsen/Documents/GitHubBF/PPI.SOC.FPGAv1.6/synthesis/ipc_tcp_microsemi_srv.log
Reconnect: 0
Use ipv6:  0

1508359805 -16:50:05 -1 -ipcServer.RunServer, loop stopped normal.
1508424086 -10:41:26 -17563916 -ipcServer::ipcServer params
Port:      58015
Logfile:   C:/Users/gcallsen/Documents/GitHubBF/PPI.SOC.FPGAv1.6/synthesis/ipc_tcp_microsemi_srv.log
Reconnect: 0
Use ipv6:  0

1508430347 -12:25:47 -1 -ipcServer.RunServer, loop stopped normal.
1508441442 -15:30:42 -17563916 -ipcServer::ipcServer params
Port:      58015
Logfile:   C:/Users/gcallsen/Documents/GitHubBF/PPI.SOC.FPGAv1.6/synthesis/ipc_tcp_microsemi_srv.log
Reconnect: 0
Use ipv6:  0

1508443671 -16:07:51 -1 -ipcServer.RunServer, loop stopped normal.
1508444646 -16:24:06 -17563916 -ipcServer::ipcServer params
Port:      58015
Logfile:   C:/Users/gcallsen/Documents/GitHubBF/PPI.SOC.FPGAv1.6/synthesis/ipc_tcp_microsemi_srv.log
Reconnect: 0
Use ipv6:  0

1508447939 -17:18:59 -1 -ipcServer.RunServer, loop stopped normal.
1508502452 -08:27:32 -17563916 -ipcServer::ipcServer params
Port:      58015
Logfile:   C:/Users/gcallsen/Documents/GitHubBF/PPI.SOC.FPGAv1.6/synthesis/ipc_tcp_microsemi_srv.log
Reconnect: 0
Use ipv6:  0

1508515959 -12:12:39 -1 -ipcServer.RunServer, loop stopped normal.
1508518270 -12:51:10 -17563916 -ipcServer::ipcServer params
Port:      58015
Logfile:   C:/Users/gcallsen/Documents/GitHubBF/PPI.SOC.FPGAv1.6/synthesis/ipc_tcp_microsemi_srv.log
Reconnect: 0
Use ipv6:  0

1508522041 -13:54:01 -1 -ipcServer.RunServer, loop stopped normal.
1508523294 -14:14:54 -17563916 -ipcServer::ipcServer params
Port:      58015
Logfile:   C:/Users/gcallsen/Documents/GitHubBF/PPI.SOC.FPGAv1.6/synthesis/ipc_tcp_microsemi_srv.log
Reconnect: 0
Use ipv6:  0

1508526723 -15:12:03 -1 -ipcServer.RunServer, loop stopped normal.
1508779872 -13:31:12 -17563916 -ipcServer::ipcServer params
Port:      58015
Logfile:   C:/Users/gcallsen/Documents/GitHubBF/PPI.SOC.FPGAv1.6/synthesis/ipc_tcp_microsemi_srv.log
Reconnect: 0
Use ipv6:  0

1508782739 -14:18:59 -1 -ipcServer.RunServer, loop stopped normal.
1508784330 -14:45:30 -17563916 -ipcServer::ipcServer params
Port:      58015
Logfile:   C:/Users/gcallsen/Documents/GitHubBF/PPI.SOC.FPGAv1.6/synthesis/ipc_tcp_microsemi_srv.log
Reconnect: 0
Use ipv6:  0

1508785892 -15:11:32 -1 -ipcServer.RunServer, loop stopped normal.
1508786854 -15:27:34 -17563916 -ipcServer::ipcServer params
Port:      58015
Logfile:   C:/Users/gcallsen/Documents/GitHubBF/PPI.SOC.FPGAv1.6/synthesis/ipc_tcp_microsemi_srv.log
Reconnect: 0
Use ipv6:  0

1508788387 -15:53:07 -1 -ipcServer.RunServer, loop stopped normal.
1508853875 -10:04:35 -17563916 -ipcServer::ipcServer params
Port:      58015
Logfile:   C:/Users/gcallsen/Documents/GitHubBF/PPI.SOC.FPGAv1.6/synthesis/ipc_tcp_microsemi_srv.log
Reconnect: 0
Use ipv6:  0

1508856170 -10:42:50 -1 -ipcServer.RunServer, loop stopped normal.
1516652301 -15:18:21 -17563916 -ipcServer::ipcServer params
Port:      58015
Logfile:   C:/Users/gcallsen/Documents/GitHubBF/PPI.SOC.FPGAv2.0/synthesis/ipc_tcp_microsemi_srv.log
Reconnect: 0
Use ipv6:  0

1516816220 -12:50:20 -0 -ReadSocket return B
1516816220 -12:50:20 -0 -... is coming from ipcServer::ReadFromSocket
1517314675 -07:17:55 -10054 -ReadSocket return A
1517314675 -07:17:55 -10054 -... is coming from ipcServer::ReadFromSocket
1517314704 -07:18:24 -10054 -ReadSocket return A
1517314704 -07:18:24 -10054 -... is coming from ipcServer::ReadFromSocket
1517316973 -07:56:13 -10054 -ReadSocket return A
1517316973 -07:56:13 -10054 -... is coming from ipcServer::ReadFromSocket
1517329630 -11:27:10 -10054 -ReadSocket return A
1517329630 -11:27:10 -10054 -... is coming from ipcServer::ReadFromSocket
1517329767 -11:29:27 -10054 -ReadSocket return A
1517329767 -11:29:27 -10054 -... is coming from ipcServer::ReadFromSocket
1517346532 -16:08:52 -0 -ReadSocket return B
1517346532 -16:08:52 -0 -... is coming from ipcServer::ReadFromSocket
1517346849 -16:14:09 -0 -ReadSocket return B
1517346849 -16:14:09 -0 -... is coming from ipcServer::ReadFromSocket
1517408618 -09:23:38 -10054 -ReadSocket return A
1517408618 -09:23:38 -10054 -... is coming from ipcServer::ReadFromSocket
1517408626 -09:23:46 -10054 -ReadSocket return A
1517408626 -09:23:46 -10054 -... is coming from ipcServer::ReadFromSocket
1517408629 -09:23:49 -10054 -ReadSocket return A
1517408629 -09:23:49 -10054 -... is coming from ipcServer::ReadFromSocket
1517408631 -09:23:51 -10054 -ReadSocket return A
1517408631 -09:23:51 -10054 -... is coming from ipcServer::ReadFromSocket
1517408641 -09:24:01 -10054 -ReadSocket return A
1517408641 -09:24:01 -10054 -... is coming from ipcServer::ReadFromSocket
1517408647 -09:24:07 -10054 -ReadSocket return A
1517408647 -09:24:07 -10054 -... is coming from ipcServer::ReadFromSocket
1517408653 -09:24:13 -10054 -ReadSocket return A
1517408653 -09:24:13 -10054 -... is coming from ipcServer::ReadFromSocket
1517408654 -09:24:14 -10054 -ReadSocket return A
1517408654 -09:24:14 -10054 -... is coming from ipcServer::ReadFromSocket
1517408655 -09:24:15 -10054 -ReadSocket return A
1517408655 -09:24:15 -10054 -... is coming from ipcServer::ReadFromSocket
1517408655 -09:24:15 -10054 -ReadSocket return A
1517408655 -09:24:15 -10054 -... is coming from ipcServer::ReadFromSocket
1517408656 -09:24:16 -10054 -ReadSocket return A
1517408656 -09:24:16 -10054 -... is coming from ipcServer::ReadFromSocket
1517408657 -09:24:17 -10054 -ReadSocket return A
1517408657 -09:24:17 -10054 -... is coming from ipcServer::ReadFromSocket
1517408657 -09:24:17 -10054 -ReadSocket return A
1517408657 -09:24:17 -10054 -... is coming from ipcServer::ReadFromSocket
1517408658 -09:24:18 -10054 -ReadSocket return A
1517408658 -09:24:18 -10054 -... is coming from ipcServer::ReadFromSocket
1517408659 -09:24:19 -10054 -ReadSocket return A
1517408659 -09:24:19 -10054 -... is coming from ipcServer::ReadFromSocket
1517408659 -09:24:19 -10054 -ReadSocket return A
1517408659 -09:24:19 -10054 -... is coming from ipcServer::ReadFromSocket
1517408661 -09:24:21 -10054 -ReadSocket return A
1517408661 -09:24:21 -10054 -... is coming from ipcServer::ReadFromSocket
1517408662 -09:24:22 -10054 -ReadSocket return A
1517408662 -09:24:22 -10054 -... is coming from ipcServer::ReadFromSocket
1517408663 -09:24:23 -10054 -ReadSocket return A
1517408663 -09:24:23 -10054 -... is coming from ipcServer::ReadFromSocket
1517408663 -09:24:23 -10054 -ReadSocket return A
1517408663 -09:24:23 -10054 -... is coming from ipcServer::ReadFromSocket
1517408664 -09:24:24 -10054 -ReadSocket return A
1517408664 -09:24:24 -10054 -... is coming from ipcServer::ReadFromSocket
1517408665 -09:24:25 -10054 -ReadSocket return A
1517408665 -09:24:25 -10054 -... is coming from ipcServer::ReadFromSocket
1517408665 -09:24:25 -10054 -ReadSocket return A
1517408665 -09:24:25 -10054 -... is coming from ipcServer::ReadFromSocket
1517408668 -09:24:28 -10054 -ReadSocket return A
1517408668 -09:24:28 -10054 -... is coming from ipcServer::ReadFromSocket
1517408669 -09:24:29 -10054 -ReadSocket return A
1517408669 -09:24:29 -10054 -... is coming from ipcServer::ReadFromSocket
1517408671 -09:24:31 -10054 -ReadSocket return A
1517408671 -09:24:31 -10054 -... is coming from ipcServer::ReadFromSocket
1517408671 -09:24:31 -10054 -ReadSocket return A
1517408671 -09:24:31 -10054 -... is coming from ipcServer::ReadFromSocket
1517408672 -09:24:32 -10054 -ReadSocket return A
1517408672 -09:24:32 -10054 -... is coming from ipcServer::ReadFromSocket
1517408673 -09:24:33 -10054 -ReadSocket return A
1517408673 -09:24:33 -10054 -... is coming from ipcServer::ReadFromSocket
1517408674 -09:24:34 -10054 -ReadSocket return A
1517408674 -09:24:34 -10054 -... is coming from ipcServer::ReadFromSocket
1517410164 -09:49:24 -1 -ipcServer.RunServer, loop stopped normal.
1517410485 -09:54:45 -17563916 -ipcServer::ipcServer params
Port:      58015
Logfile:   C:/Users/gcallsen/Documents/GitHubBF/PPI.SOC.FPGAv2.0/synthesis/ipc_tcp_microsemi_srv.log
Reconnect: 0
Use ipv6:  0

1517410840 -10:00:40 -1 -ipcServer.RunServer, loop stopped normal.
1517412022 -10:20:22 -17563916 -ipcServer::ipcServer params
Port:      58015
Logfile:   C:/Users/gcallsen/Documents/GitHubBF/PPI.SOC.FPGAv2.0/synthesis/ipc_tcp_microsemi_srv.log
Reconnect: 0
Use ipv6:  0

1517413121 -10:38:41 -1 -ipcServer.RunServer, loop stopped normal.
1517413566 -10:46:06 -17563916 -ipcServer::ipcServer params
Port:      58015
Logfile:   C:/Users/gcallsen/Documents/GitHubBF/PPI.SOC.FPGAv2.0/synthesis/ipc_tcp_microsemi_srv.log
Reconnect: 0
Use ipv6:  0

1517413748 -10:49:08 -1 -ipcServer.RunServer, loop stopped normal.
1517415690 -11:21:30 -17563916 -ipcServer::ipcServer params
Port:      58015
Logfile:   C:/Users/gcallsen/Documents/GitHubBF/PPI.SOC.FPGAv2.0/synthesis/ipc_tcp_microsemi_srv.log
Reconnect: 0
Use ipv6:  0

1517416232 -11:30:32 -1 -ipcServer.RunServer, loop stopped normal.
1517416988 -11:43:08 -17563916 -ipcServer::ipcServer params
Port:      58015
Logfile:   C:/Users/gcallsen/Documents/GitHubBF/PPI.SOC.FPGAv2.0/synthesis/ipc_tcp_microsemi_srv.log
Reconnect: 0
Use ipv6:  0

1517417642 -11:54:02 -1 -ipcServer.RunServer, loop stopped normal.
1517418291 -12:04:51 -17563916 -ipcServer::ipcServer params
Port:      58015
Logfile:   C:/Users/gcallsen/Documents/GitHubBF/PPI.SOC.FPGAv2.0/synthesis/ipc_tcp_microsemi_srv.log
Reconnect: 0
Use ipv6:  0

1517419058 -12:17:38 -1 -ipcServer.RunServer, loop stopped normal.
1517419701 -12:28:21 -17563916 -ipcServer::ipcServer params
Port:      58015
Logfile:   C:/Users/gcallsen/Documents/GitHubBF/PPI.SOC.FPGAv2.0/synthesis/ipc_tcp_microsemi_srv.log
Reconnect: 0
Use ipv6:  0

1517420263 -12:37:43 -1 -ipcServer.RunServer, loop stopped normal.
1517420834 -12:47:14 -17563916 -ipcServer::ipcServer params
Port:      58015
Logfile:   C:/Users/gcallsen/Documents/GitHubBF/PPI.SOC.FPGAv2.0/synthesis/ipc_tcp_microsemi_srv.log
Reconnect: 0
Use ipv6:  0

1517427128 -14:32:08 -0 -ReadSocket return B
1517427128 -14:32:08 -0 -... is coming from ipcServer::ReadFromSocket
1517431370 -15:42:50 -10054 -ReadSocket return A
1517431370 -15:42:50 -10054 -... is coming from ipcServer::ReadFromSocket
1519222444 -09:14:04 -17563916 -ipcServer::ipcServer params
Port:      58015
Logfile:   C:/Users/gcallsen/Documents/GitHubBF/PPI.SOC.FPGAv2.0/synthesis/ipc_tcp_microsemi_srv.log
Reconnect: 0
Use ipv6:  0

1519223917 -09:38:37 -1 -ipcServer.RunServer, loop stopped normal.
1519224352 -09:45:52 -17563916 -ipcServer::ipcServer params
Port:      58015
Logfile:   C:/Users/gcallsen/Documents/GitHubBF/PPI.SOC.FPGAv2.0/synthesis/ipc_tcp_microsemi_srv.log
Reconnect: 0
Use ipv6:  0

1519225754 -10:09:14 -1 -ipcServer.RunServer, loop stopped normal.
1519226299 -10:18:19 -17563916 -ipcServer::ipcServer params
Port:      58015
Logfile:   C:/Users/gcallsen/Documents/GitHubBF/PPI.SOC.FPGAv2.0/synthesis/ipc_tcp_microsemi_srv.log
Reconnect: 0
Use ipv6:  0

1519227287 -10:34:47 -1 -ipcServer.RunServer, loop stopped normal.
1519228214 -10:50:14 -17563916 -ipcServer::ipcServer params
Port:      58015
Logfile:   C:/Users/gcallsen/Documents/GitHubBF/PPI.SOC.FPGAv2.0/synthesis/ipc_tcp_microsemi_srv.log
Reconnect: 0
Use ipv6:  0

1519228505 -10:55:05 -1 -ipcServer.RunServer, loop stopped normal.
1519229654 -11:14:14 -17563916 -ipcServer::ipcServer params
Port:      58015
Logfile:   C:/Users/gcallsen/Documents/GitHubBF/PPI.SOC.FPGAv2.0/synthesis/ipc_tcp_microsemi_srv.log
Reconnect: 0
Use ipv6:  0

1519237672 -13:27:52 -1 -ipcServer.RunServer, loop stopped normal.
1519238010 -13:33:30 -17563916 -ipcServer::ipcServer params
Port:      58015
Logfile:   C:/Users/gcallsen/Documents/GitHubBF/PPI.SOC.FPGAv2.0/synthesis/ipc_tcp_microsemi_srv.log
Reconnect: 0
Use ipv6:  0

1519241455 -14:30:55 -1 -ipcServer.RunServer, loop stopped normal.
1519242150 -14:42:30 -17563916 -ipcServer::ipcServer params
Port:      58015
Logfile:   C:/Users/gcallsen/Documents/GitHubBF/PPI.SOC.FPGAv2.0/synthesis/ipc_tcp_microsemi_srv.log
Reconnect: 0
Use ipv6:  0

1519243040 -14:57:20 -1 -ipcServer.RunServer, loop stopped normal.
1519244789 -15:26:29 -17563916 -ipcServer::ipcServer params
Port:      58015
Logfile:   C:/Users/gcallsen/Documents/GitHubBF/PPI.SOC.FPGAv2.0/synthesis/ipc_tcp_microsemi_srv.log
Reconnect: 0
Use ipv6:  0

1519313828 -10:37:08 -1 -ipcServer.RunServer, loop stopped normal.
1519314248 -10:44:08 -17563916 -ipcServer::ipcServer params
Port:      58015
Logfile:   C:/Users/gcallsen/Documents/GitHubBF/PPI.SOC.FPGAv2.0/synthesis/ipc_tcp_microsemi_srv.log
Reconnect: 0
Use ipv6:  0

1519316552 -11:22:32 -1 -ipcServer.RunServer, loop stopped normal.
1519320369 -12:26:09 -17563916 -ipcServer::ipcServer params
Port:      58015
Logfile:   C:/Users/gcallsen/Documents/GitHubBF/PPI.SOC.FPGAv2.0/synthesis/ipc_tcp_microsemi_srv.log
Reconnect: 0
Use ipv6:  0

1519320984 -12:36:24 -1 -ipcServer.RunServer, loop stopped normal.
1519321512 -12:45:12 -17563916 -ipcServer::ipcServer params
Port:      58015
Logfile:   C:/Users/gcallsen/Documents/GitHubBF/PPI.SOC.FPGAv2.0/synthesis/ipc_tcp_microsemi_srv.log
Reconnect: 0
Use ipv6:  0

1519325337 -13:48:57 -1 -ipcServer.RunServer, loop stopped normal.
1519330791 -15:19:51 -17563916 -ipcServer::ipcServer params
Port:      58015
Logfile:   C:/Users/gcallsen/Documents/GitHubBF/PPI.SOC.FPGAv2.0/synthesis/ipc_tcp_microsemi_srv.log
Reconnect: 0
Use ipv6:  0

1519331563 -15:32:43 -1 -ipcServer.RunServer, loop stopped normal.
1519332685 -15:51:25 -17563916 -ipcServer::ipcServer params
Port:      58015
Logfile:   C:/Users/gcallsen/Documents/GitHubBF/PPI.SOC.FPGAv2.0/synthesis/ipc_tcp_microsemi_srv.log
Reconnect: 0
Use ipv6:  0

1519332966 -15:56:06 -1 -ipcServer.RunServer, loop stopped normal.
1519333802 -16:10:02 -17563916 -ipcServer::ipcServer params
Port:      58015
Logfile:   C:/Users/gcallsen/Documents/GitHubBF/PPI.SOC.FPGAv2.0/synthesis/ipc_tcp_microsemi_srv.log
Reconnect: 0
Use ipv6:  0

1519335345 -16:35:45 -1 -ipcServer.RunServer, loop stopped normal.
1519392207 -08:23:27 -17563916 -ipcServer::ipcServer params
Port:      58015
Logfile:   C:/Users/gcallsen/Documents/GitHubBF/PPI.SOC.FPGAv2.0/synthesis/ipc_tcp_microsemi_srv.log
Reconnect: 0
Use ipv6:  0

1519398736 -10:12:16 -1 -ipcServer.RunServer, loop stopped normal.
1519404382 -11:46:22 -17563916 -ipcServer::ipcServer params
Port:      58015
Logfile:   C:/Users/gcallsen/Documents/GitHubBF/PPI.SOC.FPGAv2.0/synthesis/ipc_tcp_microsemi_srv.log
Reconnect: 0
Use ipv6:  0

1519406720 -12:25:20 -0 -ReadSocket return B
1519406720 -12:25:20 -0 -... is coming from ipcServer::ReadFromSocket
1519408132 -12:48:52 -0 -ReadSocket return B
1519408132 -12:48:52 -0 -... is coming from ipcServer::ReadFromSocket
1519408135 -12:48:55 -1 -ipcServer.RunServer, loop stopped normal.
1519408191 -12:49:51 -17563916 -ipcServer::ipcServer params
Port:      58015
Logfile:   C:/Users/gcallsen/Documents/GitHubBF/PPI.SOC.FPGAv2.0/synthesis/ipc_tcp_microsemi_srv.log
Reconnect: 0
Use ipv6:  0

1519408327 -12:52:07 -1 -ipcServer.RunServer, loop stopped normal.
1519408731 -12:58:51 -17563916 -ipcServer::ipcServer params
Port:      58015
Logfile:   C:/Users/gcallsen/Documents/GitHubBF/PPI.SOC.FPGAv2.0/synthesis/ipc_tcp_microsemi_srv.log
Reconnect: 0
Use ipv6:  0

1519652342 -08:39:02 -1 -ipcServer.RunServer, loop stopped normal.
1519652577 -08:42:57 -17563916 -ipcServer::ipcServer params
Port:      58015
Logfile:   C:/Users/gcallsen/Documents/GitHubBF/PPI.SOC.FPGAv2.0/synthesis/ipc_tcp_microsemi_srv.log
Reconnect: 0
Use ipv6:  0

1519653426 -08:57:06 -1 -ipcServer.RunServer, loop stopped normal.
1519671070 -13:51:10 -17563916 -ipcServer::ipcServer params
Port:      58015
Logfile:   C:/Users/gcallsen/Documents/GitHubBF/PPI.SOC.FPGAv2.0/synthesis/ipc_tcp_microsemi_srv.log
Reconnect: 0
Use ipv6:  0

1519671767 -14:02:47 -1 -ipcServer.RunServer, loop stopped normal.
1519672130 -14:08:50 -17563916 -ipcServer::ipcServer params
Port:      58015
Logfile:   C:/Users/gcallsen/Documents/GitHubBF/PPI.SOC.FPGAv2.0/synthesis/ipc_tcp_microsemi_srv.log
Reconnect: 0
Use ipv6:  0

1519676537 -15:22:17 -0 -ReadSocket return B
1519676537 -15:22:17 -0 -... is coming from ipcServer::ReadFromSocket
1519676572 -15:22:52 -1 -ipcServer.RunServer, loop stopped normal.
1519677736 -15:42:16 -17563916 -ipcServer::ipcServer params
Port:      58015
Logfile:   C:/Users/gcallsen/Documents/GitHubBF/PPI.SOC.FPGAv2.0/synthesis/ipc_tcp_microsemi_srv.log
Reconnect: 0
Use ipv6:  0

1519744104 -10:08:24 -1 -ipcServer.RunServer, loop stopped normal.
1519919819 -10:56:59 -17563916 -ipcServer::ipcServer params
Port:      58015
Logfile:   C:/Users/gcallsen/Documents/GitHubBF/PPI.SOC.FPGAv2.0/synthesis/ipc_tcp_microsemi_srv.log
Reconnect: 0
Use ipv6:  0

1519919893 -10:58:13 -1 -ipcServer.RunServer, loop stopped normal.
1519922301 -11:38:21 -17563916 -ipcServer::ipcServer params
Port:      58015
Logfile:   C:/Users/gcallsen/Documents/GitHubBF/PPI.SOC.FPGAv2.0/synthesis/ipc_tcp_microsemi_srv.log
Reconnect: 0
Use ipv6:  0

1519922847 -11:47:27 -1 -ipcServer.RunServer, loop stopped normal.
1519922908 -11:48:28 -17563916 -ipcServer::ipcServer params
Port:      58015
Logfile:   C:/Users/gcallsen/Documents/GitHubBF/PPI.SOC.FPGAv2.0/synthesis/ipc_tcp_microsemi_srv.log
Reconnect: 0
Use ipv6:  0

1519926895 -12:54:55 -1 -ipcServer.RunServer, loop stopped normal.
1519927208 -13:00:08 -17563916 -ipcServer::ipcServer params
Port:      58015
Logfile:   C:/Users/gcallsen/Documents/GitHubBF/PPI.SOC.FPGAv2.0/synthesis/ipc_tcp_microsemi_srv.log
Reconnect: 0
Use ipv6:  0

1519927380 -13:03:00 -1 -ipcServer.RunServer, loop stopped normal.
1519927396 -13:03:16 -17563916 -ipcServer::ipcServer params
Port:      58015
Logfile:   C:/Users/gcallsen/Documents/GitHubBF/PPI.SOC.FPGAv2.0/synthesis/ipc_tcp_microsemi_srv.log
Reconnect: 0
Use ipv6:  0

1519931753 -14:15:53 -1 -ipcServer.RunServer, loop stopped normal.
1519931836 -14:17:16 -17563916 -ipcServer::ipcServer params
Port:      58015
Logfile:   C:/Users/gcallsen/Documents/GitHubBF/PPI.SOC.FPGAv2.0/synthesis/ipc_tcp_microsemi_srv.log
Reconnect: 0
Use ipv6:  0

1519932056 -14:20:56 -1 -ipcServer.RunServer, loop stopped normal.
1519932560 -14:29:20 -17563916 -ipcServer::ipcServer params
Port:      58015
Logfile:   C:/Users/gcallsen/Documents/GitHubBF/PPI.SOC.FPGAv2.0/synthesis/ipc_tcp_microsemi_srv.log
Reconnect: 0
Use ipv6:  0

1519933146 -14:39:06 -0 -ReadSocket return B
1519933147 -14:39:07 -0 -... is coming from ipcServer::ReadFromSocket
1520012565 -12:42:45 -10054 -ReadSocket return A
1520012565 -12:42:45 -10054 -... is coming from ipcServer::ReadFromSocket
1520022767 -15:32:47 -0 -ReadSocket return B
1520022767 -15:32:47 -0 -... is coming from ipcServer::ReadFromSocket
1520273222 -13:07:02 -0 -ReadSocket return B
1520273222 -13:07:02 -0 -... is coming from ipcServer::ReadFromSocket
1520273347 -13:09:07 -10054 -ReadSocket return A
1520273347 -13:09:07 -10054 -... is coming from ipcServer::ReadFromSocket
1520273832 -13:17:12 -0 -ReadSocket return B
1520273832 -13:17:12 -0 -... is coming from ipcServer::ReadFromSocket
1520281730 -15:28:50 -0 -ReadSocket return B
1520281730 -15:28:50 -0 -... is coming from ipcServer::ReadFromSocket
1520282298 -15:38:18 -0 -ReadSocket return B
1520282298 -15:38:18 -0 -... is coming from ipcServer::ReadFromSocket
1520284629 -16:17:09 -0 -ReadSocket return B
1520284629 -16:17:09 -0 -... is coming from ipcServer::ReadFromSocket
1520284717 -16:18:37 -0 -ReadSocket return B
1520284717 -16:18:37 -0 -... is coming from ipcServer::ReadFromSocket
1520339679 -07:34:39 -0 -ReadSocket return B
1520339679 -07:34:39 -0 -... is coming from ipcServer::ReadFromSocket
1520344878 -09:01:18 -0 -ReadSocket return B
1520344878 -09:01:18 -0 -... is coming from ipcServer::ReadFromSocket
1520346234 -09:23:54 -0 -ReadSocket return B
1520346234 -09:23:54 -0 -... is coming from ipcServer::ReadFromSocket
1520349304 -10:15:04 -10054 -ReadSocket return A
1520349304 -10:15:04 -10054 -... is coming from ipcServer::ReadFromSocket
1520349306 -10:15:06 -10054 -ReadSocket return A
1520349306 -10:15:06 -10054 -... is coming from ipcServer::ReadFromSocket
1520349306 -10:15:06 -10054 -ReadSocket return A
1520349306 -10:15:06 -10054 -... is coming from ipcServer::ReadFromSocket
1520349307 -10:15:07 -10054 -ReadSocket return A
1520349307 -10:15:07 -10054 -... is coming from ipcServer::ReadFromSocket
1520349312 -10:15:12 -10054 -ReadSocket return A
1520349312 -10:15:12 -10054 -... is coming from ipcServer::ReadFromSocket
1520349314 -10:15:14 -10054 -ReadSocket return A
1520349314 -10:15:14 -10054 -... is coming from ipcServer::ReadFromSocket
1520350314 -10:31:54 -0 -ReadSocket return B
1520350314 -10:31:54 -0 -... is coming from ipcServer::ReadFromSocket
1520351005 -10:43:25 -0 -ReadSocket return B
1520351005 -10:43:25 -0 -... is coming from ipcServer::ReadFromSocket
1520351358 -10:49:18 -0 -ReadSocket return B
1520351358 -10:49:18 -0 -... is coming from ipcServer::ReadFromSocket
1520359538 -13:05:38 -0 -ReadSocket return B
1520359538 -13:05:38 -0 -... is coming from ipcServer::ReadFromSocket
1520362492 -13:54:52 -10054 -ReadSocket return A
1520362492 -13:54:52 -10054 -... is coming from ipcServer::ReadFromSocket
1520362499 -13:54:59 -10054 -ReadSocket return A
1520362499 -13:54:59 -10054 -... is coming from ipcServer::ReadFromSocket
1520362513 -13:55:13 -10054 -ReadSocket return A
1520362513 -13:55:13 -10054 -... is coming from ipcServer::ReadFromSocket
1520448819 -13:53:39 -0 -ReadSocket return B
1520448819 -13:53:39 -0 -... is coming from ipcServer::ReadFromSocket
1520450418 -14:20:18 -0 -ReadSocket return B
1520450419 -14:20:19 -0 -... is coming from ipcServer::ReadFromSocket
1520457572 -16:19:32 -0 -ReadSocket return B
1520457572 -16:19:32 -0 -... is coming from ipcServer::ReadFromSocket
1520458477 -16:34:37 -0 -ReadSocket return B
1520458477 -16:34:37 -0 -... is coming from ipcServer::ReadFromSocket
1520526642 -11:30:42 -0 -ReadSocket return B
1520526642 -11:30:42 -0 -... is coming from ipcServer::ReadFromSocket
1520527638 -11:47:18 -0 -ReadSocket return B
1520527638 -11:47:18 -0 -... is coming from ipcServer::ReadFromSocket
1520530699 -12:38:19 -10054 -ReadSocket return A
1520530699 -12:38:19 -10054 -... is coming from ipcServer::ReadFromSocket
1520530904 -12:41:44 -0 -ReadSocket return B
1520530904 -12:41:44 -0 -... is coming from ipcServer::ReadFromSocket
1520602544 -08:35:44 -10054 -ReadSocket return A
1520602544 -08:35:44 -10054 -... is coming from ipcServer::ReadFromSocket
1520602545 -08:35:45 -10054 -ReadSocket return A
1520602545 -08:35:45 -10054 -... is coming from ipcServer::ReadFromSocket
1520602546 -08:35:46 -10054 -ReadSocket return A
1520602546 -08:35:46 -10054 -... is coming from ipcServer::ReadFromSocket
1520602546 -08:35:46 -10054 -ReadSocket return A
1520602546 -08:35:46 -10054 -... is coming from ipcServer::ReadFromSocket
1520602548 -08:35:48 -10054 -ReadSocket return A
1520602548 -08:35:48 -10054 -... is coming from ipcServer::ReadFromSocket
1520602550 -08:35:50 -10054 -ReadSocket return A
1520602550 -08:35:50 -10054 -... is coming from ipcServer::ReadFromSocket
1520602553 -08:35:53 -10054 -ReadSocket return A
1520602553 -08:35:53 -10054 -... is coming from ipcServer::ReadFromSocket
1520602553 -08:35:53 -10054 -ReadSocket return A
1520602553 -08:35:53 -10054 -... is coming from ipcServer::ReadFromSocket
1520612929 -11:28:49 -0 -ReadSocket return B
1520612929 -11:28:49 -0 -... is coming from ipcServer::ReadFromSocket
1520614794 -11:59:54 -0 -ReadSocket return B
1520614794 -11:59:54 -0 -... is coming from ipcServer::ReadFromSocket
1521570708 -14:31:48 -17563916 -ipcServer::ipcServer params
Port:      58015
Logfile:   C:/Users/gcallsen/Documents/GitHubBF/PPI.SOC.FPGAv2.0-M2S060/synthesis/ipc_tcp_microsemi_srv.log
Reconnect: 0
Use ipv6:  0

1521570976 -14:36:16 -1 -ipcServer.RunServer, loop stopped normal.
1521571738 -14:48:58 -17563916 -ipcServer::ipcServer params
Port:      58015
Logfile:   C:/Users/gcallsen/Documents/GitHubBF/PPI.SOC.FPGAv2.0-M2S060/synthesis/ipc_tcp_microsemi_srv.log
Reconnect: 0
Use ipv6:  0

1521575391 -15:49:51 -1 -ipcServer.RunServer, loop stopped normal.
1521576514 -16:08:34 -17563916 -ipcServer::ipcServer params
Port:      58015
Logfile:   C:/Users/gcallsen/Documents/GitHubBF/PPI.SOC.FPGAv2.0-M2S060/synthesis/ipc_tcp_microsemi_srv.log
Reconnect: 0
Use ipv6:  0

1521577189 -16:19:49 -1 -ipcServer.RunServer, loop stopped normal.
1521577685 -16:28:05 -17563916 -ipcServer::ipcServer params
Port:      58015
Logfile:   C:/Users/gcallsen/Documents/GitHubBF/PPI.SOC.FPGAv2.0-M2S060/synthesis/ipc_tcp_microsemi_srv.log
Reconnect: 0
Use ipv6:  0

1521578182 -16:36:22 -1 -ipcServer.RunServer, loop stopped normal.
1521633083 -07:51:23 -17563916 -ipcServer::ipcServer params
Port:      58015
Logfile:   C:/Users/gcallsen/Documents/GitHubBF/PPI.SOC.FPGAv2.0-M2S060/synthesis/ipc_tcp_microsemi_srv.log
Reconnect: 0
Use ipv6:  0

1521638282 -09:18:02 -1 -ipcServer.RunServer, loop stopped normal.
1521643516 -10:45:16 -17563916 -ipcServer::ipcServer params
Port:      58015
Logfile:   C:/Users/gcallsen/Documents/GitHubBF/PPI.SOC.FPGAv2.0-M2S060/synthesis/ipc_tcp_microsemi_srv.log
Reconnect: 0
Use ipv6:  0

1521644506 -11:01:46 -1 -ipcServer.RunServer, loop stopped normal.
1522686770 -12:32:50 -17563916 -ipcServer::ipcServer params
Port:      58015
Logfile:   C:/Users/gcallsen/Documents/GitHubBF/PPI.SOC.FPGAv2.0-M2S060/synthesis/ipc_tcp_microsemi_srv.log
Reconnect: 0
Use ipv6:  0

1522687855 -12:50:55 -1 -ipcServer.RunServer, loop stopped normal.
1522689118 -13:11:58 -17563916 -ipcServer::ipcServer params
Port:      58015
Logfile:   C:/Users/gcallsen/Documents/GitHubBF/PPI.SOC.FPGAv2.0-M2S060/synthesis/ipc_tcp_microsemi_srv.log
Reconnect: 0
Use ipv6:  0

1522690004 -13:26:44 -1 -ipcServer.RunServer, loop stopped normal.
1522690866 -13:41:06 -17563916 -ipcServer::ipcServer params
Port:      58015
Logfile:   C:/Users/gcallsen/Documents/GitHubBF/PPI.SOC.FPGAv2.0-M2S060/synthesis/ipc_tcp_microsemi_srv.log
Reconnect: 0
Use ipv6:  0

1522691641 -13:54:01 -1 -ipcServer.RunServer, loop stopped normal.
1522692504 -14:08:24 -17563916 -ipcServer::ipcServer params
Port:      58015
Logfile:   C:/Users/gcallsen/Documents/GitHubBF/PPI.SOC.FPGAv2.0-M2S060/synthesis/ipc_tcp_microsemi_srv.log
Reconnect: 0
Use ipv6:  0

1522696325 -15:12:05 -1 -ipcServer.RunServer, loop stopped normal.
1522697188 -15:26:28 -17563916 -ipcServer::ipcServer params
Port:      58015
Logfile:   C:/Users/gcallsen/Documents/GitHubBF/PPI.SOC.FPGAv2.0-M2S060/synthesis/ipc_tcp_microsemi_srv.log
Reconnect: 0
Use ipv6:  0

1522773123 -12:32:03 -1 -ipcServer.RunServer, loop stopped normal.
1522777916 -13:51:56 -17563916 -ipcServer::ipcServer params
Port:      58015
Logfile:   C:/Users/gcallsen/Documents/GitHubBF/PPI.SOC.FPGAv2.0-M2S060/synthesis/ipc_tcp_microsemi_srv.log
Reconnect: 0
Use ipv6:  0

1522778953 -14:09:13 -1 -ipcServer.RunServer, loop stopped normal.
1522779213 -14:13:33 -17563916 -ipcServer::ipcServer params
Port:      58015
Logfile:   C:/Users/gcallsen/Documents/GitHubBF/PPI.SOC.FPGAv2.0-M2S060/synthesis/ipc_tcp_microsemi_srv.log
Reconnect: 0
Use ipv6:  0

1522780283 -14:31:23 -1 -ipcServer.RunServer, loop stopped normal.
1522780939 -14:42:19 -17563916 -ipcServer::ipcServer params
Port:      58015
Logfile:   C:/Users/gcallsen/Documents/GitHubBF/PPI.SOC.FPGAv2.0-M2S060/synthesis/ipc_tcp_microsemi_srv.log
Reconnect: 0
Use ipv6:  0

1522785936 -16:05:36 -1 -ipcServer.RunServer, loop stopped normal.
1522786121 -16:08:41 -17563916 -ipcServer::ipcServer params
Port:      58015
Logfile:   C:/Users/gcallsen/Documents/GitHubBF/PPI.SOC.FPGAv2.0-M2S060/synthesis/ipc_tcp_microsemi_srv.log
Reconnect: 0
Use ipv6:  0

1522789515 -17:05:15 -1 -ipcServer.RunServer, loop stopped normal.
1522790707 -17:25:07 -17563916 -ipcServer::ipcServer params
Port:      58015
Logfile:   C:/Users/gcallsen/Documents/GitHubBF/PPI.SOC.FPGAv2.0-M2S060/synthesis/ipc_tcp_microsemi_srv.log
Reconnect: 0
Use ipv6:  0

1522791563 -17:39:23 -1 -ipcServer.RunServer, loop stopped normal.
1522792213 -17:50:13 -17563916 -ipcServer::ipcServer params
Port:      58015
Logfile:   C:/Users/gcallsen/Documents/GitHubBF/PPI.SOC.FPGAv2.0-M2S060/synthesis/ipc_tcp_microsemi_srv.log
Reconnect: 0
Use ipv6:  0

1522792416 -17:53:36 -1 -ipcServer.RunServer, loop stopped normal.
1522792982 -18:03:02 -17563916 -ipcServer::ipcServer params
Port:      58015
Logfile:   C:/Users/gcallsen/Documents/GitHubBF/PPI.SOC.FPGAv2.0-M2S060/synthesis/ipc_tcp_microsemi_srv.log
Reconnect: 0
Use ipv6:  0

1522793791 -18:16:31 -1 -ipcServer.RunServer, loop stopped normal.
1522794429 -18:27:09 -17563916 -ipcServer::ipcServer params
Port:      58015
Logfile:   C:/Users/gcallsen/Documents/GitHubBF/PPI.SOC.FPGAv2.0-M2S060/synthesis/ipc_tcp_microsemi_srv.log
Reconnect: 0
Use ipv6:  0

1522794756 -18:32:36 -1 -ipcServer.RunServer, loop stopped normal.
1522794775 -18:32:55 -17563916 -ipcServer::ipcServer params
Port:      58015
Logfile:   C:/Users/gcallsen/Documents/GitHubBF/PPI.SOC.FPGAv2.0-M2S060/synthesis/ipc_tcp_microsemi_srv.log
Reconnect: 0
Use ipv6:  0

1522794799 -18:33:19 -1 -ipcServer.RunServer, loop stopped normal.
1522794988 -18:36:28 -17563916 -ipcServer::ipcServer params
Port:      58015
Logfile:   C:/Users/gcallsen/Documents/GitHubBF/PPI.SOC.FPGAv2.0-M2S060/synthesis/ipc_tcp_microsemi_srv.log
Reconnect: 0
Use ipv6:  0

1522796091 -18:54:51 -1 -ipcServer.RunServer, loop stopped normal.
1522869867 -15:24:27 -17563916 -ipcServer::ipcServer params
Port:      58015
Logfile:   C:/Users/gcallsen/Documents/GitHubBF/PPI.SOC.FPGAv2.0-M2S060/synthesis/ipc_tcp_microsemi_srv.log
Reconnect: 0
Use ipv6:  0

1522873453 -16:24:13 -1 -ipcServer.RunServer, loop stopped normal.
1522874638 -16:43:58 -17563916 -ipcServer::ipcServer params
Port:      58015
Logfile:   C:/Users/gcallsen/Documents/GitHubBF/PPI.SOC.FPGAv2.0-M2S060/synthesis/ipc_tcp_microsemi_srv.log
Reconnect: 0
Use ipv6:  0

1522878651 -17:50:51 -1 -ipcServer.RunServer, loop stopped normal.
1522926818 -07:13:38 -17563916 -ipcServer::ipcServer params
Port:      58015
Logfile:   C:/Users/gcallsen/Documents/GitHubBF/PPI.SOC.FPGAv2.0-M2S060/synthesis/ipc_tcp_microsemi_srv.log
Reconnect: 0
Use ipv6:  0

1522927157 -07:19:17 -1 -ipcServer.RunServer, loop stopped normal.
1522927678 -07:27:58 -17563916 -ipcServer::ipcServer params
Port:      58015
Logfile:   C:/Users/gcallsen/Documents/GitHubBF/PPI.SOC.FPGAv2.0-M2S060/synthesis/ipc_tcp_microsemi_srv.log
Reconnect: 0
Use ipv6:  0

1522930170 -08:09:30 -1 -ipcServer.RunServer, loop stopped normal.
1522930884 -08:21:24 -17563916 -ipcServer::ipcServer params
Port:      58015
Logfile:   C:/Users/gcallsen/Documents/GitHubBF/PPI.SOC.FPGAv2.0-M2S060/synthesis/ipc_tcp_microsemi_srv.log
Reconnect: 0
Use ipv6:  0

1522931162 -08:26:02 -1 -ipcServer.RunServer, loop stopped normal.
1522931679 -08:34:39 -17563916 -ipcServer::ipcServer params
Port:      58015
Logfile:   C:/Users/gcallsen/Documents/GitHubBF/PPI.SOC.FPGAv2.0-M2S060/synthesis/ipc_tcp_microsemi_srv.log
Reconnect: 0
Use ipv6:  0

1522932514 -08:48:34 -1 -ipcServer.RunServer, loop stopped normal.
1522933008 -08:56:48 -17563916 -ipcServer::ipcServer params
Port:      58015
Logfile:   C:/Users/gcallsen/Documents/GitHubBF/PPI.SOC.FPGAv2.0-M2S060/synthesis/ipc_tcp_microsemi_srv.log
Reconnect: 0
Use ipv6:  0

1522933699 -09:08:19 -1 -ipcServer.RunServer, loop stopped normal.
1522934169 -09:16:09 -17563916 -ipcServer::ipcServer params
Port:      58015
Logfile:   C:/Users/gcallsen/Documents/GitHubBF/PPI.SOC.FPGAv2.0-M2S060/synthesis/ipc_tcp_microsemi_srv.log
Reconnect: 0
Use ipv6:  0

1522934601 -09:23:21 -1 -ipcServer.RunServer, loop stopped normal.
1522935107 -09:31:47 -17563916 -ipcServer::ipcServer params
Port:      58015
Logfile:   C:/Users/gcallsen/Documents/GitHubBF/PPI.SOC.FPGAv2.0-M2S060/synthesis/ipc_tcp_microsemi_srv.log
Reconnect: 0
Use ipv6:  0

1522939747 -10:49:07 -1 -ipcServer.RunServer, loop stopped normal.
1522941119 -11:11:59 -17563916 -ipcServer::ipcServer params
Port:      58015
Logfile:   C:/Users/gcallsen/Documents/GitHubBF/PPI.SOC.FPGAv2.0-M2S060/synthesis/ipc_tcp_microsemi_srv.log
Reconnect: 0
Use ipv6:  0

1522943081 -11:44:41 -1 -ipcServer.RunServer, loop stopped normal.
1522943612 -11:53:32 -17563916 -ipcServer::ipcServer params
Port:      58015
Logfile:   C:/Users/gcallsen/Documents/GitHubBF/PPI.SOC.FPGAv2.0-M2S060/synthesis/ipc_tcp_microsemi_srv.log
Reconnect: 0
Use ipv6:  0

1522946319 -12:38:39 -1 -ipcServer.RunServer, loop stopped normal.
1522947099 -12:51:39 -17563916 -ipcServer::ipcServer params
Port:      58015
Logfile:   C:/Users/gcallsen/Documents/GitHubBF/PPI.SOC.FPGAv2.0-M2S060/synthesis/ipc_tcp_microsemi_srv.log
Reconnect: 0
Use ipv6:  0

1522952179 -14:16:19 -1 -ipcServer.RunServer, loop stopped normal.
1522952666 -14:24:26 -17563916 -ipcServer::ipcServer params
Port:      58015
Logfile:   C:/Users/gcallsen/Documents/GitHubBF/PPI.SOC.FPGAv2.0-M2S060/synthesis/ipc_tcp_microsemi_srv.log
Reconnect: 0
Use ipv6:  0

1522953909 -14:45:09 -1 -ipcServer.RunServer, loop stopped normal.
1523027873 -11:17:53 -17563916 -ipcServer::ipcServer params
Port:      58015
Logfile:   C:/Users/gcallsen/Documents/GitHubBF/PPI.SOC.FPGAv2.0-M2S060/synthesis/ipc_tcp_microsemi_srv.log
Reconnect: 0
Use ipv6:  0

