
Starting:    C:\Microsemi\Libero_SoC_v11.8\SynplifyPro\bin64\mbin\synplify.exe
Install:     C:\Microsemi\Libero_SoC_v11.8\SynplifyPro
Hostname:    GCALLSEN
Date:        Fri Aug 03 12:50:17 2018
Version:     L-2016.09M-2

Arguments:   -product synplify_pro m2s010_som_syn.tcl
ProductType: synplify_pro

License checkout: synplifypro_actel
License: synplifypro_actel node-locked 
Licensed Vendor: actel
License Option: actel_oem



auto_infer_blackbox is not supported in current product.
auto_infer_blackbox is not supported in current product.
TCL script complete: "m2s010_som_syn.tcl"
New HDL Analyst: enabled
Note: Opening integrated instrumentor
@N: Check out instrumentor license 'identinstrumentor_actel'
Running: identify_ui_flow in background

Running: identify_ui_flow
# Fri Aug 03 12:50:25 2018

Running: identify_db_generator (Identify Database Generator)
# Fri Aug 03 12:50:25 2018
Copied C:\Users\gcallsen\Documents\GitHubBF\PPI.SOC.FPGAv2.0-M2S060\synthesis\rev_coms_debug\synlog\m2s010_som_identify_db_generator.srr to C:\Users\gcallsen\Documents\GitHubBF\PPI.SOC.FPGAv2.0-M2S060\synthesis\rev_coms_debug\identify.srr

identify_db_generator completed
# Fri Aug 03 12:50:25 2018

Return Code: 0
Run Time:00h:00m:00s
Complete: identify_ui_flow
Instrumentor
*** Integrated Instrumentor ***
Added instrumentation 'rev_12' to the project
"design_flow" is unrecognized option for current device
Added instrumentation 'rev_coms_debug' to the project
"design_flow" is unrecognized option for current device
Warning: CommsFPGA_top.vhd(349): Process `bit_clock_gen' contains an inner conditional statement which is sensitive to a clock edge
Warning: No breakpoints will be detected in this process
Warning: CommsFPGA_top.vhd(363): Process `clock_gen' contains an inner conditional statement which is sensitive to a clock edge
Warning: No breakpoints will be detected in this process
Warning: MII_DataGen.vhd(95): Process `packet_length_incrementor_proc' contains an inner conditional statement which is sensitive to a clock edge
Warning: No breakpoints will be detected in this process
Warning: MII_DataCheck.vhd(84): Process `packet_length_incrementor_proc' contains an inner conditional statement which is sensitive to a clock edge
Warning: No breakpoints will be detected in this process
Warning: uP_if.vhd(161): Process `ready_delay_proc' contains an inner conditional statement which is sensitive to a clock edge
Warning: No breakpoints will be detected in this process
Warning: ManchesEncoder2.vhd(193): Process `collision_detect_clear_gen' contains an inner conditional statement which is sensitive to a clock edge
Warning: No breakpoints will be detected in this process
Warning: ManchesEncoder2.vhd(227): Process `jabber_detect_clear_gen' contains an inner conditional statement which is sensitive to a clock edge
Warning: No breakpoints will be detected in this process
Warning: mdio_slave_interface.vhd(178): Process `process_178' contains multiple clock-event conditions. No breakpoints will be detected in this process
Warning: mdio_slave_interface.vhd(192): Process `process_192' contains multiple clock-event conditions. No breakpoints will be detected in this process
Warning: mdio_slave_interface.vhd(206): Process `process_206' contains multiple clock-event conditions. No breakpoints will be detected in this process
Warning: coreresetp.vhd(1368): Process `process_1368' is sensitive to a clock edge, but contains multiple top-level conditional statements
Warning: No breakpoints will be detected in this process
Current design is m2s010_som
Loading instrumentation 'rev_coms_debug'
Source IDC file C:/Users/gcallsen/Documents/GitHubBF/PPI.SOC.FPGAv2.0-M2S060/synthesis/rev_coms_debug/identify.idc
Setting IICE sampler (sampledepth) to 8192 for IICE named 'IICE'(previous value: 128)
Setting IICE sampler (set IICE clock) to '/rtl/CommsFPGA_top_0/clk16x' for IICE named 'IICE' (previous value: '')
/rtl/m2s010_som_sb_0/mac_mii_rx_clk added for sampling and triggering to iice: IICE
		Total instrumentation in bits: Sample Only 0, Trigger Only 0, Sample and trigger 78
		Group wise instrumentation in bits: 
					Groupdefault:Sample Only 0, Sample and trigger 78
/rtl/m2s010_som_sb_0/mac_mii_rx_er added for sampling and triggering to iice: IICE
		Total instrumentation in bits: Sample Only 0, Trigger Only 0, Sample and trigger 79
		Group wise instrumentation in bits: 
					Groupdefault:Sample Only 0, Sample and trigger 79
/rtl/m2s010_som_sb_0/mac_mii_tx_clk added for sampling and triggering to iice: IICE
		Total instrumentation in bits: Sample Only 0, Trigger Only 0, Sample and trigger 80
		Group wise instrumentation in bits: 
					Groupdefault:Sample Only 0, Sample and trigger 80
/rtl/m2s010_som_sb_0/mac_mii_mdc added for sampling and triggering to iice: IICE
		Total instrumentation in bits: Sample Only 0, Trigger Only 0, Sample and trigger 81
		Group wise instrumentation in bits: 
					Groupdefault:Sample Only 0, Sample and trigger 81
Instrumenting design `m2s010_som' in directory C:\Users\gcallsen\Documents\GitHubBF\PPI.SOC.FPGAv2.0-M2S060\synthesis\rev_coms_debug
The target device family is 'SmartFusion2' (and considered a ProAsic3-based family; hence we do care about UJTAG / UJTAG_WRAPPER instances).
The design does not contain a UJTAG_WRAPPER instance.
OK, the design does not contain a UJTAG instance.
Current instrumentation information: 	IICE=IICE 
		Total instrumentation in bits: Sample Only 0, Trigger Only 0, Sample and trigger 81
		Group wise instrumentation in bits: 
					Groupdefault:Sample Only 0, Sample and trigger 81

log file: "C:\Users\gcallsen\Documents\GitHubBF\PPI.SOC.FPGAv2.0-M2S060\synthesis\rev_coms_debug\m2s010_som.srr"
Running: rev_coms_debug in foreground

Running m2s010_som_syn|rev_coms_debug

Running: compile (Compile) on m2s010_som_syn|rev_coms_debug
# Fri Aug 03 12:52:10 2018

Running: compile_flow (Compile Process) on m2s010_som_syn|rev_coms_debug
# Fri Aug 03 12:52:10 2018

Running: identify_db_generator (Identify Database Generator) on m2s010_som_syn|rev_coms_debug
# Fri Aug 03 12:52:10 2018
Copied C:\Users\gcallsen\Documents\GitHubBF\PPI.SOC.FPGAv2.0-M2S060\synthesis\rev_coms_debug\synlog\m2s010_som_identify_db_generator.srr to C:\Users\gcallsen\Documents\GitHubBF\PPI.SOC.FPGAv2.0-M2S060\synthesis\rev_coms_debug\identify.srr

identify_db_generator completed
# Fri Aug 03 12:52:11 2018

Return Code: 0
Run Time:00h:00m:01s

Running: identify_compile (Identify Compile) on m2s010_som_syn|rev_coms_debug
# Fri Aug 03 12:52:11 2018

identify_compile completed
# Fri Aug 03 12:52:12 2018

Return Code: 0
Run Time:00h:00m:01s

Running: compiler (Compile Input) on m2s010_som_syn|rev_coms_debug
# Fri Aug 03 12:52:12 2018
Copied C:\Users\gcallsen\Documents\GitHubBF\PPI.SOC.FPGAv2.0-M2S060\synthesis\rev_coms_debug\synwork\m2s010_som_comp.srs to C:\Users\gcallsen\Documents\GitHubBF\PPI.SOC.FPGAv2.0-M2S060\synthesis\rev_coms_debug\m2s010_som.srs

compiler completed
# Fri Aug 03 12:52:15 2018

Return Code: 0
Run Time:00h:00m:03s

Running: multi_srs_gen (Multi-srs Generator) on m2s010_som_syn|rev_coms_debug
# Fri Aug 03 12:52:15 2018

multi_srs_gen completed
# Fri Aug 03 12:52:15 2018

Return Code: 0
Run Time:00h:00m:00s
Copied C:\Users\gcallsen\Documents\GitHubBF\PPI.SOC.FPGAv2.0-M2S060\synthesis\rev_coms_debug\synwork\m2s010_som_mult.srs to C:\Users\gcallsen\Documents\GitHubBF\PPI.SOC.FPGAv2.0-M2S060\synthesis\rev_coms_debug\m2s010_som.srs
Complete: Compile Process on m2s010_som_syn|rev_coms_debug

Running: premap (Pre-mapping) on m2s010_som_syn|rev_coms_debug
# Fri Aug 03 12:52:15 2018

premap completed with warnings
# Fri Aug 03 12:52:19 2018

Return Code: 1
Run Time:00h:00m:04s
Complete: Compile on m2s010_som_syn|rev_coms_debug

Running: map (Map) on m2s010_som_syn|rev_coms_debug
# Fri Aug 03 12:52:19 2018

Running: fpga_mapper (Map & Optimize) on m2s010_som_syn|rev_coms_debug
# Fri Aug 03 12:52:19 2018
Copied C:\Users\gcallsen\Documents\GitHubBF\PPI.SOC.FPGAv2.0-M2S060\synthesis\rev_coms_debug\synwork\m2s010_som_m.srm to C:\Users\gcallsen\Documents\GitHubBF\PPI.SOC.FPGAv2.0-M2S060\synthesis\rev_coms_debug\m2s010_som.srm

fpga_mapper completed with warnings
# Fri Aug 03 12:52:26 2018

Return Code: 1
Run Time:00h:00m:07s
Complete: Map on m2s010_som_syn|rev_coms_debug
Complete: Logic Synthesis on m2s010_som_syn|rev_coms_debug
License checkin: identinstrumentor_actel
@N: Check in instrumentor license 'identinstrumentor_actel'
Unloading current instrumentation 'rev_coms_debug'
exit status=0
License checkin: synplifypro_actel
