Resource Usage Report for AFE_RX_SM 

Mapping to part: m2s060tfcsbga325std
Cell usage:
CLKINT          1 use
CFG1           1 use
CFG2           3 uses
CFG3           6 uses
CFG4           14 uses


Sequential Cells: 
SLE            14 uses

DSP Blocks:    0

I/O ports: 21
I/O primitives: 19
INBUF          15 uses
OUTBUF         4 uses


Global Clock Buffers: 1


Total LUTs:    24

Extra resources required for RAM and MACC interface logic during P&R:

RAM64x18 Interface Logic : SLEs = 0; LUTs = 0;
RAM1K18  Interface Logic : SLEs = 0; LUTs = 0;
MACC     Interface Logic : SLEs = 0; LUTs = 0;

Total number of SLEs after P&R:  14 + 0 + 0 + 0 = 14;
Total number of LUTs after P&R:  24 + 0 + 0 + 0 = 24;

