Running in restricted mode: identify_job

Starting:    C:\Microsemi\Libero_SoC_v11.8\SynplifyPro\bin64\mbin\identify_instrumentor_shell.exe
Install:     C:\Microsemi\Libero_SoC_v11.8\SynplifyPro
Hostname:    GCALLSEN
Date:        Tue Aug 29 08:53:27 2017
Version:     L-2016.09M-2

Arguments:   -product identify_instrumentor -tsl JnkPLnsd -af _CMD_.CML
ProductType: identify_instrumentor




*** Integrated Instrumentor ***
Added instrumentation 'rev_7' to the project
"design_flow" is unrecognized option for current device
Added instrumentation 'rev_debug1' to the project
"design_flow" is unrecognized option for current device
Added instrumentation 'rev_debug1_1' to the project
"design_flow" is unrecognized option for current device
Warning: CommsFPGA_top.vhd(265): Process `bit_clock_gen' contains an inner conditional statement which is sensitive to a clock edge
Warning: No breakpoints will be detected in this process
Warning: CommsFPGA_top.vhd(279): Process `clock_gen' contains an inner conditional statement which is sensitive to a clock edge
Warning: No breakpoints will be detected in this process
Warning: uP_if.vhd(296): Process `ready_delay_proc' contains an inner conditional statement which is sensitive to a clock edge
Warning: No breakpoints will be detected in this process
Warning: coreresetp.vhd(1368): Process `process_1368' is sensitive to a clock edge, but contains multiple top-level conditional statements
Warning: No breakpoints will be detected in this process
Current design is m2s010_som
Loading instrumentation 'rev_debug1_1'
Source IDC file C:/Users/gcallsen/Documents/Projects/FPGA/v1_6-082417-DebugCol/synthesis/rev_debug1/identify.idc
Setting IICE sampler (sampledepth) to 4096 for IICE named 'IICE'(previous value: 128)
Setting IICE sampler (set IICE clock) to '/rtl/CommsFPGA_top_0/behavioral/PROCESSOR_INTERFACE_INST/clk16x' for IICE named 'IICE' (previous value: '')
Instrumenting design `m2s010_som' in directory C:\Users\gcallsen\Documents\Projects\FPGA\v1_6-082417-DebugCol\synthesis\rev_debug1_1
The target device family is 'SmartFusion2' (and considered a ProAsic3-based family; hence we do care about UJTAG / UJTAG_WRAPPER instances).
The design does not contain a UJTAG_WRAPPER instance.
OK, the design does not contain a UJTAG instance.
Current instrumentation information: 	IICE=IICE 
		Total instrumentation in bits: Sample Only 0, Trigger Only 0, Sample and trigger 151
		Group wise instrumentation in bits: 
					Groupdefault:Sample Only 0, Sample and trigger 151

exit status=0
