C:\Microsemi\Libero_SoC_v11.8\SynplifyPro\bin64\c_vhdl.exe  -identify  -oidb  C:\Users\gcallsen\Documents\GitHubBF\PPI.SOC.FPGAv2.0-M2S060\synthesis\rev_coms_debug\identify.db   -identify  -top  work.m2s010_som  -prodtype  synplify_pro  -infer_seqShift -primux -dspmac -pqdpadd -fixsmult -sdff_counter -divnmod -nram  -encrypt  -pro  -lite -ui -fid2 -ram -sharing on -ll 2000 -autosm  -vhdl2008  -srs_instrumentation  -ignore_undefined_lib  -lib work C:\Users\gcallsen\Documents\GitHubBF\PPI.SOC.FPGAv2.0-M2S060\hdl\IdleLineDetector.vhd -lib work C:\Users\gcallsen\Documents\GitHubBF\PPI.SOC.FPGAv2.0-M2S060\hdl\BitDetector.vhd -lib COREFIFO_LIB C:\Users\gcallsen\Documents\GitHubBF\PPI.SOC.FPGAv2.0-M2S060\component\work\CLOCK_DOMAIN_BUFFER\CLOCK_DOMAIN_BUFFER_0\rtl\vhdl\core\corefifo_doubleSync.vhd -lib COREFIFO_LIB C:\Users\gcallsen\Documents\GitHubBF\PPI.SOC.FPGAv2.0-M2S060\component\work\CLOCK_DOMAIN_BUFFER\CLOCK_DOMAIN_BUFFER_0\rtl\vhdl\core\corefifo_grayToBinConv.vhd -lib COREFIFO_LIB C:\Users\gcallsen\Documents\GitHubBF\PPI.SOC.FPGAv2.0-M2S060\component\Actel\DirectCore\COREFIFO\2.6.108\rtl\vhdl\core\fifo_pkg.vhd -lib COREFIFO_LIB C:\Users\gcallsen\Documents\GitHubBF\PPI.SOC.FPGAv2.0-M2S060\component\work\CLOCK_DOMAIN_BUFFER\CLOCK_DOMAIN_BUFFER_0\rtl\vhdl\core\corefifo_async.vhd -lib COREFIFO_LIB C:\Users\gcallsen\Documents\GitHubBF\PPI.SOC.FPGAv2.0-M2S060\component\work\CLOCK_DOMAIN_BUFFER\CLOCK_DOMAIN_BUFFER_0\rtl\vhdl\core\corefifo_fwft.vhd -lib COREFIFO_LIB C:\Users\gcallsen\Documents\GitHubBF\PPI.SOC.FPGAv2.0-M2S060\component\work\CLOCK_DOMAIN_BUFFER\CLOCK_DOMAIN_BUFFER_0\rtl\vhdl\core\corefifo_sync.vhd -lib COREFIFO_LIB C:\Users\gcallsen\Documents\GitHubBF\PPI.SOC.FPGAv2.0-M2S060\component\work\CLOCK_DOMAIN_BUFFER\CLOCK_DOMAIN_BUFFER_0\rtl\vhdl\core\corefifo_sync_scntr.vhd -lib COREFIFO_LIB C:\Users\gcallsen\Documents\GitHubBF\PPI.SOC.FPGAv2.0-M2S060\component\work\CLOCK_DOMAIN_BUFFER\CLOCK_DOMAIN_BUFFER_0\rtl\vhdl\core\CLOCK_DOMAIN_BUFFER_CLOCK_DOMAIN_BUFFER_0_USRAM_top.vhd -lib COREFIFO_LIB C:\Users\gcallsen\Documents\GitHubBF\PPI.SOC.FPGAv2.0-M2S060\component\work\CLOCK_DOMAIN_BUFFER\CLOCK_DOMAIN_BUFFER_0\rtl\vhdl\core\CLOCK_DOMAIN_BUFFER_CLOCK_DOMAIN_BUFFER_0_ram_wrapper.vhd -lib COREFIFO_LIB C:\Users\gcallsen\Documents\GitHubBF\PPI.SOC.FPGAv2.0-M2S060\component\work\CLOCK_DOMAIN_BUFFER\CLOCK_DOMAIN_BUFFER_0\rtl\vhdl\core\COREFIFO.vhd -lib work C:\Users\gcallsen\Documents\GitHubBF\PPI.SOC.FPGAv2.0-M2S060\component\work\CLOCK_DOMAIN_BUFFER\CLOCK_DOMAIN_BUFFER.vhd -lib work C:\Users\gcallsen\Documents\GitHubBF\PPI.SOC.FPGAv2.0-M2S060\hdl\ManchesDecoder_Adapter.vhd -lib work C:\Users\gcallsen\Documents\GitHubBF\PPI.SOC.FPGAv2.0-M2S060\hdl\RX_SM.vhd -lib work C:\Users\gcallsen\Documents\GitHubBF\PPI.SOC.FPGAv2.0-M2S060\hdl\ManchesDecoder2.vhd -lib work C:\Users\gcallsen\Documents\GitHubBF\PPI.SOC.FPGAv2.0-M2S060\hdl\Edge_Detect.vhd -lib work C:\Users\gcallsen\Documents\GitHubBF\PPI.SOC.FPGAv2.0-M2S060\hdl\Jabber_SM.vhd -lib work C:\Users\gcallsen\Documents\GitHubBF\PPI.SOC.FPGAv2.0-M2S060\hdl\Nib2Ser_SM.vhd -lib work C:\Users\gcallsen\Documents\GitHubBF\PPI.SOC.FPGAv2.0-M2S060\hdl\ManchesEncoder2.vhd -lib work C:\Users\gcallsen\Documents\GitHubBF\PPI.SOC.FPGAv2.0-M2S060\hdl\mdio_slave_interface.vhd -lib work C:\Users\gcallsen\Documents\GitHubBF\PPI.SOC.FPGAv2.0-M2S060\hdl\CRC16x4_Generator.vhd -lib work C:\Users\gcallsen\Documents\GitHubBF\PPI.SOC.FPGAv2.0-M2S060\hdl\MII_DataCheck.vhd -lib work C:\Users\gcallsen\Documents\GitHubBF\PPI.SOC.FPGAv2.0-M2S060\hdl\MII_DataGen.vhd -lib work C:\Users\gcallsen\Documents\GitHubBF\PPI.SOC.FPGAv2.0-M2S060\hdl\Phy_Mux.vhd -lib work C:\Users\gcallsen\Documents\GitHubBF\PPI.SOC.FPGAv2.0-M2S060\hdl\Debounce.vhd -lib work C:\Users\gcallsen\Documents\GitHubBF\PPI.SOC.FPGAv2.0-M2S060\hdl\TriDebounce.vhd -lib work C:\Users\gcallsen\Documents\GitHubBF\PPI.SOC.FPGAv2.0-M2S060\hdl\TX_Collision_Detector2.vhd -lib work C:\Users\gcallsen\Documents\GitHubBF\PPI.SOC.FPGAv2.0-M2S060\hdl\Interrupts.vhd -lib work C:\Users\gcallsen\Documents\GitHubBF\PPI.SOC.FPGAv2.0-M2S060\hdl\uP_if.vhd -lib work C:\Users\gcallsen\Documents\GitHubBF\PPI.SOC.FPGAv2.0-M2S060\hdl\CommsFPGA_top.vhd -lib work C:\Users\gcallsen\Documents\GitHubBF\PPI.SOC.FPGAv2.0-M2S060\component\work\m2s010_som\CommsFPGA_CCC_0\m2s010_som_CommsFPGA_CCC_0_FCCC.vhd -lib work C:\Users\gcallsen\Documents\GitHubBF\PPI.SOC.FPGAv2.0-M2S060\component\Actel\DirectCore\CoreConfigP\7.0.105\rtl\vhdl\core\coreconfigp.vhd -lib work C:\Users\gcallsen\Documents\GitHubBF\PPI.SOC.FPGAv2.0-M2S060\component\Actel\DirectCore\CoreResetP\7.0.104\rtl\vhdl\core\coreresetp_pcie_hotreset.vhd -lib work C:\Users\gcallsen\Documents\GitHubBF\PPI.SOC.FPGAv2.0-M2S060\component\Actel\DirectCore\CoreResetP\7.0.104\rtl\vhdl\core\coreresetp.vhd -lib work C:\Users\gcallsen\Documents\GitHubBF\PPI.SOC.FPGAv2.0-M2S060\component\work\m2s010_som_sb\CCC_0\m2s010_som_sb_CCC_0_FCCC.vhd -lib work C:\Users\gcallsen\Documents\GitHubBF\PPI.SOC.FPGAv2.0-M2S060\component\Actel\SgCore\OSC\2.0.101\osc_comps.vhd -lib work C:\Users\gcallsen\Documents\GitHubBF\PPI.SOC.FPGAv2.0-M2S060\component\work\m2s010_som_sb\FABOSC_0\m2s010_som_sb_FABOSC_0_OSC.vhd -lib work C:\Users\gcallsen\Documents\GitHubBF\PPI.SOC.FPGAv2.0-M2S060\component\work\m2s010_som_sb_MSS\m2s010_som_sb_MSS_syn.vhd -lib work C:\Users\gcallsen\Documents\GitHubBF\PPI.SOC.FPGAv2.0-M2S060\component\work\m2s010_som_sb_MSS\m2s010_som_sb_MSS.vhd -lib work C:\Users\gcallsen\Documents\GitHubBF\PPI.SOC.FPGAv2.0-M2S060\component\work\m2s010_som_sb\m2s010_som_sb.vhd -lib COREAPB3_LIB C:\Users\gcallsen\Documents\GitHubBF\PPI.SOC.FPGAv2.0-M2S060\component\Actel\DirectCore\CoreAPB3\4.1.100\rtl\vhdl\core\coreapb3_muxptob3.vhd -lib COREAPB3_LIB C:\Users\gcallsen\Documents\GitHubBF\PPI.SOC.FPGAv2.0-M2S060\component\Actel\DirectCore\CoreAPB3\4.1.100\rtl\vhdl\core\coreapb3_iaddr_reg.vhd -lib COREAPB3_LIB C:\Users\gcallsen\Documents\GitHubBF\PPI.SOC.FPGAv2.0-M2S060\component\Actel\DirectCore\CoreAPB3\4.1.100\rtl\vhdl\core\coreapb3.vhd -lib COREAPB3_LIB C:\Users\gcallsen\Documents\GitHubBF\PPI.SOC.FPGAv2.0-M2S060\component\Actel\DirectCore\CoreAPB3\4.1.100\rtl\vhdl\core\components.vhd -lib work C:\Users\gcallsen\Documents\GitHubBF\PPI.SOC.FPGAv2.0-M2S060\component\work\m2s010_som\m2s010_som.vhd  -log  C:\Users\gcallsen\Documents\GitHubBF\PPI.SOC.FPGAv2.0-M2S060\synthesis\rev_coms_debug\synlog\m2s010_som_identify_db_generator.srr  
rc:0 success:1 runtime:1
file:C:\Users\gcallsen\Documents\GitHubBF\PPI.SOC.FPGAv2.0-M2S060\hdl\IdleLineDetector.vhd|io:i|time:1518187600|size:5701|exec:0
file:C:\Users\gcallsen\Documents\GitHubBF\PPI.SOC.FPGAv2.0-M2S060\hdl\BitDetector.vhd|io:i|time:1518187594|size:3143|exec:0
file:C:\Users\gcallsen\Documents\GitHubBF\PPI.SOC.FPGAv2.0-M2S060\component\work\CLOCK_DOMAIN_BUFFER\CLOCK_DOMAIN_BUFFER_0\rtl\vhdl\core\corefifo_doubleSync.vhd|io:i|time:1520522930|size:3648|exec:0
file:C:\Users\gcallsen\Documents\GitHubBF\PPI.SOC.FPGAv2.0-M2S060\component\work\CLOCK_DOMAIN_BUFFER\CLOCK_DOMAIN_BUFFER_0\rtl\vhdl\core\corefifo_grayToBinConv.vhd|io:i|time:1520522930|size:3124|exec:0
file:C:\Users\gcallsen\Documents\GitHubBF\PPI.SOC.FPGAv2.0-M2S060\component\Actel\DirectCore\COREFIFO\2.6.108\rtl\vhdl\core\fifo_pkg.vhd|io:i|time:1503346040|size:2242|exec:0
file:C:\Users\gcallsen\Documents\GitHubBF\PPI.SOC.FPGAv2.0-M2S060\component\work\CLOCK_DOMAIN_BUFFER\CLOCK_DOMAIN_BUFFER_0\rtl\vhdl\core\corefifo_async.vhd|io:i|time:1520522930|size:61082|exec:0
file:C:\Users\gcallsen\Documents\GitHubBF\PPI.SOC.FPGAv2.0-M2S060\component\work\CLOCK_DOMAIN_BUFFER\CLOCK_DOMAIN_BUFFER_0\rtl\vhdl\core\corefifo_fwft.vhd|io:i|time:1520522930|size:14846|exec:0
file:C:\Users\gcallsen\Documents\GitHubBF\PPI.SOC.FPGAv2.0-M2S060\component\work\CLOCK_DOMAIN_BUFFER\CLOCK_DOMAIN_BUFFER_0\rtl\vhdl\core\corefifo_sync.vhd|io:i|time:1520522930|size:39659|exec:0
file:C:\Users\gcallsen\Documents\GitHubBF\PPI.SOC.FPGAv2.0-M2S060\component\work\CLOCK_DOMAIN_BUFFER\CLOCK_DOMAIN_BUFFER_0\rtl\vhdl\core\corefifo_sync_scntr.vhd|io:i|time:1520522930|size:29550|exec:0
file:C:\Users\gcallsen\Documents\GitHubBF\PPI.SOC.FPGAv2.0-M2S060\component\work\CLOCK_DOMAIN_BUFFER\CLOCK_DOMAIN_BUFFER_0\rtl\vhdl\core\CLOCK_DOMAIN_BUFFER_CLOCK_DOMAIN_BUFFER_0_USRAM_top.vhd|io:i|time:1520522930|size:8232|exec:0
file:C:\Users\gcallsen\Documents\GitHubBF\PPI.SOC.FPGAv2.0-M2S060\component\work\CLOCK_DOMAIN_BUFFER\CLOCK_DOMAIN_BUFFER_0\rtl\vhdl\core\CLOCK_DOMAIN_BUFFER_CLOCK_DOMAIN_BUFFER_0_ram_wrapper.vhd|io:i|time:1520522929|size:3012|exec:0
file:C:\Users\gcallsen\Documents\GitHubBF\PPI.SOC.FPGAv2.0-M2S060\component\work\CLOCK_DOMAIN_BUFFER\CLOCK_DOMAIN_BUFFER_0\rtl\vhdl\core\COREFIFO.vhd|io:i|time:1520522930|size:67853|exec:0
file:C:\Users\gcallsen\Documents\GitHubBF\PPI.SOC.FPGAv2.0-M2S060\component\work\CLOCK_DOMAIN_BUFFER\CLOCK_DOMAIN_BUFFER.vhd|io:i|time:1520522930|size:8438|exec:0
file:C:\Users\gcallsen\Documents\GitHubBF\PPI.SOC.FPGAv2.0-M2S060\hdl\ManchesDecoder_Adapter.vhd|io:i|time:1522955960|size:10252|exec:0
file:C:\Users\gcallsen\Documents\GitHubBF\PPI.SOC.FPGAv2.0-M2S060\hdl\RX_SM.vhd|io:i|time:1529937459|size:15914|exec:0
file:C:\Users\gcallsen\Documents\GitHubBF\PPI.SOC.FPGAv2.0-M2S060\hdl\ManchesDecoder2.vhd|io:i|time:1529949690|size:11437|exec:0
file:C:\Users\gcallsen\Documents\GitHubBF\PPI.SOC.FPGAv2.0-M2S060\hdl\Edge_Detect.vhd|io:i|time:1518187600|size:3529|exec:0
file:C:\Users\gcallsen\Documents\GitHubBF\PPI.SOC.FPGAv2.0-M2S060\hdl\Jabber_SM.vhd|io:i|time:1518187601|size:6635|exec:0
file:C:\Users\gcallsen\Documents\GitHubBF\PPI.SOC.FPGAv2.0-M2S060\hdl\Nib2Ser_SM.vhd|io:i|time:1522793784|size:11800|exec:0
file:C:\Users\gcallsen\Documents\GitHubBF\PPI.SOC.FPGAv2.0-M2S060\hdl\ManchesEncoder2.vhd|io:i|time:1522788896|size:9509|exec:0
file:C:\Users\gcallsen\Documents\GitHubBF\PPI.SOC.FPGAv2.0-M2S060\hdl\mdio_slave_interface.vhd|io:i|time:1526662652|size:29364|exec:0
file:C:\Users\gcallsen\Documents\GitHubBF\PPI.SOC.FPGAv2.0-M2S060\hdl\CRC16x4_Generator.vhd|io:i|time:1518187600|size:2573|exec:0
file:C:\Users\gcallsen\Documents\GitHubBF\PPI.SOC.FPGAv2.0-M2S060\hdl\MII_DataCheck.vhd|io:i|time:1519157371|size:20311|exec:0
file:C:\Users\gcallsen\Documents\GitHubBF\PPI.SOC.FPGAv2.0-M2S060\hdl\MII_DataGen.vhd|io:i|time:1519157408|size:15385|exec:0
file:C:\Users\gcallsen\Documents\GitHubBF\PPI.SOC.FPGAv2.0-M2S060\hdl\Phy_Mux.vhd|io:i|time:1533322632|size:11964|exec:0
file:C:\Users\gcallsen\Documents\GitHubBF\PPI.SOC.FPGAv2.0-M2S060\hdl\Debounce.vhd|io:i|time:1518187600|size:1999|exec:0
file:C:\Users\gcallsen\Documents\GitHubBF\PPI.SOC.FPGAv2.0-M2S060\hdl\TriDebounce.vhd|io:i|time:1518187609|size:2290|exec:0
file:C:\Users\gcallsen\Documents\GitHubBF\PPI.SOC.FPGAv2.0-M2S060\hdl\TX_Collision_Detector2.vhd|io:i|time:1529937765|size:4568|exec:0
file:C:\Users\gcallsen\Documents\GitHubBF\PPI.SOC.FPGAv2.0-M2S060\hdl\Interrupts.vhd|io:i|time:1518187600|size:8387|exec:0
file:C:\Users\gcallsen\Documents\GitHubBF\PPI.SOC.FPGAv2.0-M2S060\hdl\uP_if.vhd|io:i|time:1537627072|size:13770|exec:0
file:C:\Users\gcallsen\Documents\GitHubBF\PPI.SOC.FPGAv2.0-M2S060\hdl\CommsFPGA_top.vhd|io:i|time:1537627064|size:35210|exec:0
file:C:\Users\gcallsen\Documents\GitHubBF\PPI.SOC.FPGAv2.0-M2S060\component\work\m2s010_som\CommsFPGA_CCC_0\m2s010_som_CommsFPGA_CCC_0_FCCC.vhd|io:i|time:1546018660|size:5817|exec:0
file:C:\Users\gcallsen\Documents\GitHubBF\PPI.SOC.FPGAv2.0-M2S060\component\Actel\DirectCore\CoreConfigP\7.0.105\rtl\vhdl\core\coreconfigp.vhd|io:i|time:1497640216|size:32692|exec:0
file:C:\Users\gcallsen\Documents\GitHubBF\PPI.SOC.FPGAv2.0-M2S060\component\Actel\DirectCore\CoreResetP\7.0.104\rtl\vhdl\core\coreresetp_pcie_hotreset.vhd|io:i|time:1497640216|size:9297|exec:0
file:C:\Users\gcallsen\Documents\GitHubBF\PPI.SOC.FPGAv2.0-M2S060\component\Actel\DirectCore\CoreResetP\7.0.104\rtl\vhdl\core\coreresetp.vhd|io:i|time:1497640216|size:75039|exec:0
file:C:\Users\gcallsen\Documents\GitHubBF\PPI.SOC.FPGAv2.0-M2S060\component\work\m2s010_som_sb\CCC_0\m2s010_som_sb_CCC_0_FCCC.vhd|io:i|time:1546018605|size:5548|exec:0
file:C:\Users\gcallsen\Documents\GitHubBF\PPI.SOC.FPGAv2.0-M2S060\component\Actel\SgCore\OSC\2.0.101\osc_comps.vhd|io:i|time:1498678485|size:2164|exec:0
file:C:\Users\gcallsen\Documents\GitHubBF\PPI.SOC.FPGAv2.0-M2S060\component\work\m2s010_som_sb\FABOSC_0\m2s010_som_sb_FABOSC_0_OSC.vhd|io:i|time:1546018607|size:1908|exec:0
file:C:\Users\gcallsen\Documents\GitHubBF\PPI.SOC.FPGAv2.0-M2S060\component\work\m2s010_som_sb_MSS\m2s010_som_sb_MSS_syn.vhd|io:i|time:1547997356|size:121833|exec:0
file:C:\Users\gcallsen\Documents\GitHubBF\PPI.SOC.FPGAv2.0-M2S060\component\work\m2s010_som_sb_MSS\m2s010_som_sb_MSS.vhd|io:i|time:1547997358|size:156749|exec:0
file:C:\Users\gcallsen\Documents\GitHubBF\PPI.SOC.FPGAv2.0-M2S060\component\work\m2s010_som_sb\m2s010_som_sb.vhd|io:i|time:1546018607|size:65015|exec:0
file:C:\Users\gcallsen\Documents\GitHubBF\PPI.SOC.FPGAv2.0-M2S060\component\Actel\DirectCore\CoreAPB3\4.1.100\rtl\vhdl\core\coreapb3_muxptob3.vhd|io:i|time:1500639526|size:9523|exec:0
file:C:\Users\gcallsen\Documents\GitHubBF\PPI.SOC.FPGAv2.0-M2S060\component\Actel\DirectCore\CoreAPB3\4.1.100\rtl\vhdl\core\coreapb3_iaddr_reg.vhd|io:i|time:1500639526|size:5757|exec:0
file:C:\Users\gcallsen\Documents\GitHubBF\PPI.SOC.FPGAv2.0-M2S060\component\Actel\DirectCore\CoreAPB3\4.1.100\rtl\vhdl\core\coreapb3.vhd|io:i|time:1500639526|size:78851|exec:0
file:C:\Users\gcallsen\Documents\GitHubBF\PPI.SOC.FPGAv2.0-M2S060\component\Actel\DirectCore\CoreAPB3\4.1.100\rtl\vhdl\core\components.vhd|io:i|time:1500639526|size:6172|exec:0
file:C:\Users\gcallsen\Documents\GitHubBF\PPI.SOC.FPGAv2.0-M2S060\component\work\m2s010_som\m2s010_som.vhd|io:i|time:1546018662|size:47712|exec:0
file:C:\Users\gcallsen\Documents\GitHubBF\PPI.SOC.FPGAv2.0-M2S060\synthesis\rev_coms_debug\synlog\m2s010_som_identify_db_generator.srr|io:o|time:1547999130|size:6855|exec:0
file:C:\Users\gcallsen\Documents\GitHubBF\PPI.SOC.FPGAv2.0-M2S060\synthesis\rev_coms_debug\identify.db|io:o|time:1547997379|size:786763|exec:0
file:C:\Microsemi\Libero_SoC_v11.8\SynplifyPro\bin\c_vhdl.exe|io:i|time:1479996440|size:2416640|exec:1
file:C:\Microsemi\Libero_SoC_v11.8\SynplifyPro\bin64\c_vhdl.exe|io:i|time:1479996692|size:3082752|exec:1
