Resource Usage Report for m2s010_som 

Mapping to part: m2s060tfcsbga325std
Cell usage:
CCC             2 uses
CLKINT          18 uses
MSS_060         1 use
MX2             2 uses
RCOSC_25_50MHZ  1 use
RCOSC_25_50MHZ_FAB  1 use
SYSRESET        1 use
XTLOSC          1 use
CFG1           26 uses
CFG2           315 uses
CFG3           257 uses
CFG4           506 uses

Carry cells:
ARI1            607 uses - used for arithmetic functions
ARI1            70 uses - used for Wide-Mux implementation
Total ARI1      677 uses


Sequential Cells: 
SLE            1645 uses

DSP Blocks:    0 of 72 (0%)

I/O ports: 126
I/O primitives: 122
BIBUF          43 uses
INBUF          25 uses
OUTBUF         50 uses
OUTBUF_DIFF    1 use
TRIBUFF        3 uses


Global Clock Buffers: 18 of 8 (225%)


Total LUTs:    1781

Extra resources required for RAM and MACC interface logic during P&R:

RAM64x18 Interface Logic : SLEs = 0; LUTs = 0;
RAM1K18  Interface Logic : SLEs = 180; LUTs = 180;
MACC     Interface Logic : SLEs = 0; LUTs = 0;

Total number of SLEs after P&R:  1645 + 0 + 180 + 0 = 1825;
Total number of LUTs after P&R:  1781 + 0 + 180 + 0 = 1961;

