Running in restricted mode: identify_job

Starting:    C:\Microsemi\Libero_SoC_v11.8\SynplifyPro\bin64\mbin\identify_instrumentor_shell.exe
Install:     C:\Microsemi\Libero_SoC_v11.8\SynplifyPro
Hostname:    GCALLSEN
Date:        Mon Jun 25 15:07:58 2018
Version:     L-2016.09M-2

Arguments:   -product identify_instrumentor -tsl KcoTFmge -af _CMD_.CML
ProductType: identify_instrumentor




Implementation not found: FPGA_PHY_IRAIL_DEBUG
*** Integrated Instrumentor ***
Added instrumentation 'rev_12' to the project
"design_flow" is unrecognized option for current device
Added instrumentation 'rev_coms_debug' to the project
"design_flow" is unrecognized option for current device
Warning: CommsFPGA_top.vhd(341): Process `bit_clock_gen' contains an inner conditional statement which is sensitive to a clock edge
Warning: No breakpoints will be detected in this process
Warning: CommsFPGA_top.vhd(355): Process `clock_gen' contains an inner conditional statement which is sensitive to a clock edge
Warning: No breakpoints will be detected in this process
Warning: MII_DataGen.vhd(95): Process `packet_length_incrementor_proc' contains an inner conditional statement which is sensitive to a clock edge
Warning: No breakpoints will be detected in this process
Warning: MII_DataCheck.vhd(84): Process `packet_length_incrementor_proc' contains an inner conditional statement which is sensitive to a clock edge
Warning: No breakpoints will be detected in this process
Warning: uP_if.vhd(161): Process `ready_delay_proc' contains an inner conditional statement which is sensitive to a clock edge
Warning: No breakpoints will be detected in this process
Warning: ManchesEncoder2.vhd(193): Process `collision_detect_clear_gen' contains an inner conditional statement which is sensitive to a clock edge
Warning: No breakpoints will be detected in this process
Warning: ManchesEncoder2.vhd(227): Process `jabber_detect_clear_gen' contains an inner conditional statement which is sensitive to a clock edge
Warning: No breakpoints will be detected in this process
Warning: mdio_slave_interface.vhd(178): Process `process_178' contains multiple clock-event conditions. No breakpoints will be detected in this process
Warning: mdio_slave_interface.vhd(192): Process `process_192' contains multiple clock-event conditions. No breakpoints will be detected in this process
Warning: mdio_slave_interface.vhd(206): Process `process_206' contains multiple clock-event conditions. No breakpoints will be detected in this process
Warning: coreresetp.vhd(1368): Process `process_1368' is sensitive to a clock edge, but contains multiple top-level conditional statements
Warning: No breakpoints will be detected in this process
Current design is m2s010_som
Loading instrumentation 'rev_coms_debug'
Source IDC file C:/Users/gcallsen/Documents/GitHubBF/PPI.SOC.FPGAv2.0-M2S060/synthesis/rev_coms_debug/identify.idc
Setting IICE sampler (sampledepth) to 8192 for IICE named 'IICE'(previous value: 128)
Error: '/rtl/CommsFPGA_top_0/behavioral/MANCHESTER_DECODER2_INST/v1/MANCHESTER_DECODER_ADAPTER_INST/v1/decoder_shiftreg': no such instance
Error: '/rtl/CommsFPGA_top_0/behavioral/MANCHESTER_DECODER2_INST/v1/MANCHESTER_DECODER_ADAPTER_INST/v1/decoder_transition': no such instance
Error: '/rtl/CommsFPGA_top_0/behavioral/MANCHESTER_DECODER2_INST/v1/MANCHESTER_DECODER_ADAPTER_INST/v1/decoder_transition_d': no such instance
Error: '/rtl/CommsFPGA_top_0/behavioral/MANCHESTER_DECODER2_INST/v1/MANCHESTER_DECODER_ADAPTER_INST/v1/manches_transition_d': no such instance
Setting IICE sampler (set IICE clock) to '/rtl/CommsFPGA_top_0/clk16x' for IICE named 'IICE' (previous value: '')
Instrumenting design `m2s010_som' in directory C:\Users\gcallsen\Documents\GitHubBF\PPI.SOC.FPGAv2.0-M2S060\synthesis\rev_coms_debug
The target device family is 'SmartFusion2' (and considered a ProAsic3-based family; hence we do care about UJTAG / UJTAG_WRAPPER instances).
The design does not contain a UJTAG_WRAPPER instance.
OK, the design does not contain a UJTAG instance.
Current instrumentation information: 	IICE=IICE 
		Total instrumentation in bits: Sample Only 0, Trigger Only 0, Sample and trigger 74
		Group wise instrumentation in bits: 
					Groupdefault:Sample Only 0, Sample and trigger 74

exit status=0
