********************************************************************
I/O Bank Report - Date: Fri Aug 03 15:02:21 2018
Product: Designer
Release: Libero SoC v11.8 SP2
Version: 11.8.2.4
Design Name: m2s010_som
Family: SmartFusion2
Die: M2S060T
Package: 325 FCSBGA
********************************************************************


I/O Function:

    Type                                  | w/o register  | w/ register  | w/ DDR register
    --------------------------------------|---------------|--------------|----------------
    Input I/O                             | 12            | 0            | 0
    Output I/O                            | 60            | 0            | 0
    Bidirectional I/O                     | 39            | 0            | 0
    Differential Input I/O Pairs          | 0             | 0            | 0
    Differential Output I/O Pairs         | 1             | 0            | 0

I/O Technology:

                                    |   Voltages    |             I/Os              
    --------------------------------|-------|-------|-------|--------|--------------
    I/O Standard(s)                 | Vddi  | Vref  | Input | Output | Bidirectional
    --------------------------------|-------|-------|-------|--------|--------------
    LVCMOS33                        | 3.30v | N/A   | 11    | 33     | 19           
    LVCMOS18                        | 1.80v | N/A   | 1     | 27     | 20           
    LPDDRI (Output)                 | 1.80v | N/A   | 0     | 2      | 0            

I/O Bank Resource Usage:

          |   Voltages    | Single I/Os  | Diff I/O Pairs |        Vref I/Os        |  Type   
          |-------|-------|------|-------|-------|--------|------|-------|----------|---------
          | Vddi  | Vref  | Used | Total | Used  | Total  | Used | Total | Vref Pins|         
    ------|-------|-------|------|-------|-------|--------|------|-------|----------|---------
    Bank0 | N/A   | N/A   | 0    | 0     | 0     | 0      | N/A  | N/A   | N/A      | MSIO    
    Bank1 | 1.80v | N/A   | 48   | 64    | 1     | 32     | N/A  | N/A   | N/A      | DDRIO   
    Bank2 | 3.30v | N/A   | 10   | 10    | 0     | 5      | N/A  | N/A   | N/A      | MSIO    
    Bank3 | 3.30v | N/A   | 8    | 12    | 0     | 6      | N/A  | N/A   | N/A      | MSIO    
    Bank4 | 3.30v | N/A   | 24   | 32    | 0     | 16     | N/A  | N/A   | N/A      | MSIO    
    Bank5 | N/A   | N/A   | 0    | 0     | 0     | 0      | N/A  | N/A   | N/A      | JTAG    
    Bank6 | 3.30v | N/A   | 4    | 24    | 0     | 12     | N/A  | N/A   | N/A      | MSIO    
    Bank7 | N/A   | N/A   | 0    | 4     | 0     | 2      | N/A  | N/A   | N/A      | MSIOD   
    Bank8 | N/A   | N/A   | 0    | 18    | 0     | 9      | N/A  | N/A   | N/A      | MSIOD   
    Bank9 | 3.30v | N/A   | 17   | 36    | 0     | 18     | N/A  | N/A   | N/A      | MSIO    


I/O Voltage Usage:

       Voltages    |     I/Os     
    -------|-------|------|-------
     Vddi  | Vref  | Used | Total 
    -------|-------|------|-------
     1.80v | N/A   | 50   | 64    
     3.30v | N/A   | 63   | 114   

