Resource Usage Report for m2s010_som 

Mapping to part: m2s010fbga484std
Cell usage:
CCC             2 uses
CLKINT          20 uses
INV             4 uses
MSS_010         1 use
RCOSC_25_50MHZ  1 use
RCOSC_25_50MHZ_FAB  1 use
SYSRESET        1 use
UJTAG           1 use
XTLOSC          1 use
CFG1           24 uses
CFG2           224 uses
CFG3           348 uses
CFG4           664 uses

Carry cells:
ARI1            320 uses - used for arithmetic functions
ARI1            76 uses - used for Wide-Mux implementation
Total ARI1      396 uses


Sequential Cells: 
SLE            1628 uses

DSP Blocks:    0 of 22 (0%)

I/O ports: 116
I/O primitives: 107
BIBUF          30 uses
INBUF          27 uses
OUTBUF         45 uses
OUTBUF_DIFF    1 use
TRIBUFF        4 uses


Global Clock Buffers: 20 of 8 (250%)


Total LUTs:    1656

Extra resources required for RAM and MACC interface logic during P&R:

RAM64x18 Interface Logic : SLEs = 36; LUTs = 36;
RAM1K18  Interface Logic : SLEs = 540; LUTs = 540;
MACC     Interface Logic : SLEs = 0; LUTs = 0;

Total number of SLEs after P&R:  1628 + 36 + 540 + 0 = 2204;
Total number of LUTs after P&R:  1656 + 36 + 540 + 0 = 2232;

