

@S |Clock Optimization Summary


#### START OF CLOCK OPTIMIZATION REPORT #####[

Clock optimization not enabled
5 non-gated/non-generated clock tree(s) driving 1112 clock pin(s) of sequential element(s)
17 gated/generated clock tree(s) driving 2284 clock pin(s) of sequential element(s)
0 instances converted, 2284 sequential instances remain driven by gated/generated clocks

====================================================================== Non-Gated/Non-Generated Clocks ======================================================================
Clock Tree ID     Driving Element                                       Drive Element Type              Fanout     Sample Instance                                          
----------------------------------------------------------------------------------------------------------------------------------------------------------------------------
@K:CKID0018       ident_coreinst.comm_block_INST.jtagi.b9_Rcmi_KsDw     UJTAG                           1101       ident_coreinst.comm_block_INST.b9_ORb_xNywD.b3_ORb[1]    
@K:CKID0019       MAC_MII_TX_CLK                                        port                            1          m2s010_som_sb_0.m2s010_som_sb_MSS_0.MSS_ADLIB_INST       
@K:CKID0020       m2s010_som_sb_0.CAM_SPI_1_CLK.U0_0                    BIBUF                           1          m2s010_som_sb_0.m2s010_som_sb_MSS_0.MSS_ADLIB_INST       
@K:CKID0021       MAC_MII_RX_CLK                                        port                            1          m2s010_som_sb_0.m2s010_som_sb_MSS_0.MSS_ADLIB_INST       
@K:CKID0022       ident_coreinst.comm_block_INST.dr2_tck_keep           clock definition on keepbuf     8          ident_coreinst.comm_block_INST.b7_Rcmi_ql.b9_OvyH3_saL[7]
============================================================================================================================================================================
============================================================================================================================================ Gated/Generated Clocks =============================================================================================================================================
Clock Tree ID     Driving Element                                                                           Drive Element Type     Fanout     Sample Instance                                                                                         Explanation                                                
-----------------------------------------------------------------------------------------------------------------------------------------------------------------------------------------------------------------------------------------------------------------------------------------------------------------
@K:CKID0001       CommsFPGA_top_0.PROCESSOR_INTERFACE_INST.APB3_RDATA_31_sqmuxa_i                           CFG4                   8          CommsFPGA_top_0.PROCESSOR_INTERFACE_INST.APB3_RDATA[0]                                                  No gated clock conversion method for cell cell:ACG4.SLE    
@K:CKID0002       CommsFPGA_top_0.RESET                                                                     CFG2                   3          CommsFPGA_top_0.TRIPLE_DEBOUNCE_INST.DEBOUNCE_2_INST.DEBOUNCE_PROC.un3_debounce_in_rs                   No gated clock conversion method for cell cell:ACG4.SLE    
@K:CKID0003       CommsFPGA_CCC_0.CCC_INST                                                                  CCC                    1077       CommsFPGA_top_0.RX_FIFO_RST                                                                             No gated clock conversion method for cell cell:ACG4.SLE    
@K:CKID0004       m2s010_som_sb_0.CCC_0.CCC_INST                                                            CCC                    801        long_reset_set                                                                                          No gated clock conversion method for cell cell:ACG4.SLE    
@K:CKID0005       CommsFPGA_top_0.BIT_CLK                                                                   SLE                    263        CommsFPGA_top_0.long_reset                                                                              No gated clock conversion method for cell cell:ACG4.SLE    
@K:CKID0006       m2s010_som_sb_0.m2s010_som_sb_MSS_0.MSS_ADLIB_INST                                        MSS_060                75         m2s010_som_sb_0.m2s010_som_sb_MSS_0.MSS_ADLIB_INST                                                      No gated clock conversion method for cell cell:work.MSS_060
@K:CKID0007       m2s010_som_sb_0.FABOSC_0.I_RCOSC_25_50MHZ                                                 RCOSC_25_50MHZ         20         m2s010_som_sb_0.CORERESETP_0.count_ddr[13]                                                              No gated clock conversion method for cell cell:ACG4.SLE    
@K:CKID0008       CommsFPGA_CCC_0.CCC_INST                                                                  CCC                    4          CommsFPGA_top_0.BIT_CLK                                                                                 No gated clock conversion method for cell cell:ACG4.SLE    
@K:CKID0009       CommsFPGA_top_0.FIFOS_INST.TRANSMIT_FIFO.FIFO_2Kx8_0.L31.U_corefifo_async.underflow_r     SLE                    1          CommsFPGA_top_0.PROCESSOR_INTERFACE_INST.INTERRUPT_INST.TX_PACKET_COMPLETE_INTR.un2_apb3_reset_rs       No gated clock conversion method for cell cell:ACG4.SLE    
@K:CKID0010       CommsFPGA_top_0.FIFOS_INST.TRANSMIT_FIFO.FIFO_2Kx8_0.L31.U_corefifo_async.overflow_r      SLE                    1          CommsFPGA_top_0.PROCESSOR_INTERFACE_INST.INTERRUPT_INST.TX_PACKET_COMPLETE_INTR.un2_apb3_reset_rs_0     No gated clock conversion method for cell cell:ACG4.SLE    
@K:CKID0011       CommsFPGA_top_0.FIFOS_INST.RX_FIFO_UNDERRUN_3_0_0_wmux_0                                  ARI1                   1          CommsFPGA_top_0.PROCESSOR_INTERFACE_INST.INTERRUPT_INST.TX_PACKET_COMPLETE_INTR.un2_apb3_reset_rs_1     No gated clock conversion method for cell cell:ACG4.SLE    
@K:CKID0012       CommsFPGA_top_0.FIFOS_INST.RX_FIFO_OVERFLOW_3_0_0_wmux_0                                  ARI1                   1          CommsFPGA_top_0.PROCESSOR_INTERFACE_INST.INTERRUPT_INST.TX_PACKET_COMPLETE_INTR.un2_apb3_reset_rs_2     No gated clock conversion method for cell cell:ACG4.SLE    
@K:CKID0013       CommsFPGA_top_0.MANCHESTER_DECODER_INST.ReadFIFO_Write_SM_PROC.rx_CRC_error               SLE                    1          CommsFPGA_top_0.PROCESSOR_INTERFACE_INST.INTERRUPT_INST.TX_PACKET_COMPLETE_INTR.un2_apb3_reset_rs_3     No gated clock conversion method for cell cell:ACG4.SLE    
@K:CKID0014       CommsFPGA_top_0.long_reset                                                                SLE                    1          CommsFPGA_top_0.PROCESSOR_INTERFACE_INST.READY_DELAY_PROC.un5_apb3_rst_rs                               No gated clock conversion method for cell cell:ACG4.SLE    
@K:CKID0015       ident_coreinst.comm_block_INST.jtagi.b9_nv_oQwfYF_3_0_a2                                  CFG4                   18         ident_coreinst.IICE_INST.b5_nUTGT.b11_nUTGT_khWqH.genblk3.b8_vABZ3qsY                                   No gated clock conversion method for cell cell:ACG4.SLE    
@K:CKID0016       ident_coreinst.comm_block_INST.jtagi.b10_8Kz_rKlrtX_RNO                                   CFG2                   8          ident_coreinst.comm_block_INST.b7_Rcmi_ql.genblk1.b10_dZst39_EF3[4]                                     No gated clock conversion method for cell cell:ACG4.SLE    
@K:CKID0017       CommsFPGA_top_0.PROCESSOR_INTERFACE_INST.INTERRUPT_INST.tx_packet_complt_toClk16x         CFG2                   1          CommsFPGA_top_0.PROCESSOR_INTERFACE_INST.INTERRUPT_INST.TX_PACKET_COMPLETE_INTR.un6_apb3_reset_rs       No gated clock conversion method for cell cell:ACG4.SLE    
=================================================================================================================================================================================================================================================================================================================


##### END OF CLOCK OPTIMIZATION REPORT ######]

