Resource Usage Report for m2s010_som 

Mapping to part: m2s060tfcsbga325std
Cell usage:
CCC             2 uses
CLKINT          22 uses
MSS_060         1 use
MX2             2 uses
RCOSC_25_50MHZ  1 use
RCOSC_25_50MHZ_FAB  1 use
SYSRESET        1 use
UJTAG           1 use
XTLOSC          1 use
CFG1           46 uses
CFG2           395 uses
CFG3           541 uses
CFG4           1536 uses

Carry cells:
ARI1            680 uses - used for arithmetic functions
ARI1            115 uses - used for Wide-Mux implementation
Total ARI1      795 uses


Sequential Cells: 
SLE            3265 uses

DSP Blocks:    0 of 72 (0%)

I/O ports: 131
I/O primitives: 122
BIBUF          43 uses
INBUF          25 uses
OUTBUF         50 uses
OUTBUF_DIFF    1 use
TRIBUFF        3 uses


Global Clock Buffers: 22 of 8 (275%)


Total LUTs:    3313

Extra resources required for RAM and MACC interface logic during P&R:

RAM64x18 Interface Logic : SLEs = 0; LUTs = 0;
RAM1K18  Interface Logic : SLEs = 2268; LUTs = 2268;
MACC     Interface Logic : SLEs = 0; LUTs = 0;

Total number of SLEs after P&R:  3265 + 0 + 2268 + 0 = 5533;
Total number of LUTs after P&R:  3313 + 0 + 2268 + 0 = 5581;

