Resource Usage Report for m2s010_som 

Mapping to part: m2s060tfcsbga325std
Cell usage:
CCC             2 uses
CLKINT          20 uses
MSS_060         1 use
MX2             2 uses
RCOSC_25_50MHZ  1 use
RCOSC_25_50MHZ_FAB  1 use
SYSRESET        1 use
UJTAG           1 use
XTLOSC          1 use
CFG1           40 uses
CFG2           374 uses
CFG3           432 uses
CFG4           865 uses

Carry primitives used for arithmetic functions:
ARI1           398 uses


Sequential Cells: 
SLE            2113 uses

DSP Blocks:    0

I/O ports: 131
I/O primitives: 122
BIBUF          42 uses
INBUF          25 uses
OUTBUF         51 uses
OUTBUF_DIFF    1 use
TRIBUFF        3 uses


Global Clock Buffers: 20


Total LUTs:    2109

Extra resources required for RAM and MACC interface logic during P&R:

RAM64x18 Interface Logic : SLEs = 0; LUTs = 0;
RAM1K18  Interface Logic : SLEs = 432; LUTs = 432;
MACC     Interface Logic : SLEs = 0; LUTs = 0;

Total number of SLEs after P&R:  2113 + 0 + 432 + 0 = 2545;
Total number of LUTs after P&R:  2109 + 0 + 432 + 0 = 2541;

